Log file open, 11/06/18 12:36:09
LogWindows: Failed to load 'aqProf.dll' (GetLastError=126)
LogWindows: File 'aqProf.dll' does not exist
LogWindows: Failed to load 'VtuneApi.dll' (GetLastError=126)
LogWindows: File 'VtuneApi.dll' does not exist
LogWindows: Failed to load 'VtuneApi32e.dll' (GetLastError=126)
LogWindows: File 'VtuneApi32e.dll' does not exist
LogInit: Display: Running engine for game: UnrealStealth
LogPlatformFile: Not using cached read wrapper
LogTaskGraph: Started task graph with 5 named threads and 23 total threads with 3 sets of task threads.
LogStats: Stats thread started at 0.302573
LogD3D11RHI: Loaded GFSDK_Aftermath_Lib.x64.dll
LogICUInternationalization: Display: ICU TimeZone Detection - Raw Offset: +12:00, Platform Override: ''
LogPluginManager: Mounting plugin Paper2D
LogPluginManager: Mounting plugin AISupport
LogPluginManager: Mounting plugin LightPropagationVolume
LogPluginManager: Mounting plugin CLionSourceCodeAccess
LogPluginManager: Mounting plugin CodeLiteSourceCodeAccess
LogPluginManager: Mounting plugin GitSourceControl
LogPluginManager: Mounting plugin KDevelopSourceCodeAccess
LogPluginManager: Mounting plugin NullSourceCodeAccess
LogPluginManager: Mounting plugin PerforceSourceControl
LogPluginManager: Mounting plugin SubversionSourceControl
LogPluginManager: Mounting plugin UObjectPlugin
LogPluginManager: Mounting plugin VisualStudioCodeSourceCodeAccess
LogPluginManager: Mounting plugin VisualStudioSourceCodeAccess
LogPluginManager: Mounting plugin XCodeSourceCodeAccess
LogPluginManager: Mounting plugin AssetManagerEditor
LogPluginManager: Mounting plugin CryptoKeys
LogPluginManager: Mounting plugin DataValidation
LogPluginManager: Mounting plugin FacialAnimation
LogPluginManager: Mounting plugin GameplayTagsEditor
LogPluginManager: Mounting plugin MacGraphicsSwitching
LogPluginManager: Mounting plugin MeshEditor
LogPluginManager: Mounting plugin MobileLauncherProfileWizard
LogPluginManager: Mounting plugin PluginBrowser
LogPluginManager: Mounting plugin SpeedTreeImporter
LogPluginManager: Mounting plugin DatasmithContent
LogPluginManager: Mounting plugin AlembicImporter
LogPluginManager: Mounting plugin AppleImageUtils
LogPluginManager: Mounting plugin AppleVision
LogPluginManager: Mounting plugin BackChannel
LogPluginManager: Mounting plugin CharacterAI
LogPluginManager: Mounting plugin GeometryCache
LogPluginManager: Mounting plugin HTML5Networking
LogPluginManager: Mounting plugin ProxyLODPlugin
LogPluginManager: Mounting plugin MagicLeap
LogPluginManager: Mounting plugin MagicLeapEmulator
LogPluginManager: Mounting plugin MagicLeapMedia
LogPluginManager: Mounting plugin AndroidMedia
LogPluginManager: Mounting plugin AvfMedia
LogPluginManager: Mounting plugin ImgMedia
LogPluginManager: Mounting plugin LinearTimecode
LogPluginManager: Mounting plugin MediaCompositing
LogPluginManager: Mounting plugin MediaPlayerEditor
LogPluginManager: Mounting plugin WmfMedia
LogPluginManager: Mounting plugin TcpMessaging
LogPluginManager: Mounting plugin UdpMessaging
LogPluginManager: Mounting plugin ActorSequence
LogPluginManager: Mounting plugin LevelSequenceEditor
LogPluginManager: Mounting plugin MatineeToLevelSequence
LogPluginManager: Mounting plugin NetcodeUnitTest
LogPluginManager: Mounting plugin NUTUnrealEngine4
LogPluginManager: Mounting plugin OnlineSubsystemGooglePlay
LogPluginManager: Mounting plugin OnlineSubsystemIOS
LogPluginManager: Mounting plugin OnlineSubsystem
LogPluginManager: Mounting plugin OnlineSubsystemNull
LogPluginManager: Mounting plugin OnlineSubsystemUtils
LogPluginManager: Mounting plugin LauncherChunkInstaller
LogPluginManager: Mounting plugin AndroidDeviceProfileSelector
LogPluginManager: Mounting plugin AndroidMoviePlayer
LogPluginManager: Mounting plugin AndroidPermission
LogPluginManager: Mounting plugin AppleMoviePlayer
LogPluginManager: Mounting plugin ArchVisCharacter
LogPluginManager: Mounting plugin AudioCapture
LogPluginManager: Mounting plugin CableComponent
LogPluginManager: Mounting plugin CustomMeshComponent
LogPluginManager: Mounting plugin EditableMesh
LogPluginManager: Mounting plugin ExampleDeviceProfileSelector
LogPluginManager: Mounting plugin GoogleCloudMessaging
LogPluginManager: Mounting plugin ImmediatePhysics
LogPluginManager: Mounting plugin IOSDeviceProfileSelector
LogPluginManager: Mounting plugin LinuxDeviceProfileSelector
LogPluginManager: Mounting plugin LocationServicesBPLibrary
LogPluginManager: Mounting plugin MobilePatchingUtils
LogPluginManager: Mounting plugin OculusVR
LogPluginManager: Plugin shader directory ../../../Engine/Plugins/Runtime/Oculus/OculusVR/Shaders found
LogPluginManager: Mapping shader source directory ../../../Engine/Plugins/Runtime/Oculus/OculusVR/Shaders to virtual directory /Plugin/OculusVR
LogPluginManager: Mounting plugin PhysXVehicles
LogPluginManager: Mounting plugin ProceduralMeshComponent
LogPluginManager: Mounting plugin RuntimePhysXCooking
LogPluginManager: Mounting plugin SteamVR
LogPluginManager: Mounting plugin WindowsMoviePlayer
LogStreaming: Display: Took  0.115s to configure plugins.
LogInit: Using libcurl 7.55.1-DEV
LogInit:  - built for x86_64-pc-win32
LogInit:  - supports SSL with OpenSSL/1.0.2h
LogInit:  - supports HTTP deflate (compression) using libz 1.2.8
LogInit:  - other features:
LogInit:      CURL_VERSION_SSL
LogInit:      CURL_VERSION_LIBZ
LogInit:      CURL_VERSION_IPV6
LogInit:      CURL_VERSION_ASYNCHDNS
LogInit:      CURL_VERSION_LARGEFILE
LogInit:      CURL_VERSION_IDN
LogInit:  CurlRequestOptions (configurable via config and command line):
LogInit:  - bVerifyPeer = false  - Libcurl will NOT verify peer certificate
LogInit:  - bUseHttpProxy = false  - Libcurl will NOT use HTTP proxy
LogInit:  - bDontReuseConnections = false  - Libcurl will reuse connections
LogInit:  - CertBundlePath = nullptr  - Libcurl will use whatever was configured at build time.
LogInit:  - MaxHostConnections = 16  - Libcurl will limit the number of connections to a host
LogInit:  - LocalHostAddr = Default
LogInit:  - BufferSize = 65536
LogInit: WinSock: version 1.1 (2.2), MaxSocks=32767, MaxUdp=65467
LogInit: Build: ++UE4+Release-4.20-CL-4233996
LogInit: Engine Version: 4.20.1-4233996+++UE4+Release-4.20
LogInit: Compatible Engine Version: 4.20.0-4212847+++UE4+Release-4.20
LogInit: Net CL: 4212847
LogInit: OS: Windows 10 (), CPU: Intel(R) Core(TM) i7-6700HQ CPU @ 2.60GHz, GPU: Intel(R) HD Graphics 530
LogInit: Compiled (64-bit): Jul 26 2018 10:07:30
LogInit: Compiled with Visual C++: 19.13.26129.00
LogInit: Build Configuration: Development
LogInit: Branch Name: ++UE4+Release-4.20
LogInit: Command Line: 
LogInit: Base Directory: C:/Program Files/Epic Games/UE_4.20/Engine/Binaries/Win64/
LogInit: Installed Engine Build: 1
LogDevObjectVersion: Number of dev versions registered: 20
LogDevObjectVersion:   Dev-Blueprints (B0D832E4-1F89-4F0D-ACCF-7EB736FD4AA2): 10
LogDevObjectVersion:   Dev-Build (E1C64328-A22C-4D53-A36C-8E866417BD8C): 0
LogDevObjectVersion:   Dev-Core (375EC13C-06E4-48FB-B500-84F0262A717E): 2
LogDevObjectVersion:   Dev-Editor (E4B068ED-F494-42E9-A231-DA0B2E46BB41): 24
LogDevObjectVersion:   Dev-Framework (CFFC743F-43B0-4480-9391-14DF171D2073): 34
LogDevObjectVersion:   Dev-Mobile (B02B49B5-BB20-44E9-A304-32B752E40360): 2
LogDevObjectVersion:   Dev-Networking (A4E4105C-59A1-49B5-A7C5-40C4547EDFEE): 0
LogDevObjectVersion:   Dev-Online (39C831C9-5AE6-47DC-9A44-9C173E1C8E7C): 0
LogDevObjectVersion:   Dev-Physics (78F01B33-EBEA-4F98-B9B4-84EACCB95AA2): 0
LogDevObjectVersion:   Dev-Platform (6631380F-2D4D-43E0-8009-CF276956A95A): 0
LogDevObjectVersion:   Dev-Rendering (12F88B9F-8875-4AFC-A67C-D90C383ABD29): 26
LogDevObjectVersion:   Dev-Sequencer (7B5AE74C-D270-4C10-A958-57980B212A5A): 9
LogDevObjectVersion:   Dev-VR (D7296918-1DD6-4BDD-9DE2-64A83CC13884): 2
LogDevObjectVersion:   Dev-LoadTimes (C2A15278-BFE7-4AFE-6C17-90FF531DF755): 1
LogDevObjectVersion:   Private-Geometry (6EACA3D4-40EC-4CC1-B786-8BED09428FC5): 3
LogDevObjectVersion:   Dev-AnimPhys (29E575DD-E0A3-4627-9D10-D276232CDCEA): 17
LogDevObjectVersion:   Dev-ReflectionCapture (6B266CEC-1EC7-4B8F-A30B-E4D90942FC07): 1
LogDevObjectVersion:   Dev-Automation (0DF73D61-A23F-47EA-B727-89E90C41499A): 1
LogDevObjectVersion:   FortniteMain (601D1886-AC64-4F84-AA16-D3DE0DEAC7D6): 12
LogDevObjectVersion:   Dev-Enterprise (9DFFBCD6-494F-0158-E221-12823C92A888): 1
LogStreaming: Display: Took  0.000s to delete old logs.
LogInit: Presizing for max 8388607 objects, including 0 objects not considered by GC, pre-allocating 0 bytes for permanent pool.
LogInit: Object subsystem initialized
[2018.11.05-23.36.10:116][  0]LogInit: Selected Device Profile: [Windows]
[2018.11.05-23.36.10:116][  0]LogInit: Applying CVar settings loaded from the selected device profile: [Windows]
[2018.11.05-23.36.10:125][  0]LogHAL: Display: Platform has ~ 16 GB [17079529472 / 17179869184 / 16], which maps to Larger [LargestMinGB=32, LargerMinGB=12, DefaultMinGB=8, SmallerMinGB=6, SmallestMinGB=0)
[2018.11.05-23.36.10:125][  0]LogInit: Setting Device Profile CVar: [[r.Vulkan.UseRealUBs:1]]
[2018.11.05-23.36.10:125][  0]LogInit: Going up to parent DeviceProfile []
[2018.11.05-23.36.10:126][  0]LogInit: Computer: A00696
[2018.11.05-23.36.10:126][  0]LogInit: User: RanjuRaveendran
[2018.11.05-23.36.10:126][  0]LogInit: CPU Page size=4096, Cores=4
[2018.11.05-23.36.10:126][  0]LogInit: High frequency timer resolution =2.531247 MHz
[2018.11.05-23.36.10:126][  0]LogMemory: Memory total: Physical=15.9GB (16GB approx)
[2018.11.05-23.36.10:126][  0]LogMemory: Platform Memory Stats for Windows
[2018.11.05-23.36.10:126][  0]LogMemory: Process Physical Memory: 100.84 MB used, 100.84 MB peak
[2018.11.05-23.36.10:126][  0]LogMemory: Process Virtual Memory: 90.92 MB used, 90.92 MB peak
[2018.11.05-23.36.10:126][  0]LogMemory: Physical Memory: 6809.63 MB used,  9478.68 MB free, 16288.31 MB total
[2018.11.05-23.36.10:126][  0]LogMemory: Virtual Memory: 542.77 MB used,  9478.68 MB free, 134217728.00 MB total
[2018.11.05-23.36.10:152][  0]LogInit: Using OS detected language (en-US).
[2018.11.05-23.36.10:152][  0]LogInit: Using OS detected locale (en-NZ).
[2018.11.05-23.36.10:153][  0]LogTextLocalizationManager: No specific localization for 'en-US' exists, so the 'en' localization will be used.
[2018.11.05-23.36.10:589][  0]LogStreaming: Display: Took  0.437s to InitEngineTextLocalization.
[2018.11.05-23.36.10:590][  0]LogInit: Setting process to per monitor DPI aware
[2018.11.05-23.36.10:634][  0]LogSlate: New Slate User Created.  User Index 0, Is Virtual User: 0
[2018.11.05-23.36.10:634][  0]LogSlate: Slate User Registered.  User Index 0, Is Virtual User: 0
[2018.11.05-23.36.11:038][  0]LogHMD: Failed to initialize OpenVR with code 110
[2018.11.05-23.36.11:038][  0]LogD3D11RHI: D3D11 adapters:
[2018.11.05-23.36.11:090][  0]LogD3D11RHI:    0. 'NVIDIA GeForce GTX 960M' (Feature Level 11_0)
[2018.11.05-23.36.11:090][  0]LogD3D11RHI:       4065/0/8144 MB DedicatedVideo/DedicatedSystem/SharedSystem, Outputs:2, VendorId:0x10de
[2018.11.05-23.36.11:102][  0]LogD3D11RHI:    1. 'Intel(R) HD Graphics 530' (Feature Level 11_0)
[2018.11.05-23.36.11:103][  0]LogD3D11RHI:       128/0/8144 MB DedicatedVideo/DedicatedSystem/SharedSystem, Outputs:0, VendorId:0x8086
[2018.11.05-23.36.11:106][  0]LogD3D11RHI:    2. 'Microsoft Basic Render Driver' (Feature Level 11_0)
[2018.11.05-23.36.11:106][  0]LogD3D11RHI:       0/0/8144 MB DedicatedVideo/DedicatedSystem/SharedSystem, Outputs:0, VendorId:0x1414
[2018.11.05-23.36.11:106][  0]LogD3D11RHI: Chosen D3D11 Adapter: 0
[2018.11.05-23.36.11:112][  0]LogD3D11RHI: Creating new Direct3DDevice
[2018.11.05-23.36.11:112][  0]LogD3D11RHI:     GPU DeviceId: 0x139b (for the marketing name, search the web for "GPU Device Id")
[2018.11.05-23.36.11:112][  0]LogWindows: EnumDisplayDevices:
[2018.11.05-23.36.11:112][  0]LogWindows:    0. 'Intel(R) HD Graphics 530' (P:1 D:1)
[2018.11.05-23.36.11:112][  0]LogWindows:    1. 'Intel(R) HD Graphics 530' (P:0 D:1)
[2018.11.05-23.36.11:112][  0]LogWindows:    2. 'Intel(R) HD Graphics 530' (P:0 D:0)
[2018.11.05-23.36.11:112][  0]LogWindows: DebugString: PrimaryIsNotTheChoosenAdapter PrimaryIsNotTheChoosenAdapter PrimaryIsNotTheChoosenAdapter FoundDriverCount:0 
[2018.11.05-23.36.11:112][  0]LogD3D11RHI:     Adapter Name: NVIDIA GeForce GTX 960M
[2018.11.05-23.36.11:112][  0]LogD3D11RHI:   Driver Version: Unknown (internal:Unknown, unified:Unknown)
[2018.11.05-23.36.11:112][  0]LogD3D11RHI:      Driver Date: Unknown
[2018.11.05-23.36.11:112][  0]LogRHI: Texture pool is 2846 MB (70% of 4065 MB)
[2018.11.05-23.36.11:149][  0]LogD3D11RHI: Async texture creation enabled
[2018.11.05-23.36.11:172][  0]LogD3D11RHI: GPU Timing Frequency: 1000.000000 (Debug: 2 2)
[2018.11.05-23.36.11:173][  0]LogShaderCompilers: Guid format shader working directory is 20 characters bigger than the processId version (D:/Unreal/OperationSTP/UnrealStealth/Intermediate/Shaders/WorkingDirectory/10328/).
[2018.11.05-23.36.11:173][  0]LogShaderCompilers: Cleaned the shader compiler working directory 'C:/Users/ranju.raveendran/AppData/Local/Temp/UnrealShaderWorkingDir/FC46936742CD9708917F0AB953FA49D9/'.
[2018.11.05-23.36.11:500][  0]LogTemp: Display: Loaded TP AllDesktopTargetPlatform
[2018.11.05-23.36.11:517][  0]LogTemp: Display: Loaded TP MacClientTargetPlatform
[2018.11.05-23.36.11:534][  0]LogTemp: Display: Loaded TP MacNoEditorTargetPlatform
[2018.11.05-23.36.11:551][  0]LogTemp: Display: Loaded TP MacServerTargetPlatform
[2018.11.05-23.36.11:568][  0]LogTemp: Display: Loaded TP MacTargetPlatform
[2018.11.05-23.36.11:584][  0]LogTemp: Display: Loaded TP WindowsClientTargetPlatform
[2018.11.05-23.36.11:602][  0]LogTemp: Display: Loaded TP WindowsNoEditorTargetPlatform
[2018.11.05-23.36.11:618][  0]LogTemp: Display: Loaded TP WindowsServerTargetPlatform
[2018.11.05-23.36.11:627][  0]LogTemp: Display: Loaded TP WindowsTargetPlatform
[2018.11.05-23.36.11:726][  0]LogTemp: Display: Loaded TP AndroidTargetPlatform
[2018.11.05-23.36.11:726][  0]LogTemp: Display: Loaded TP AndroidTargetPlatform
[2018.11.05-23.36.11:726][  0]LogTemp: Display: Loaded TP AndroidTargetPlatform
[2018.11.05-23.36.11:726][  0]LogTemp: Display: Loaded TP AndroidTargetPlatform
[2018.11.05-23.36.11:726][  0]LogTemp: Display: Loaded TP AndroidTargetPlatform
[2018.11.05-23.36.11:726][  0]LogTemp: Display: Loaded TP AndroidTargetPlatform
[2018.11.05-23.36.11:726][  0]LogTemp: Display: Loaded TP AndroidTargetPlatform
[2018.11.05-23.36.11:726][  0]LogTemp: Display: Loaded TP AndroidTargetPlatform
[2018.11.05-23.36.11:726][  0]LogTemp: Display: Loaded TP AndroidTargetPlatform
[2018.11.05-23.36.11:726][  0]LogTemp: Display: Loaded TP AndroidTargetPlatform
[2018.11.05-23.36.11:726][  0]LogTemp: Display: Loaded TP AndroidTargetPlatform
[2018.11.05-23.36.11:726][  0]LogTemp: Display: Loaded TP AndroidTargetPlatform
[2018.11.05-23.36.11:726][  0]LogTemp: Display: Loaded TP AndroidTargetPlatform
[2018.11.05-23.36.11:726][  0]LogTemp: Display: Loaded TP AndroidTargetPlatform
[2018.11.05-23.36.11:726][  0]LogTemp: Display: Loaded TP AndroidTargetPlatform
[2018.11.05-23.36.11:726][  0]LogTemp: Display: Loaded TP AndroidTargetPlatform
[2018.11.05-23.36.11:726][  0]LogTemp: Display: Loaded TP AndroidTargetPlatform
[2018.11.05-23.36.11:726][  0]LogTemp: Display: Loaded TP AndroidTargetPlatform
[2018.11.05-23.36.11:729][  0]LogTemp: Display: Loaded TP HTML5TargetPlatform
[2018.11.05-23.36.11:796][  0]LogTemp: Display: Loaded TP IOSTargetPlatform
[2018.11.05-23.36.11:796][  0]LogTemp: Display: Loaded TP IOSTargetPlatform
[2018.11.05-23.36.11:823][  0]LogTemp: Display: Loaded TP TVOSTargetPlatform
[2018.11.05-23.36.11:823][  0]LogTemp: Display: Loaded TP TVOSTargetPlatform
[2018.11.05-23.36.11:839][  0]LogTemp: Display: Loaded TP LinuxClientTargetPlatform
[2018.11.05-23.36.11:857][  0]LogTemp: Display: Loaded TP LinuxNoEditorTargetPlatform
[2018.11.05-23.36.11:872][  0]LogTemp: Display: Loaded TP LinuxServerTargetPlatform
[2018.11.05-23.36.11:891][  0]LogTemp: Display: Loaded TP LinuxTargetPlatform
[2018.11.05-23.36.11:904][  0]LogTemp: Display: Loaded TP LuminTargetPlatform
[2018.11.05-23.36.11:904][  0]LogTargetPlatformManager: Display: Building Assets For Windows
[2018.11.05-23.36.12:007][  0]LogXGEController: Cannot use XGE Controller as Incredibuild is not installed on this machine.
[2018.11.05-23.36.12:007][  0]LogShaderCompilers: Cannot use XGE Shader Compiler as Incredibuild is not installed on this machine.
[2018.11.05-23.36.12:007][  0]LogShaderCompilers: Display: Using Local Shader Compiler.
[2018.11.05-23.36.13:060][  0]LogDerivedDataCache: Display: Max Cache Size: 512 MB
[2018.11.05-23.36.13:121][  0]LogDerivedDataCache: Loaded boot cache 0.06s 71MB C:/Users/ranju.raveendran/AppData/Local/UnrealEngine/4.20/DerivedDataCache/Boot.ddc.
[2018.11.05-23.36.13:122][  0]LogDerivedDataCache: Display: Loaded Boot cache: C:/Users/ranju.raveendran/AppData/Local/UnrealEngine/4.20/DerivedDataCache/Boot.ddc
[2018.11.05-23.36.13:122][  0]LogDerivedDataCache: FDerivedDataBackendGraph:  Pak pak cache file D:/Unreal/OperationSTP/UnrealStealth/DerivedDataCache/DDC.ddp not found, will not use a pak cache.
[2018.11.05-23.36.13:122][  0]LogDerivedDataCache: Unable to find inner node Pak for hierarchical cache Hierarchy.
[2018.11.05-23.36.13:122][  0]LogDerivedDataCache: FDerivedDataBackendGraph:  CompressedPak pak cache file D:/Unreal/OperationSTP/UnrealStealth/DerivedDataCache/Compressed.ddp not found, will not use a pak cache.
[2018.11.05-23.36.13:122][  0]LogDerivedDataCache: Unable to find inner node CompressedPak for hierarchical cache Hierarchy.
[2018.11.05-23.36.13:137][  0]LogDerivedDataCache: Display: Pak cache opened for reading ../../../Engine/DerivedDataCache/Compressed.ddp.
[2018.11.05-23.36.13:151][  0]LogDerivedDataCache: Using Local data cache path C:/Users/ranju.raveendran/AppData/Local/UnrealEngine/Common/DerivedDataCache: Writable
[2018.11.05-23.36.13:151][  0]LogDerivedDataCache: Shared data cache path not found in *engine.ini, will not use an Shared cache.
[2018.11.05-23.36.13:151][  0]LogDerivedDataCache: Unable to find inner node Shared for hierarchical cache Hierarchy.
[2018.11.05-23.36.13:172][  0]LogMaterial: Verifying Global Shaders for PCD3D_SM5
[2018.11.05-23.36.13:174][  0]LogSlate: Using FreeType 2.6.0
[2018.11.05-23.36.13:176][  0]LogSlate: SlateFontServices - WITH_FREETYPE: 1, WITH_HARFBUZZ: 1
[2018.11.05-23.36.13:277][  0]LogAssetRegistry: FAssetRegistry took 0.0263 seconds to start up
[2018.11.05-23.36.13:648][  0]LogInit: Selected Device Profile: [Windows]
[2018.11.05-23.36.13:824][  0]LogSimplygon: Simplygon DLL not present - disabling.
[2018.11.05-23.36.13:830][  0]LogMeshReduction: Using SimplygonSwarm for distributed automatic mesh merging
[2018.11.05-23.36.13:830][  0]LogMeshReduction: Using ProxyLODMeshReduction for automatic mesh merging
[2018.11.05-23.36.13:830][  0]LogMeshReduction: Using QuadricMeshReduction for automatic static mesh reduction
[2018.11.05-23.36.13:830][  0]LogMeshReduction: No automatic skeletal mesh reduction module available
[2018.11.05-23.36.13:851][  0]LogNetVersion: UnrealStealth 1.0.0, NetCL: 4212847, EngineNetVer: 5, GameNetVer: 0 (Checksum: 3528442401)
[2018.11.05-23.36.14:460][  0]LogPackageLocalizationCache: Processed 11 localized package path(s) for 2 prioritized culture(s) in 0.095090 seconds
[2018.11.05-23.36.14:467][  0]LogUObjectArray: 38425 objects as part of root set at end of initial load.
[2018.11.05-23.36.14:467][  0]LogUObjectAllocator: 6690872 out of 0 bytes used by permanent object pool.
[2018.11.05-23.36.14:467][  0]LogUObjectArray: CloseDisregardForGC: 0/0 objects in disregard for GC pool
[2018.11.05-23.36.15:814][  0]LogTcpMessaging: Initializing TcpMessaging bridge
[2018.11.05-23.36.15:828][  0]LogUdpMessaging: Initializing bridge on interface 0.0.0.0:0 to multicast group 230.0.0.1:6666.
[2018.11.05-23.36.16:005][  0]SourceControl: Source control is disabled
[2018.11.05-23.36.16:006][  0]SourceControl: Source control is disabled
[2018.11.05-23.36.16:010][  0]SourceControl: Source control is disabled
[2018.11.05-23.36.16:013][  0]SourceControl: Source control is disabled
[2018.11.05-23.36.16:219][  0]LogAndroidPermission: UAndroidPermissionCallbackProxy::GetInstance
[2018.11.05-23.36.16:282][  0]LogOcInput: OculusInput pre-init called
[2018.11.05-23.36.16:357][  0]LogEngine: Initializing Engine...
[2018.11.05-23.36.16:358][  0]LogHMD: Failed to initialize OpenVR with code 110
[2018.11.05-23.36.16:359][  0]LogStats: UGameplayTagsManager::ConstructGameplayTagTree: ImportINI prefixes -  0.000 s
[2018.11.05-23.36.16:359][  0]LogStats: UGameplayTagsManager::ConstructGameplayTagTree: Construct from data asset -  0.000 s
[2018.11.05-23.36.16:359][  0]LogStats: UGameplayTagsManager::ConstructGameplayTagTree: ImportINI -  0.000 s
[2018.11.05-23.36.16:359][  0]LogStats: UGameplayTagsManager::ConstructGameplayTagTree: GameplayTagTreeChangedEvent.Broadcast -  0.000 s
[2018.11.05-23.36.16:615][  0]LogInit: Initializing FReadOnlyCVARCache
[2018.11.05-23.36.16:631][  0]LogAIModule: Creating AISystem for world Untitled
[2018.11.05-23.36.16:640][  0]LogInit: XAudio2 using 'Speakers (Realtek High Definition Audio)' : 2 channels at 48 kHz using 32 bits per sample (channel mask 0x3)
[2018.11.05-23.36.16:682][  0]LogInit: FAudioDevice initialized.
[2018.11.05-23.36.16:682][  0]LogNetVersion: Set ProjectVersion to 1.0.0.0. Version Checksum will be recalculated on next use.
[2018.11.05-23.36.16:763][  0]LogDerivedDataCache: Saved boot cache 0.08s 71MB C:/Users/ranju.raveendran/AppData/Local/UnrealEngine/4.20/DerivedDataCache/Boot.ddc.
[2018.11.05-23.36.16:767][  0]LogInit: Texture streaming: Enabled
[2018.11.05-23.36.16:791][  0]LogEngineSessionManager: EngineSessionManager initialized
[2018.11.05-23.36.16:791][  0]LogEngineSessionManager: EngineSessionManager sent abnormal shutdown report. Type=Crashed, SessionId={2CCCFF35-48EB-DFC4-460D-868AA1749EE7}
[2018.11.05-23.36.16:806][  0]LogInit: Transaction tracking system initialized
[2018.11.05-23.36.16:841][  0]BlueprintLog: New page: Editor Load
[2018.11.05-23.36.16:951][  0]LocalizationService: Localization service is disabled
[2018.11.05-23.36.17:374][  0]LogLinker: Warning: Can't find file '/Game/ThirdPersonBP/ThirdPersonOverview'
[2018.11.05-23.36.17:374][  0]LogLinker: Warning: Can't find file '/Game/ThirdPersonBP/ThirdPersonOverview'
[2018.11.05-23.36.17:374][  0]LogUObjectGlobals: Warning: Failed to find object 'Class /Game/ThirdPersonBP/ThirdPersonOverview.ThirdPersonOverview_C'
[2018.11.05-23.36.17:649][  0]LogCook: Display: Max memory allowance for cook 16384mb min free memory 0mb
[2018.11.05-23.36.17:649][  0]LogCook: Display: Mobile HDR setting 1
[2018.11.05-23.36.17:650][  0]LogGameplayTags: Display: UGameplayTagsManager::DoneAddingNativeTags. DelegateIsBound: 0
[2018.11.05-23.36.17:650][  0]LogFileCache: Scanning file cache for directory 'D:/Unreal/OperationSTP/UnrealStealth/Content/' took 0.01s
[2018.11.05-23.36.17:650][  0]LogStats: UGameplayTagsManager::ConstructGameplayTagTree: ImportINI prefixes -  0.000 s
[2018.11.05-23.36.17:650][  0]LogStats: UGameplayTagsManager::ConstructGameplayTagTree: Construct from data asset -  0.000 s
[2018.11.05-23.36.17:650][  0]LogStats: UGameplayTagsManager::ConstructGameplayTagTree: ImportINI -  0.000 s
[2018.11.05-23.36.17:650][  0]LogStats: UGameplayTagsManager::ConstructGameplayTagTree: GameplayTagTreeChangedEvent.Broadcast -  0.000 s
[2018.11.05-23.36.17:812][  0]SourceControl: Source control is disabled
[2018.11.05-23.36.17:812][  0]Cmd: MAP LOAD FILE="../../../Engine/Content/Maps/Templates/Template_Default.umap" TEMPLATE=1 SHOWPROGRESS=1 FEATURELEVEL=3
[2018.11.05-23.36.17:813][  0]LightingResults: New page: Lighting Build
[2018.11.05-23.36.17:816][  0]MapCheck: New page: Map Check
[2018.11.05-23.36.17:816][  0]LightingResults: New page: Lighting Build
[2018.11.05-23.36.18:060][  0]LogAIModule: Creating AISystem for world Untitled_1
[2018.11.05-23.36.18:067][  0]LogEditorServer: Finished looking for orphan Actors (0.000 secs)
[2018.11.05-23.36.18:092][  0]Cmd: MAP CHECKDEP NOCLEARLOG
[2018.11.05-23.36.18:229][  0]MapCheck: Map check complete: 0 Error(s), 0 Warning(s), took 136.461ms to complete.
[2018.11.05-23.36.18:229][  0]LogFileHelpers: Loading map 'Template_Default' took 0.417
[2018.11.05-23.36.18:306][  0]LogWindowsTextInputMethodSystem: Display: IME system now deactivated.
[2018.11.05-23.36.18:351][  0]LogSlate: Updating window title bar state: overlay mode, drag disabled, window buttons hidden, title bar hidden
[2018.11.05-23.36.18:359][  0]LogSlate: Updating window title bar state: overlay mode, drag disabled, window buttons hidden, title bar hidden
[2018.11.05-23.36.18:368][  0]LogSlate: Updating window title bar state: overlay mode, drag disabled, window buttons hidden, title bar hidden
[2018.11.05-23.36.18:377][  0]LogSlate: Updating window title bar state: overlay mode, drag disabled, window buttons hidden, title bar hidden
[2018.11.05-23.36.18:384][  0]LogCollectionManager: Loaded 0 collections in 0.001535 seconds
[2018.11.05-23.36.18:430][  0]LogFileCache: Scanning file cache for directory 'D:/Unreal/OperationSTP/UnrealStealth/Saved/Collections/' took 0.01s
[2018.11.05-23.36.18:430][  0]LogFileCache: Scanning file cache for directory 'D:/Unreal/OperationSTP/UnrealStealth/Content/Developers/RanjuRaveendran/Collections/' took 0.01s
[2018.11.05-23.36.18:430][  0]LogFileCache: Scanning file cache for directory 'D:/Unreal/OperationSTP/UnrealStealth/Content/Collections/' took 0.01s
[2018.11.05-23.36.18:430][  0]LogCollectionManager: Rebuilt the GUID cache for 0 collections in 0.000000 seconds
[2018.11.05-23.36.18:440][  0]LogContentBrowser: Native class hierarchy populated in 0.0096 seconds. Added 2572 classes and 603 folders.
[2018.11.05-23.36.18:449][  0]LogContentBrowser: Native class hierarchy updated for 'WidgetCarousel' in 0.0003 seconds. Added 0 classes and 0 folders.
[2018.11.05-23.36.18:511][  0]LogContentBrowser: Native class hierarchy updated for 'AddContentDialog' in 0.0003 seconds. Added 0 classes and 0 folders.
[2018.11.05-23.36.18:520][  0]LogContentBrowser: Native class hierarchy updated for 'SceneOutliner' in 0.0003 seconds. Added 1 classes and 2 folders.
[2018.11.05-23.36.19:681][  0]LogSlate: Only BGRA pngs, bmps or icos are supported in by External Image Picker
[2018.11.05-23.36.19:712][  0]LogDirectoryWatcher: Warning: Failed to begin reading directory changes for D:/Unreal/OperationSTP/UnrealStealth/Plugins/. Error: The system cannot find the file specified. (0x00000002)
[2018.11.05-23.36.19:718][  0]LogSlate: Took 0.000251 seconds to synchronously load lazily loaded font '../../../Engine/Content/Slate/Fonts/Roboto-Regular.ttf' (155K)
[2018.11.05-23.36.19:721][  0]LogSlate: Took 0.000264 seconds to synchronously load lazily loaded font '../../../Engine/Content/Slate/Fonts/Roboto-Bold.ttf' (160K)
[2018.11.05-23.36.19:730][  0]LogSlate: Took 0.000679 seconds to synchronously load lazily loaded font '../../../Engine/Content/Editor/Slate/Fonts/FontAwesome.ttf' (139K)
[2018.11.05-23.36.19:834][  0]LogTemp: Executing iPhonePackager certificates Engine -bundlename com.YourCompany.UnrealStealth
[2018.11.05-23.36.19:834][  0]LogTemp: CWD: C:\Program Files\Epic Games\UE_4.20\Engine\Binaries\DotNET\IOS
[2018.11.05-23.36.19:834][  0]LogTemp: Initial Dir: C:\Program Files\Epic Games\UE_4.20
[2018.11.05-23.36.19:834][  0]LogTemp: Env CWD: C:\Program Files\Epic Games\UE_4.20\Engine\Binaries\DotNET\IOS
[2018.11.05-23.36.19:834][  0]LogTemp: BranchPath = A00696/C/Program Files/Epic Games/UE_4.20/Engine/Binaries --- GameBranchPath = A00696/C/Program Files/Epic Games/UE_4.20/Engine/Binaries
[2018.11.05-23.36.19:834][  0]LogTemp: IPP ERROR: Could not find provision directory 'C:\Users\ranju.raveendran\AppData\Local/Apple Computer/MobileDevice/Provisioning Profiles/'.
[2018.11.05-23.36.19:834][  0]LogRenderer: Reallocating scene render targets to support 1092x464 Format 10 NumSamples 1 (Frame:1).
[2018.11.05-23.36.19:971][  0]LogContentBrowser: Native class hierarchy updated for 'HierarchicalLODOutliner' in 0.0002 seconds. Added 0 classes and 0 folders.
[2018.11.05-23.36.19:972][  0]LogLoad: (Engine Initialization) Total time: 11.67 seconds
[2018.11.05-23.36.19:972][  0]LogLoad: (Engine Initialization) Total Blueprint compile time: 0.00 seconds
[2018.11.05-23.36.20:018][  0]LogContentStreaming: Texture pool size now 3000 MB
[2018.11.05-23.36.20:054][  1]LogAssetRegistry: Asset discovery search completed in 6.7988 seconds
[2018.11.05-23.36.20:056][  1]LogCollectionManager: Rebuilt the object cache for 0 collections in 0.000000 seconds (found 0 objects)
[2018.11.05-23.36.20:056][  1]LogCollectionManager: Fixed up redirectors for 0 collections in 0.000064 seconds (updated 0 objects)
[2018.11.05-23.36.21:002][ 53]LogSlate: Took 0.000357 seconds to synchronously load lazily loaded font '../../../Engine/Content/Slate/Fonts/Roboto-Light.ttf' (167K)
[2018.11.05-23.36.24:054][236]LogSlate: Took 0.000239 seconds to synchronously load lazily loaded font '../../../Engine/Content/Slate/Fonts/Roboto-Light.ttf' (167K)
[2018.11.05-23.37.34:893][485]LogSlate: FSceneViewport::OnFocusLost() reason 0
[2018.11.05-23.37.35:174][496]LogAssetEditorManager: Opening Asset editor for Blueprint /Game/PlayerShooter/ShooterPlayer.ShooterPlayer
[2018.11.05-23.37.35:731][496]LogContentBrowser: Native class hierarchy updated for 'BlueprintGraph' in 0.0006 seconds. Added 116 classes and 0 folders.
[2018.11.05-23.37.36:624][496]LogSlate: Took 0.000277 seconds to synchronously load lazily loaded font '../../../Engine/Content/Slate/Fonts/Roboto-BoldCondensed.ttf' (158K)
[2018.11.05-23.37.36:768][497]LogSlate: Took 0.000339 seconds to synchronously load lazily loaded font '../../../Engine/Content/Slate/Fonts/Roboto-Italic.ttf' (157K)
[2018.11.05-23.37.38:859][608]LogSlate: Window 'ShooterPlayer' being destroyed
[2018.11.05-23.38.18:437][923]LogLinker: Can't find file '/Game/ThirdPersonBP/Blueprints/ThirdPersonCharacter'
[2018.11.05-23.38.18:437][923]LogLinker: Can't find file '/Game/ThirdPersonBP/Blueprints/ThirdPersonCharacter'
[2018.11.05-23.38.54:930][100]BlueprintLog: New page: Compile ShooterPlayer
[2018.11.05-23.38.55:561][120]Cmd: OBJ SAVEPACKAGE PACKAGE="/Game/PlayerShooter/ShooterPlayer" FILE="D:/Unreal/OperationSTP/UnrealStealth/Content/PlayerShooter/ShooterPlayer.uasset" SILENT=true
[2018.11.05-23.38.55:601][120]LogSavePackage: Moving 'D:/Unreal/OperationSTP/UnrealStealth/Saved/ShooterPlayerB6D6C0FA47F8E0AD35A41E8C634B67D8.tmp' to 'D:/Unreal/OperationSTP/UnrealStealth/Content/PlayerShooter/ShooterPlayer.uasset'
[2018.11.05-23.38.56:705][186]LogTemp: Repeating last play command: Selected Viewport
[2018.11.05-23.38.56:720][186]LogPlayLevel: PlayLevel: No blueprints needed recompiling
[2018.11.05-23.38.56:733][186]PIE: New page: PIE session: Untitled_1 (7/11/2018 1:38:56 am)
[2018.11.05-23.38.56:733][186]LogPlayLevel: Creating play world package: /Temp/UEDPIE_0_Untitled_1
[2018.11.05-23.38.56:736][186]LogPlayLevel: PIE: StaticDuplicateObject took: (0.003137s)
[2018.11.05-23.38.56:737][186]LogAIModule: Creating AISystem for world Untitled_1
[2018.11.05-23.38.56:737][186]LogPlayLevel: PIE: World Init took: (0.000838s)
[2018.11.05-23.38.56:737][186]LogPlayLevel: PIE: Created PIE world by copying editor world from /Temp/Untitled_1.Untitled_1 to /Temp/UEDPIE_0_Untitled_1.Untitled_1 (0.004276s)
[2018.11.05-23.38.56:766][186]LogInit: XAudio2 using 'Speakers (Realtek High Definition Audio)' : 2 channels at 48 kHz using 32 bits per sample (channel mask 0x3)
[2018.11.05-23.38.56:802][186]LogInit: FAudioDevice initialized.
[2018.11.05-23.38.56:816][186]LogSlate: Updating window title bar state: overlay mode, drag disabled, window buttons hidden, title bar hidden
[2018.11.05-23.38.56:876][186]LogLoad: Game class is 'GameModeBase'
[2018.11.05-23.38.56:878][186]LogWorld: Bringing World /Temp/UEDPIE_0_Untitled_1.Untitled_1 up for play (max tick rate 60) at 2018.11.06-12.38.56
[2018.11.05-23.38.56:879][186]LogWorld: Bringing up level for play took: 0.000794
[2018.11.05-23.38.56:897][186]LogContentBrowser: Native class hierarchy updated for 'MovieSceneCapture' in 0.0003 seconds. Added 10 classes and 0 folders.
[2018.11.05-23.38.56:900][186]PIE: Play in editor start time for /Temp/UEDPIE_0_Untitled_1 1.182
[2018.11.05-23.38.59:957][366]LogSlate: Updating window title bar state: overlay mode, drag disabled, window buttons hidden, title bar hidden
[2018.11.05-23.38.59:969][366]LogSlate: Window 'UnrealStealth Game Preview Standalone (64-bit/PCD3D_SM5)' being destroyed
[2018.11.05-23.39.00:002][366]LogPlayLevel: Display: Shutting down PIE online subsystems
[2018.11.05-23.39.00:059][368]LogPlayLevel: Display: Destroying online subsystem :Context_7
[2018.11.05-23.39.17:831][606]LogSlate: Window 'Pick Parent Class' being destroyed
[2018.11.05-23.39.18:692][655]LogAssetEditorManager: Opening Asset editor for Blueprint /Game/PlayerShooter/ShooterGM.ShooterGM
[2018.11.05-23.39.29:064][257]LogSlate: Prevented a slow task dialog from being summoned while a context menu was open
[2018.11.05-23.39.31:876][423]LogTemp: Repeating last play command: Selected Viewport
[2018.11.05-23.39.31:893][423]LogPlayLevel: PlayLevel: No blueprints needed recompiling
[2018.11.05-23.39.31:893][423]PIE: New page: PIE session: Untitled_1 (7/11/2018 1:39:31 am)
[2018.11.05-23.39.31:893][423]LogPlayLevel: Creating play world package: /Temp/UEDPIE_0_Untitled_1
[2018.11.05-23.39.31:895][423]LogPlayLevel: PIE: StaticDuplicateObject took: (0.002018s)
[2018.11.05-23.39.31:896][423]LogAIModule: Creating AISystem for world Untitled_1
[2018.11.05-23.39.31:897][423]LogPlayLevel: PIE: World Init took: (0.001683s)
[2018.11.05-23.39.31:897][423]LogPlayLevel: PIE: Created PIE world by copying editor world from /Temp/Untitled_1.Untitled_1 to /Temp/UEDPIE_0_Untitled_1.Untitled_1 (0.003908s)
[2018.11.05-23.39.31:932][423]LogInit: XAudio2 using 'Speakers (Realtek High Definition Audio)' : 2 channels at 48 kHz using 32 bits per sample (channel mask 0x3)
[2018.11.05-23.39.31:968][423]LogInit: FAudioDevice initialized.
[2018.11.05-23.39.31:996][423]LogLoad: Game class is 'ShooterGM_C'
[2018.11.05-23.39.31:998][423]LogWorld: Bringing World /Temp/UEDPIE_0_Untitled_1.Untitled_1 up for play (max tick rate 60) at 2018.11.06-12.39.31
[2018.11.05-23.39.31:998][423]LogWorld: Bringing up level for play took: 0.000657
[2018.11.05-23.39.32:010][423]LogGameMode: Display: Match State Changed from EnteringMap to WaitingToStart
[2018.11.05-23.39.32:011][423]LogGameState: Match State Changed from EnteringMap to WaitingToStart
[2018.11.05-23.39.32:011][423]LogGameMode: Display: Match State Changed from WaitingToStart to InProgress
[2018.11.05-23.39.32:012][423]LogGameState: Match State Changed from WaitingToStart to InProgress
[2018.11.05-23.39.32:012][423]PIE: Play in editor start time for /Temp/UEDPIE_0_Untitled_1 0.294
[2018.11.05-23.39.43:453][108]LogSlate: Updating window title bar state: overlay mode, drag disabled, window buttons hidden, title bar hidden
[2018.11.05-23.39.43:490][108]LogPlayLevel: Display: Shutting down PIE online subsystems
[2018.11.05-23.39.43:537][108]LogSlate: Updating window title bar state: overlay mode, drag disabled, window buttons hidden, title bar hidden
[2018.11.05-23.39.43:559][109]LogPlayLevel: Display: Destroying online subsystem :Context_9
[2018.11.05-23.39.44:641][173]LogSlate: FSceneViewport::OnFocusLost() reason 0
[2018.11.05-23.39.46:557][286]LogRenderer: Reallocating scene render targets to support 1144x712 Format 10 NumSamples 1 (Frame:1).
[2018.11.05-23.39.50:711][529]LogSlate: FSceneViewport::OnFocusLost() reason 0
[2018.11.05-23.40.00:366][105]LogSlate: FSceneViewport::OnFocusLost() reason 0
[2018.11.05-23.40.10:937][733]LogEditorTransaction: Undo Modify Component(s)
[2018.11.05-23.40.11:277][752]LogEditorTransaction: Undo Modify Component(s)
[2018.11.05-23.40.11:284][752]LogActorComponent: ~FComponentReregisterContext: (/Engine/Transient.World_1:PersistentLevel.ShooterPlayer_C_0.CollisionCylinder) Component already registered.
[2018.11.05-23.40.12:425][820]LogSlate: FSceneViewport::OnFocusLost() reason 0
[2018.11.05-23.40.19:529][239]LogSlate: FSceneViewport::OnFocusLost() reason 0
[2018.11.05-23.40.25:920][621]LogSlate: FSceneViewport::OnFocusLost() reason 0
[2018.11.05-23.40.28:473][773]LogTemp: Repeating last play command: Selected Viewport
[2018.11.05-23.40.28:491][773]BlueprintLog: New page: Pre-Play auto-recompile
[2018.11.05-23.40.28:498][773]LogPlayLevel: [PlayLevel] Compiling ShooterPlayer before play...
[2018.11.05-23.40.28:667][773]LogPlayLevel: PlayLevel: Blueprint regeneration took 175 ms (1 blueprints)
[2018.11.05-23.40.28:667][773]PIE: New page: PIE session: Untitled_1 (7/11/2018 1:40:28 am)
[2018.11.05-23.40.28:667][773]LogPlayLevel: Creating play world package: /Temp/UEDPIE_0_Untitled_1
[2018.11.05-23.40.28:669][773]LogPlayLevel: PIE: StaticDuplicateObject took: (0.001954s)
[2018.11.05-23.40.28:670][773]LogAIModule: Creating AISystem for world Untitled_1
[2018.11.05-23.40.28:670][773]LogPlayLevel: PIE: World Init took: (0.001244s)
[2018.11.05-23.40.28:670][773]LogPlayLevel: PIE: Created PIE world by copying editor world from /Temp/Untitled_1.Untitled_1 to /Temp/UEDPIE_0_Untitled_1.Untitled_1 (0.003405s)
[2018.11.05-23.40.28:699][773]LogInit: XAudio2 using 'Speakers (Realtek High Definition Audio)' : 2 channels at 48 kHz using 32 bits per sample (channel mask 0x3)
[2018.11.05-23.40.28:739][773]LogInit: FAudioDevice initialized.
[2018.11.05-23.40.28:752][773]LogSlate: Updating window title bar state: overlay mode, drag disabled, window buttons hidden, title bar hidden
[2018.11.05-23.40.28:798][773]LogLoad: Game class is 'ShooterGM_C'
[2018.11.05-23.40.28:800][773]LogWorld: Bringing World /Temp/UEDPIE_0_Untitled_1.Untitled_1 up for play (max tick rate 60) at 2018.11.06-12.40.28
[2018.11.05-23.40.28:800][773]LogWorld: Bringing up level for play took: 0.000580
[2018.11.05-23.40.28:812][773]LogGameMode: Display: Match State Changed from EnteringMap to WaitingToStart
[2018.11.05-23.40.28:812][773]LogGameState: Match State Changed from EnteringMap to WaitingToStart
[2018.11.05-23.40.28:812][773]LogGameMode: Display: Match State Changed from WaitingToStart to InProgress
[2018.11.05-23.40.28:813][773]LogGameState: Match State Changed from WaitingToStart to InProgress
[2018.11.05-23.40.28:815][773]PIE: Play in editor start time for /Temp/UEDPIE_0_Untitled_1 1.097
[2018.11.05-23.40.31:040][902]LogSlate: Updating window title bar state: overlay mode, drag disabled, window buttons hidden, title bar hidden
[2018.11.05-23.40.31:052][902]LogSlate: Window 'UnrealStealth Game Preview Standalone (64-bit/PCD3D_SM5)' being destroyed
[2018.11.05-23.40.31:089][902]LogPlayLevel: Display: Shutting down PIE online subsystems
[2018.11.05-23.40.31:151][903]LogPlayLevel: Display: Destroying online subsystem :Context_10
[2018.11.05-23.42.41:537][725]LogSlate: FSceneViewport::OnFocusLost() reason 0
[2018.11.05-23.42.45:067][749]LogSlate: Window 'Save Content' being destroyed
[2018.11.05-23.42.45:115][749]Cmd: OBJ SAVEPACKAGE PACKAGE="/Game/PlayerShooter/ShooterPlayer" FILE="D:/Unreal/OperationSTP/UnrealStealth/Content/PlayerShooter/ShooterPlayer.uasset" SILENT=true
[2018.11.05-23.42.45:155][749]LogSavePackage: Moving 'D:/Unreal/OperationSTP/UnrealStealth/Saved/ShooterPlayer9D8D7DFA49DB1E5EA7672D80D2A591F2.tmp' to 'D:/Unreal/OperationSTP/UnrealStealth/Content/PlayerShooter/ShooterPlayer.uasset'
[2018.11.05-23.42.49:853][749]LogTextFormatter: Warning: Failed to parse argument "ExistingAsset" as a number (using "0" as a fallback). Please check your format string for errors: "{ExistingAsset} already exists. Do you want to replace it?".
[2018.11.05-23.42.50:961][749]LogSlate: Window 'Message' being destroyed
[2018.11.05-23.42.50:968][749]LogSlate: Window 'Save Level As' being destroyed
[2018.11.05-23.42.51:126][749]Cmd: OBJ SAVEPACKAGE PACKAGE="/Game/Maps/TestMap" FILE="D:/Unreal/OperationSTP/UnrealStealth/Content/Maps/TestMap.umap" SILENT=true AUTOSAVING=false KEEPDIRTY=false
[2018.11.05-23.42.51:175][749]LogSavePackage: Moving 'D:/Unreal/OperationSTP/UnrealStealth/Saved/TestMapC1548BAE4F60D99D8865E0974277FDBC.tmp' to 'D:/Unreal/OperationSTP/UnrealStealth/Content/Maps/TestMap.umap'
[2018.11.05-23.42.51:193][749]LogFileHelpers: Saving map 'TestMap' took 0.221
[2018.11.05-23.42.51:304][749]LogActorComponent: UnregisterComponent: (/Engine/Transient.EditorFloorComp) Not registered. Aborting.
[2018.11.05-23.42.51:363][749]LogSlate: Window 'UnrealStealth - Unreal Editor' being destroyed
[2018.11.05-23.42.51:584][749]LogDirectoryWatcher: A directory notification for '../../../Engine/Plugins/' was aborted.
[2018.11.05-23.42.51:595][750]Cmd: QUIT_EDITOR
[2018.11.05-23.42.51:837][750]LogWindowsTextInputMethodSystem: Display: IME system now deactivated.
[2018.11.05-23.42.51:855][750]LogExit: Preparing to exit.
[2018.11.05-23.42.53:060][750]LogExit: Editor shut down
[2018.11.05-23.42.53:060][750]LogExit: Transaction tracking system shut down
[2018.11.05-23.42.53:787][750]LogExit: Object subsystem successfully closed.
[2018.11.05-23.42.53:810][750]LogShaderCompilers: Display: Shaders left to compile 0
[2018.11.05-23.42.53:818][750]LogD3D11RHI: Shutdown
[2018.11.05-23.42.53:818][750]LogD3D11RHI: CleanupD3DDevice
[2018.11.05-23.42.53:832][750]LogD3D11RHI: ~FD3D11DynamicRHI
[2018.11.05-23.42.53:909][750]LogModuleManager: Shutting down and abandoning module MovieSceneCapture (620)
[2018.11.05-23.42.53:909][750]LogModuleManager: Shutting down and abandoning module Voice (618)
[2018.11.05-23.42.53:909][750]LogModuleManager: Shutting down and abandoning module BlueprintGraph (616)
[2018.11.05-23.42.53:909][750]LogModuleManager: Shutting down and abandoning module HierarchicalLODOutliner (614)
[2018.11.05-23.42.53:910][750]LogModuleManager: Shutting down and abandoning module ExternalImagePicker (612)
[2018.11.05-23.42.53:910][750]LogModuleManager: Shutting down and abandoning module SceneOutliner (610)
[2018.11.05-23.42.53:910][750]LogModuleManager: Shutting down and abandoning module AddContentDialog (608)
[2018.11.05-23.42.53:910][750]LogModuleManager: Shutting down and abandoning module WidgetCarousel (607)
[2018.11.05-23.42.53:910][750]LogModuleManager: Shutting down and abandoning module EditorWidgets (604)
[2018.11.05-23.42.53:910][750]LogModuleManager: Shutting down and abandoning module CollectionManager (602)
[2018.11.05-23.42.53:910][750]LogModuleManager: Shutting down and abandoning module HierarchicalLODUtilities (600)
[2018.11.05-23.42.53:910][750]LogModuleManager: Shutting down and abandoning module StatsViewer (598)
[2018.11.05-23.42.53:911][750]LogModuleManager: Shutting down and abandoning module FoliageEdit (596)
[2018.11.05-23.42.53:911][750]LogModuleManager: Shutting down and abandoning module LandscapeEditor (594)
[2018.11.05-23.42.53:911][750]LogModuleManager: Shutting down and abandoning module MeshPaintMode (592)
[2018.11.05-23.42.53:911][750]LogModuleManager: Shutting down and abandoning module SceneDepthPickerMode (590)
[2018.11.05-23.42.53:911][750]LogModuleManager: Shutting down and abandoning module ActorPickerMode (588)
[2018.11.05-23.42.53:911][750]LogModuleManager: Shutting down and abandoning module GeometryMode (586)
[2018.11.05-23.42.53:911][750]LogModuleManager: Shutting down and abandoning module TextureAlignMode (584)
[2018.11.05-23.42.53:911][750]LogModuleManager: Shutting down and abandoning module BspMode (582)
[2018.11.05-23.42.53:911][750]LogModuleManager: Shutting down and abandoning module PIEPreviewDeviceProfileSelector (580)
[2018.11.05-23.42.53:911][750]LogModuleManager: Shutting down and abandoning module SequenceRecorderSections (578)
[2018.11.05-23.42.53:911][750]LogModuleManager: Shutting down and abandoning module AutomationWorker (576)
[2018.11.05-23.42.53:911][750]LogModuleManager: Shutting down and abandoning module AudioCaptureEditor (574)
[2018.11.05-23.42.53:911][750]LogModuleManager: Shutting down and abandoning module SequenceRecorder (573)
[2018.11.05-23.42.53:911][750]LogModuleManager: Shutting down and abandoning module MatineeToLevelSequence (570)
[2018.11.05-23.42.53:911][750]LogModuleManager: Shutting down and abandoning module LevelSequenceEditor (568)
[2018.11.05-23.42.53:911][750]LogModuleManager: Shutting down and abandoning module PlacementMode (567)
[2018.11.05-23.42.53:911][750]LogModuleManager: Shutting down and abandoning module MaterialEditor (566)
[2018.11.05-23.42.53:911][750]LogModuleManager: Shutting down and abandoning module WmfMediaFactory (562)
[2018.11.05-23.42.53:911][750]LogModuleManager: Shutting down and abandoning module WmfMediaEditor (560)
[2018.11.05-23.42.53:911][750]LogModuleManager: Shutting down and abandoning module MediaPlayerEditor (558)
[2018.11.05-23.42.53:911][750]LogModuleManager: Shutting down and abandoning module OpenExrWrapper (556)
[2018.11.05-23.42.53:911][750]LogModuleManager: Shutting down and abandoning module ImgMediaFactory (554)
[2018.11.05-23.42.53:911][750]LogModuleManager: Shutting down and abandoning module ImgMediaEditor (552)
[2018.11.05-23.42.53:911][750]LogModuleManager: Shutting down and abandoning module AvfMediaFactory (550)
[2018.11.05-23.42.53:911][750]LogModuleManager: Shutting down and abandoning module AvfMediaEditor (548)
[2018.11.05-23.42.53:911][750]LogModuleManager: Shutting down and abandoning module AndroidMediaFactory (546)
[2018.11.05-23.42.53:911][750]LogModuleManager: Shutting down and abandoning module AndroidMediaEditor (544)
[2018.11.05-23.42.53:911][750]LogModuleManager: Shutting down and abandoning module MagicLeapCameraPreviewFactory (542)
[2018.11.05-23.42.53:911][750]LogModuleManager: Shutting down and abandoning module MagicLeapMediaFactory (540)
[2018.11.05-23.42.53:911][750]LogModuleManager: Shutting down and abandoning module MagicLeapMediaEditor (538)
[2018.11.05-23.42.53:911][750]LogModuleManager: Shutting down and abandoning module CharacterAI (536)
[2018.11.05-23.42.53:911][750]LogModuleManager: Shutting down and abandoning module SmartSnapping (534)
[2018.11.05-23.42.53:911][750]LogModuleManager: Shutting down and abandoning module SessionServices (532)
[2018.11.05-23.42.53:912][750]LogModuleManager: Shutting down and abandoning module ViewportSnapping (530)
[2018.11.05-23.42.53:912][750]LogModuleManager: Shutting down and abandoning module ViewportInteraction (528)
[2018.11.05-23.42.53:912][750]LogModuleManager: Shutting down and abandoning module ClothPainter (526)
[2018.11.05-23.42.53:912][750]LogModuleManager: Shutting down and abandoning module SkeletalMeshEditor (525)
[2018.11.05-23.42.53:912][750]LogModuleManager: Shutting down and abandoning module LogVisualizer (522)
[2018.11.05-23.42.53:912][750]LogModuleManager: Shutting down and abandoning module IntroTutorials (520)
[2018.11.05-23.42.53:912][750]LogModuleManager: Shutting down and abandoning module GameProjectGeneration (519)
[2018.11.05-23.42.53:912][750]LogModuleManager: Shutting down and abandoning module LuminPlatformEditor (516)
[2018.11.05-23.42.53:912][750]LogModuleManager: Shutting down and abandoning module IOSPlatformEditor (514)
[2018.11.05-23.42.53:912][750]LogModuleManager: Shutting down and abandoning module HTML5PlatformEditor (512)
[2018.11.05-23.42.53:912][750]LogModuleManager: Shutting down and abandoning module AndroidPlatformEditor (510)
[2018.11.05-23.42.53:912][750]LogModuleManager: Shutting down and abandoning module AndroidDeviceDetection (509)
[2018.11.05-23.42.54:482][750]LogModuleManager: Shutting down and abandoning module WindowsPlatformEditor (506)
[2018.11.05-23.42.54:482][750]LogModuleManager: Shutting down and abandoning module LuminRuntimeSettings (504)
[2018.11.05-23.42.54:482][750]LogModuleManager: Shutting down and abandoning module IOSRuntimeSettings (502)
[2018.11.05-23.42.54:482][750]LogModuleManager: Shutting down and abandoning module AndroidRuntimeSettings (500)
[2018.11.05-23.42.54:482][750]LogModuleManager: Shutting down and abandoning module InputBindingEditor (498)
[2018.11.05-23.42.54:482][750]LogModuleManager: Shutting down and abandoning module MergeActors (496)
[2018.11.05-23.42.54:482][750]LogModuleManager: Shutting down and abandoning module LocalizationDashboard (494)
[2018.11.05-23.42.54:483][750]LogModuleManager: Shutting down and abandoning module LocalizationService (493)
[2018.11.05-23.42.54:483][750]LogModuleManager: Shutting down and abandoning module HardwareTargeting (490)
[2018.11.05-23.42.54:483][750]LogModuleManager: Shutting down and abandoning module DeviceProfileEditor (488)
[2018.11.05-23.42.54:483][750]LogModuleManager: Shutting down and abandoning module UndoHistory (486)
[2018.11.05-23.42.54:483][750]LogModuleManager: Shutting down and abandoning module XmlParser (484)
[2018.11.05-23.42.54:483][750]LogModuleManager: Shutting down and abandoning module Blutility (482)
[2018.11.05-23.42.54:483][750]LogModuleManager: Shutting down and abandoning module ProjectSettingsViewer (480)
[2018.11.05-23.42.54:484][750]LogModuleManager: Shutting down and abandoning module ProjectTargetPlatformEditor (479)
[2018.11.05-23.42.54:484][750]LogModuleManager: Shutting down and abandoning module EditorSettingsViewer (476)
[2018.11.05-23.42.54:484][750]LogModuleManager: Shutting down and abandoning module SettingsEditor (474)
[2018.11.05-23.42.54:484][750]LogModuleManager: Shutting down and abandoning module ProjectLauncher (472)
[2018.11.05-23.42.54:485][750]LogModuleManager: Shutting down and abandoning module SessionFrontend (470)
[2018.11.05-23.42.54:485][750]LogModuleManager: Shutting down and abandoning module ProfilerClient (468)
[2018.11.05-23.42.54:485][750]LogModuleManager: Shutting down and abandoning module DeviceManager (466)
[2018.11.05-23.42.54:485][750]LogModuleManager: Shutting down and abandoning module TargetDeviceServices (465)
[2018.11.05-23.42.54:539][750]LogModuleManager: Shutting down and abandoning module AutomationController (462)
[2018.11.05-23.42.54:539][750]LogModuleManager: Shutting down and abandoning module AutomationWindow (460)
[2018.11.05-23.42.54:539][750]LogModuleManager: Shutting down and abandoning module Layers (458)
[2018.11.05-23.42.54:539][750]LogModuleManager: Shutting down and abandoning module ComponentVisualizers (456)
[2018.11.05-23.42.54:539][750]LogModuleManager: Shutting down and abandoning module DetailCustomizations (454)
[2018.11.05-23.42.54:539][750]LogModuleManager: Shutting down and abandoning module PackagesDialog (452)
[2018.11.05-23.42.54:540][750]LogModuleManager: Shutting down and abandoning module Persona (450)
[2018.11.05-23.42.54:540][750]LogModuleManager: Shutting down and abandoning module AdvancedPreviewScene (449)
[2018.11.05-23.42.54:540][750]LogModuleManager: Shutting down and abandoning module AnimGraph (447)
[2018.11.05-23.42.54:540][750]LogModuleManager: Shutting down and abandoning module Kismet (444)
[2018.11.05-23.42.54:553][750]LogModuleManager: Shutting down and abandoning module GraphEditor (442)
[2018.11.05-23.42.54:553][750]LogModuleManager: Shutting down and abandoning module ClassViewer (440)
[2018.11.05-23.42.54:557][750]LogModuleManager: Shutting down and abandoning module Toolbox (438)
[2018.11.05-23.42.54:557][750]LogModuleManager: Shutting down and abandoning module ModuleUI (436)
[2018.11.05-23.42.54:557][750]LogModuleManager: Shutting down and abandoning module MovieSceneTools (434)
[2018.11.05-23.42.54:557][750]LogModuleManager: Shutting down and abandoning module OutputLog (432)
[2018.11.05-23.42.54:557][750]LogModuleManager: Shutting down and abandoning module GammaUI (430)
[2018.11.05-23.42.54:557][750]LogModuleManager: Shutting down and abandoning module Documentation (428)
[2018.11.05-23.42.54:557][750]LogModuleManager: Shutting down and abandoning module MovieSceneTracks (426)
[2018.11.05-23.42.54:558][750]LogModuleManager: Shutting down and abandoning module MovieScene (424)
[2018.11.05-23.42.54:558][750]LogModuleManager: Shutting down and abandoning module StreamingPauseRendering (422)
[2018.11.05-23.42.54:558][750]LogModuleManager: Shutting down and abandoning module LauncherPlatform (420)
[2018.11.05-23.42.54:558][750]LogModuleManager: Shutting down and abandoning module AnalyticsET (418)
[2018.11.05-23.42.54:558][750]LogModuleManager: Shutting down and abandoning module PortalServices (416)
[2018.11.05-23.42.54:558][750]LogModuleManager: Shutting down and abandoning module PortalRpc (414)
[2018.11.05-23.42.54:558][750]LogModuleManager: Shutting down and abandoning module MessagingRpc (412)
[2018.11.05-23.42.54:558][750]LogModuleManager: Shutting down and abandoning module AIModule (410)
[2018.11.05-23.42.54:558][750]LogModuleManager: Shutting down and abandoning module GameplayDebugger (409)
[2018.11.05-23.42.54:558][750]LogModuleManager: Shutting down and abandoning module AITestSuite (407)
[2018.11.05-23.42.54:558][750]LogModuleManager: Shutting down and abandoning module NavigationSystem (405)
[2018.11.05-23.42.54:558][750]LogModuleManager: Shutting down and abandoning module DesktopPlatform (402)
[2018.11.05-23.42.54:558][750]LogModuleManager: Shutting down and abandoning module ProfilerService (400)
[2018.11.05-23.42.54:616][750]LogModuleManager: Shutting down and abandoning module TaskGraph (398)
[2018.11.05-23.42.54:616][750]LogModuleManager: Shutting down and abandoning module SteamVRController (396)
[2018.11.05-23.42.54:616][750]LogModuleManager: Shutting down and abandoning module ProceduralMeshComponentEditor (394)
[2018.11.05-23.42.54:616][750]LogModuleManager: Shutting down and abandoning module ProceduralMeshComponent (392)
[2018.11.05-23.42.54:616][750]LogModuleManager: Shutting down and abandoning module OculusInput (390)
[2018.11.05-23.42.54:616][750]LogModuleManager: Shutting down and abandoning module MobilePatchingUtils (388)
[2018.11.05-23.42.54:617][750]LogModuleManager: Shutting down and abandoning module EditableMesh (386)
[2018.11.05-23.42.54:617][750]LogModuleManager: Shutting down and abandoning module CustomMeshComponent (384)
[2018.11.05-23.42.54:617][750]LogModuleManager: Shutting down and abandoning module CableComponent (382)
[2018.11.05-23.42.54:617][750]LogModuleManager: Shutting down and abandoning module AudioCapture (380)
[2018.11.05-23.42.54:617][750]LogModuleManager: Shutting down and abandoning module ArchVisCharacter (378)
[2018.11.05-23.42.54:617][750]LogModuleManager: Shutting down and abandoning module AndroidPermission (376)
[2018.11.05-23.42.54:617][750]LogModuleManager: Shutting down and abandoning module NUTUnrealEngine4 (374)
[2018.11.05-23.42.54:617][750]LogModuleManager: Shutting down and abandoning module NetcodeUnitTest (372)
[2018.11.05-23.42.54:617][750]LogModuleManager: Shutting down and abandoning module MediaCompositingEditor (370)
[2018.11.05-23.42.54:617][750]LogModuleManager: Shutting down and abandoning module MediaCompositing (368)
[2018.11.05-23.42.54:617][750]LogModuleManager: Shutting down and abandoning module LinearTimecode (366)
[2018.11.05-23.42.54:617][750]LogModuleManager: Shutting down and abandoning module ImgMedia (364)
[2018.11.05-23.42.54:628][750]LogModuleManager: Shutting down and abandoning module HTML5Networking (362)
[2018.11.05-23.42.54:628][750]LogModuleManager: Shutting down and abandoning module GeometryCacheTracks (360)
[2018.11.05-23.42.54:628][750]LogModuleManager: Shutting down and abandoning module GeometryCacheSequencer (358)
[2018.11.05-23.42.54:628][750]LogModuleManager: Shutting down and abandoning module BackChannel (356)
[2018.11.05-23.42.54:628][750]LogModuleManager: Shutting down and abandoning module AppleVision (354)
[2018.11.05-23.42.54:628][750]LogModuleManager: Shutting down and abandoning module AppleImageUtils (352)
[2018.11.05-23.42.54:628][750]LogModuleManager: Shutting down and abandoning module AlembicImporter (350)
[2018.11.05-23.42.54:628][750]LogModuleManager: Shutting down and abandoning module AlembicLibrary (349)
[2018.11.05-23.42.54:628][750]LogModuleManager: Shutting down and abandoning module GeometryCache (348)
[2018.11.05-23.42.54:628][750]LogModuleManager: Shutting down and abandoning module GeometryCacheEd (347)
[2018.11.05-23.42.54:628][750]LogModuleManager: Shutting down and abandoning module DatasmithContentEditor (342)
[2018.11.05-23.42.54:628][750]LogModuleManager: Shutting down and abandoning module DatasmithContent (340)
[2018.11.05-23.42.54:629][750]LogModuleManager: Shutting down and abandoning module SpeedTreeImporter (338)
[2018.11.05-23.42.54:629][750]LogModuleManager: Shutting down and abandoning module PluginBrowser (336)
[2018.11.05-23.42.54:629][750]LogModuleManager: Shutting down and abandoning module MobileLauncherProfileWizard (334)
[2018.11.05-23.42.54:629][750]LogModuleManager: Shutting down and abandoning module PolygonModeling (332)
[2018.11.05-23.42.54:629][750]LogModuleManager: Shutting down and abandoning module MeshEditor (330)
[2018.11.05-23.42.54:630][750]LogModuleManager: Shutting down and abandoning module CryptoKeysOpenSSL (328)
[2018.11.05-23.42.54:630][750]LogModuleManager: Shutting down and abandoning module CryptoKeys (326)
[2018.11.05-23.42.54:630][750]LogModuleManager: Shutting down and abandoning module VisualStudioSourceCodeAccess (324)
[2018.11.05-23.42.54:630][750]LogModuleManager: Shutting down and abandoning module VisualStudioCodeSourceCodeAccess (322)
[2018.11.05-23.42.54:630][750]LogModuleManager: Shutting down and abandoning module UObjectPlugin (320)
[2018.11.05-23.42.54:630][750]LogModuleManager: Shutting down and abandoning module SubversionSourceControl (318)
[2018.11.05-23.42.54:630][750]LogModuleManager: Shutting down and abandoning module PerforceSourceControl (316)
[2018.11.05-23.42.54:630][750]LogModuleManager: Shutting down and abandoning module GitSourceControl (314)
[2018.11.05-23.42.54:630][750]LogModuleManager: Shutting down and abandoning module SourceControl (313)
[2018.11.05-23.42.54:631][750]LogModuleManager: Shutting down and abandoning module CLionSourceCodeAccess (310)
[2018.11.05-23.42.54:631][750]LogModuleManager: Shutting down and abandoning module LightPropagationVolumeEditor (308)
[2018.11.05-23.42.54:631][750]LogModuleManager: Shutting down and abandoning module PaperTiledImporter (306)
[2018.11.05-23.42.54:631][750]LogModuleManager: Shutting down and abandoning module PaperSpriteSheetImporter (304)
[2018.11.05-23.42.54:631][750]LogModuleManager: Shutting down and abandoning module Paper2DEditor (302)
[2018.11.05-23.42.54:631][750]LogModuleManager: Shutting down and abandoning module MeshPaint (301)
[2018.11.05-23.42.54:631][750]LogModuleManager: Shutting down and abandoning module RuntimePhysXCooking (298)
[2018.11.05-23.42.54:631][750]LogModuleManager: Shutting down and abandoning module PhysXVehiclesEditor (296)
[2018.11.05-23.42.54:631][750]LogModuleManager: Shutting down and abandoning module PhysXVehicles (294)
[2018.11.05-23.42.54:631][750]LogModuleManager: Shutting down and abandoning module OculusEditor (292)
[2018.11.05-23.42.54:631][750]LogModuleManager: Shutting down and abandoning module LocationServicesBPLibrary (290)
[2018.11.05-23.42.54:632][750]LogModuleManager: Shutting down and abandoning module ImmediatePhysicsEditor (288)
[2018.11.05-23.42.54:632][750]LogModuleManager: Shutting down and abandoning module ImmediatePhysics (286)
[2018.11.05-23.42.54:632][750]LogModuleManager: Shutting down and abandoning module ActorSequence (284)
[2018.11.05-23.42.54:632][750]LogModuleManager: Shutting down and abandoning module UdpMessaging (282)
[2018.11.05-23.42.54:732][750]LogModuleManager: Shutting down and abandoning module TcpMessaging (280)
[2018.11.05-23.42.54:833][750]LogModuleManager: Shutting down and abandoning module MagicLeapAudio (278)
[2018.11.05-23.42.54:833][750]LogModuleManager: Shutting down and abandoning module GameplayTagsEditor (276)
[2018.11.05-23.42.54:833][750]LogModuleManager: Shutting down and abandoning module FacialAnimationEditor (274)
[2018.11.05-23.42.54:833][750]LogModuleManager: Shutting down and abandoning module FacialAnimation (272)
[2018.11.05-23.42.54:833][750]LogModuleManager: Shutting down and abandoning module DataValidation (270)
[2018.11.05-23.42.54:833][750]LogModuleManager: Shutting down and abandoning module AssetManagerEditor (268)
[2018.11.05-23.42.54:834][750]LogModuleManager: Shutting down and abandoning module LevelEditor (267)
[2018.11.05-23.42.54:836][750]LogModuleManager: Shutting down and abandoning module PixelInspectorModule (266)
[2018.11.05-23.42.54:836][750]LogModuleManager: Shutting down and abandoning module CommonMenuExtensions (264)
[2018.11.05-23.42.54:836][750]LogModuleManager: Shutting down and abandoning module MainFrame (262)
[2018.11.05-23.42.54:836][750]LogModuleManager: Shutting down and abandoning module HotReload (261)
[2018.11.05-23.42.54:838][750]LogModuleManager: Shutting down and abandoning module ContentBrowser (257)
[2018.11.05-23.42.54:841][750]LogModuleManager: Shutting down and abandoning module TreeMap (255)
[2018.11.05-23.42.54:841][750]LogModuleManager: Shutting down and abandoning module LightPropagationVolumeRuntime (252)
[2018.11.05-23.42.54:841][750]LogModuleManager: Shutting down and abandoning module AISupportModule (250)
[2018.11.05-23.42.54:841][750]LogModuleManager: Shutting down and abandoning module Paper2D (248)
[2018.11.05-23.42.54:841][750]LogModuleManager: Shutting down and abandoning module WindowsMoviePlayer (246)
[2018.11.05-23.42.54:842][750]LogModuleManager: Shutting down and abandoning module WmfMedia (244)
[2018.11.05-23.42.54:845][750]LogModuleManager: Shutting down and abandoning module Media (243)
[2018.11.05-23.42.54:855][750]LogModuleManager: Shutting down and abandoning module PacketHandler (240)
[2018.11.05-23.42.54:855][750]LogModuleManager: Shutting down and abandoning module ClothingSystemEditor (238)
[2018.11.05-23.42.54:855][750]LogModuleManager: Shutting down and abandoning module ClothingSystemRuntime (236)
[2018.11.05-23.42.54:855][750]LogModuleManager: Shutting down and abandoning module MediaAssets (234)
[2018.11.05-23.42.54:855][750]LogModuleManager: Shutting down and abandoning module Overlay (232)
[2018.11.05-23.42.54:855][750]LogModuleManager: Shutting down and abandoning module OverlayEditor (231)
[2018.11.05-23.42.54:855][750]LogModuleManager: Shutting down and abandoning module VREditor (228)
[2018.11.05-23.42.54:855][750]LogModuleManager: Shutting down and abandoning module StringTableEditor (226)
[2018.11.05-23.42.54:855][750]LogModuleManager: Shutting down and abandoning module GameplayTasksEditor (224)
[2018.11.05-23.42.54:855][750]LogModuleManager: Shutting down and abandoning module BehaviorTreeEditor (222)
[2018.11.05-23.42.54:856][750]LogModuleManager: Shutting down and abandoning module FunctionalTesting (220)
[2018.11.05-23.42.54:856][750]LogModuleManager: Shutting down and abandoning module CollisionAnalyzer (218)
[2018.11.05-23.42.54:856][750]LogModuleManager: Shutting down and abandoning module WorkspaceMenuStructure (217)
[2018.11.05-23.42.54:856][750]LogModuleManager: Shutting down and abandoning module UMG (214)
[2018.11.05-23.42.54:856][750]LogModuleManager: Shutting down and abandoning module UMGEditor (213)
[2018.11.05-23.42.54:856][750]LogModuleManager: Shutting down and abandoning module Sequencer (212)
[2018.11.05-23.42.54:856][750]LogModuleManager: Shutting down and abandoning module MessageLog (209)
[2018.11.05-23.42.54:857][750]LogModuleManager: Shutting down and abandoning module SlateReflector (204)
[2018.11.05-23.42.54:857][750]LogModuleManager: Shutting down and abandoning module Slate (202)
[2018.11.05-23.42.54:857][750]LogModuleManager: Shutting down and abandoning module EditorStyle (200)
[2018.11.05-23.42.54:862][750]LogModuleManager: Shutting down and abandoning module MRMesh (198)
[2018.11.05-23.42.54:862][750]LogModuleManager: Shutting down and abandoning module SourceCodeAccess (196)
[2018.11.05-23.42.54:862][750]LogModuleManager: Shutting down and abandoning module HeadMountedDisplay (194)
[2018.11.05-23.42.54:862][750]LogModuleManager: Shutting down and abandoning module XAudio2 (192)
[2018.11.05-23.42.54:863][750]LogModuleManager: Shutting down and abandoning module Networking (190)
[2018.11.05-23.42.54:863][750]LogModuleManager: Shutting down and abandoning module Core (188)
[2018.11.05-23.42.54:863][750]LogModuleManager: Shutting down and abandoning module LevelSequence (186)
[2018.11.05-23.42.54:863][750]LogModuleManager: Shutting down and abandoning module KismetCompiler (184)
[2018.11.05-23.42.54:863][750]LogModuleManager: Shutting down and abandoning module MeshUtilities (182)
[2018.11.05-23.42.54:863][750]LogModuleManager: Shutting down and abandoning module MeshMergeUtilities (181)
[2018.11.05-23.42.54:863][750]LogModuleManager: Shutting down and abandoning module MeshReductionInterface (180)
[2018.11.05-23.42.54:863][750]LogModuleManager: Shutting down and abandoning module SimplygonSwarm (179)
[2018.11.05-23.42.54:863][750]LogModuleManager: Shutting down and abandoning module ProxyLODMeshReduction (177)
[2018.11.05-23.42.54:863][750]LogModuleManager: Shutting down and abandoning module SimplygonMeshReduction (175)
[2018.11.05-23.42.54:863][750]LogModuleManager: Shutting down and abandoning module QuadricMeshReduction (173)
[2018.11.05-23.42.54:863][750]LogModuleManager: Shutting down and abandoning module MaterialBaking (169)
[2018.11.05-23.42.54:864][750]LogModuleManager: Shutting down and abandoning module DirectoryWatcher (165)
[2018.11.05-23.42.54:864][750]LogModuleManager: Shutting down and abandoning module DerivedDataCache (162)
[2018.11.05-23.42.54:895][750]LogDerivedDataCache: Shutdown
[2018.11.05-23.42.54:895][750]LogModuleManager: Shutting down and abandoning module XGEController (160)
[2018.11.05-23.42.54:895][750]LogModuleManager: Shutting down and abandoning module TargetPlatform (158)
[2018.11.05-23.42.54:895][750]LogModuleManager: Shutting down and abandoning module VulkanShaderFormat (157)
[2018.11.05-23.42.54:895][750]LogModuleManager: Shutting down and abandoning module ShaderFormatVectorVM (155)
[2018.11.05-23.42.54:895][750]LogModuleManager: Shutting down and abandoning module ShaderFormatOpenGL (153)
[2018.11.05-23.42.54:895][750]LogModuleManager: Shutting down and abandoning module ShaderFormatD3D (151)
[2018.11.05-23.42.54:895][750]LogModuleManager: Shutting down and abandoning module MetalShaderFormat (149)
[2018.11.05-23.42.54:895][750]LogModuleManager: Shutting down and abandoning module TextureFormatUncompressed (147)
[2018.11.05-23.42.54:895][750]LogModuleManager: Shutting down and abandoning module TextureFormatPVR (145)
[2018.11.05-23.42.54:895][750]LogModuleManager: Shutting down and abandoning module TextureFormatDXT (143)
[2018.11.05-23.42.54:895][750]LogModuleManager: Shutting down and abandoning module TextureFormatIntelISPCTexComp (141)
[2018.11.05-23.42.54:896][750]LogModuleManager: Shutting down and abandoning module TextureFormatASTC (139)
[2018.11.05-23.42.54:896][750]LogModuleManager: Shutting down and abandoning module ImageWrapper (138)
[2018.11.05-23.42.54:896][750]LogModuleManager: Shutting down and abandoning module TextureFormatAndroid (135)
[2018.11.05-23.42.54:896][750]LogModuleManager: Shutting down and abandoning module AudioFormatOpus (133)
[2018.11.05-23.42.54:896][750]LogModuleManager: Shutting down and abandoning module AudioFormatOgg (131)
[2018.11.05-23.42.54:896][750]LogModuleManager: Shutting down and abandoning module AudioFormatADPCM (129)
[2018.11.05-23.42.54:896][750]LogModuleManager: Shutting down and abandoning module LuminTargetPlatform (127)
[2018.11.05-23.42.54:896][750]LogModuleManager: Shutting down and abandoning module LinuxTargetPlatform (125)
[2018.11.05-23.42.54:896][750]LogModuleManager: Shutting down and abandoning module LinuxServerTargetPlatform (123)
[2018.11.05-23.42.54:896][750]LogModuleManager: Shutting down and abandoning module LinuxNoEditorTargetPlatform (121)
[2018.11.05-23.42.54:897][750]LogModuleManager: Shutting down and abandoning module LinuxClientTargetPlatform (119)
[2018.11.05-23.42.54:897][750]LogModuleManager: Shutting down and abandoning module TVOSTargetPlatform (117)
[2018.11.05-23.42.54:899][750]LogModuleManager: Shutting down and abandoning module Messaging (115)
[2018.11.05-23.42.54:899][750]LogModuleManager: Shutting down and abandoning module IOSTargetPlatform (113)
[2018.11.05-23.42.54:901][750]LogModuleManager: Shutting down and abandoning module HTML5TargetPlatform (111)
[2018.11.05-23.42.54:901][750]LogModuleManager: Shutting down and abandoning module AndroidTargetPlatform (109)
[2018.11.05-23.42.54:918][750]LogModuleManager: Shutting down and abandoning module WindowsTargetPlatform (107)
[2018.11.05-23.42.54:918][750]LogModuleManager: Shutting down and abandoning module WindowsServerTargetPlatform (105)
[2018.11.05-23.42.54:918][750]LogModuleManager: Shutting down and abandoning module WindowsNoEditorTargetPlatform (103)
[2018.11.05-23.42.54:918][750]LogModuleManager: Shutting down and abandoning module WindowsClientTargetPlatform (101)
[2018.11.05-23.42.54:919][750]LogModuleManager: Shutting down and abandoning module MacTargetPlatform (99)
[2018.11.05-23.42.54:919][750]LogModuleManager: Shutting down and abandoning module MacServerTargetPlatform (97)
[2018.11.05-23.42.54:919][750]LogModuleManager: Shutting down and abandoning module MacNoEditorTargetPlatform (95)
[2018.11.05-23.42.54:919][750]LogModuleManager: Shutting down and abandoning module MacClientTargetPlatform (93)
[2018.11.05-23.42.54:919][750]LogModuleManager: Shutting down and abandoning module AllDesktopTargetPlatform (91)
[2018.11.05-23.42.54:919][750]LogModuleManager: Shutting down and abandoning module InputCore (88)
[2018.11.05-23.42.54:919][750]LogModuleManager: Shutting down and abandoning module Settings (86)
[2018.11.05-23.42.54:919][750]LogModuleManager: Shutting down and abandoning module PhysXCooking (84)
[2018.11.05-23.42.54:919][750]LogModuleManager: Shutting down and abandoning module SteamVR (82)
[2018.11.05-23.42.54:919][750]LogModuleManager: Shutting down and abandoning module OculusHMD (80)
[2018.11.05-23.42.54:919][750]LogModuleManager: Shutting down and abandoning module ExampleDeviceProfileSelector (78)
[2018.11.05-23.42.54:919][750]LogModuleManager: Shutting down and abandoning module LauncherChunkInstaller (76)
[2018.11.05-23.42.54:919][750]LogModuleManager: Shutting down and abandoning module OnlineBlueprintSupport (74)
[2018.11.05-23.42.54:919][750]LogModuleManager: Shutting down and abandoning module OnlineSubsystem (70)
[2018.11.05-23.42.54:921][750]LogModuleManager: Shutting down and abandoning module XMPP (65)
[2018.11.05-23.42.54:921][750]LogModuleManager: Shutting down and abandoning module WebSockets (64)
[2018.11.05-23.42.54:941][750]LogModuleManager: Shutting down and abandoning module HTTP (61)
[2018.11.05-23.42.54:941][750]LogHttp: Display: Http module shutting down, but needs to wait on 1 outstanding Http requests:
[2018.11.05-23.42.54:941][750]LogHttp: Display: 	verb=[POST] url=[https://datarouter.ol.epicgames.com/datarouter/api/v1/public/data?SessionID=%7BB0A979BD-4823-8B05-2F2B-84A008D38B7B%7D&AppID=UEEditor.Rocket.Release&AppVersion=4.20.1-4233996%2B%2B%2BUE4%2BRelease-4.20&UserID=982d83224dea9eda8e9739a8090c26ed%7C08792cf5e0cd451eb35aca10518a0cb2%7C1d36900e-61a0-4595-abb7-b51c197616b2&AppEnvironment=datacollector-binary&UploadType=eteventstream] status=Processing
[2018.11.05-23.42.54:947][750]LogModuleManager: Shutting down and abandoning module SSL (60)
[2018.11.05-23.42.54:949][750]LogModuleManager: Shutting down and abandoning module MagicLeapEmulator (56)
[2018.11.05-23.42.54:949][750]LogModuleManager: Shutting down and abandoning module MagicLeapPrivileges (54)
[2018.11.05-23.42.54:949][750]LogModuleManager: Shutting down and abandoning module MagicLeapIdentity (52)
[2018.11.05-23.42.54:949][750]LogModuleManager: Shutting down and abandoning module MagicLeapHelperVulkan (50)
[2018.11.05-23.42.54:949][750]LogModuleManager: Shutting down and abandoning module MagicLeapHelperOpenGL (48)
[2018.11.05-23.42.54:949][750]LogModuleManager: Shutting down and abandoning module MagicLeapSecureStorage (46)
[2018.11.05-23.42.54:949][750]LogModuleManager: Shutting down and abandoning module MagicLeapGestures (44)
[2018.11.05-23.42.54:950][750]LogModuleManager: Shutting down and abandoning module MagicLeapEyeTracker (42)
[2018.11.05-23.42.54:950][750]LogModuleManager: Shutting down and abandoning module MagicLeapController (40)
[2018.11.05-23.42.54:950][750]LogSlate: Slate User Destroyed.  User Index 0, Is Virtual User: 0
[2018.11.05-23.42.54:950][750]LogModuleManager: Shutting down and abandoning module MagicLeap (38)
[2018.11.05-23.42.54:950][750]LogModuleManager: Shutting down and abandoning module AnimationModifiers (36)
[2018.11.05-23.42.54:950][750]LogModuleManager: Shutting down and abandoning module PropertyEditor (35)
[2018.11.05-23.42.54:950][750]LogModuleManager: Shutting down and abandoning module AudioEditor (32)
[2018.11.05-23.42.54:950][750]LogModuleManager: Shutting down and abandoning module TextureCompressor (30)
[2018.11.05-23.42.54:951][750]LogModuleManager: Shutting down and abandoning module ShaderCore (28)
[2018.11.05-23.42.54:951][750]LogModuleManager: Shutting down and abandoning module Landscape (26)
[2018.11.05-23.42.54:951][750]LogModuleManager: Shutting down and abandoning module SlateRHIRenderer (24)
[2018.11.05-23.42.54:952][750]LogModuleManager: Shutting down and abandoning module OpenGLDrv (22)
[2018.11.05-23.42.54:952][750]LogModuleManager: Shutting down and abandoning module D3D11RHI (20)
[2018.11.05-23.42.54:952][750]LogModuleManager: Shutting down and abandoning module AnimGraphRuntime (18)
[2018.11.05-23.42.54:952][750]LogModuleManager: Shutting down and abandoning module Renderer (16)
[2018.11.05-23.42.54:952][750]LogModuleManager: Shutting down and abandoning module Engine (14)
[2018.11.05-23.42.54:952][750]LogModuleManager: Shutting down and abandoning module CoreUObject (12)
[2018.11.05-23.42.54:952][750]LogModuleManager: Shutting down and abandoning module NetworkFile (10)
[2018.11.05-23.42.54:952][750]LogModuleManager: Shutting down and abandoning module CookedIterativeFile (8)
[2018.11.05-23.42.54:952][750]LogModuleManager: Shutting down and abandoning module StreamingFile (6)
[2018.11.05-23.42.54:952][750]LogModuleManager: Shutting down and abandoning module SandboxFile (4)
[2018.11.05-23.42.54:952][750]LogModuleManager: Shutting down and abandoning module PakFile (2)
[2018.11.05-23.42.54:966][750]LogExit: Exiting.
[2018.11.05-23.42.54:995][750]Log file closed, 11/06/18 12:42:54
