Log file open, 12/01/18 11:50:32
LogWindows: Failed to load 'aqProf.dll' (GetLastError=126)
LogWindows: File 'aqProf.dll' does not exist
LogWindows: Failed to load 'VSPerf140.dll' (GetLastError=126)
LogWindows: File 'VSPerf140.dll' does not exist
LogWindows: Failed to load 'VtuneApi.dll' (GetLastError=126)
LogWindows: File 'VtuneApi.dll' does not exist
LogWindows: Failed to load 'VtuneApi32e.dll' (GetLastError=126)
LogWindows: File 'VtuneApi32e.dll' does not exist
LogInit: Display: Running engine for game: UnrealStealth
LogPlatformFile: Not using cached read wrapper
LogTaskGraph: Started task graph with 5 named threads and 35 total threads with 3 sets of task threads.
LogStats: Stats thread started at 0.398018
LogD3D11RHI: Loaded GFSDK_Aftermath_Lib.x64.dll
LogICUInternationalization: Display: ICU TimeZone Detection - Raw Offset: +12:00, Platform Override: ''
LogPluginManager: Mounting plugin Paper2D
LogPluginManager: Mounting plugin AISupport
LogPluginManager: Mounting plugin LightPropagationVolume
LogPluginManager: Mounting plugin CLionSourceCodeAccess
LogPluginManager: Mounting plugin CodeLiteSourceCodeAccess
LogPluginManager: Mounting plugin GitSourceControl
LogPluginManager: Mounting plugin KDevelopSourceCodeAccess
LogPluginManager: Mounting plugin NullSourceCodeAccess
LogPluginManager: Mounting plugin PerforceSourceControl
LogPluginManager: Mounting plugin SubversionSourceControl
LogPluginManager: Mounting plugin UObjectPlugin
LogPluginManager: Mounting plugin VisualStudioCodeSourceCodeAccess
LogPluginManager: Mounting plugin VisualStudioSourceCodeAccess
LogPluginManager: Mounting plugin XCodeSourceCodeAccess
LogPluginManager: Mounting plugin AssetManagerEditor
LogPluginManager: Mounting plugin CryptoKeys
LogPluginManager: Mounting plugin DataValidation
LogPluginManager: Mounting plugin FacialAnimation
LogPluginManager: Mounting plugin GameplayTagsEditor
LogPluginManager: Mounting plugin MacGraphicsSwitching
LogPluginManager: Mounting plugin MeshEditor
LogPluginManager: Mounting plugin MobileLauncherProfileWizard
LogPluginManager: Mounting plugin PluginBrowser
LogPluginManager: Mounting plugin SpeedTreeImporter
LogPluginManager: Mounting plugin DatasmithContent
LogPluginManager: Mounting plugin AlembicImporter
LogPluginManager: Mounting plugin AppleImageUtils
LogPluginManager: Mounting plugin AppleVision
LogPluginManager: Mounting plugin BackChannel
LogPluginManager: Mounting plugin CharacterAI
LogPluginManager: Mounting plugin GeometryCache
LogPluginManager: Mounting plugin HTML5Networking
LogPluginManager: Mounting plugin ProxyLODPlugin
LogPluginManager: Mounting plugin MagicLeap
LogPluginManager: Mounting plugin MagicLeapEmulator
LogPluginManager: Mounting plugin MagicLeapMedia
LogPluginManager: Mounting plugin AndroidMedia
LogPluginManager: Mounting plugin AvfMedia
LogPluginManager: Mounting plugin ImgMedia
LogPluginManager: Mounting plugin LinearTimecode
LogPluginManager: Mounting plugin MediaCompositing
LogPluginManager: Mounting plugin MediaPlayerEditor
LogPluginManager: Mounting plugin WmfMedia
LogPluginManager: Mounting plugin TcpMessaging
LogPluginManager: Mounting plugin UdpMessaging
LogPluginManager: Mounting plugin ActorSequence
LogPluginManager: Mounting plugin LevelSequenceEditor
LogPluginManager: Mounting plugin MatineeToLevelSequence
LogPluginManager: Mounting plugin NetcodeUnitTest
LogPluginManager: Mounting plugin NUTUnrealEngine4
LogPluginManager: Mounting plugin OnlineSubsystemGooglePlay
LogPluginManager: Mounting plugin OnlineSubsystemIOS
LogPluginManager: Mounting plugin OnlineSubsystem
LogPluginManager: Mounting plugin OnlineSubsystemNull
LogPluginManager: Mounting plugin OnlineSubsystemUtils
LogPluginManager: Mounting plugin LauncherChunkInstaller
LogPluginManager: Mounting plugin AndroidDeviceProfileSelector
LogPluginManager: Mounting plugin AndroidMoviePlayer
LogPluginManager: Mounting plugin AndroidPermission
LogPluginManager: Mounting plugin AppleMoviePlayer
LogPluginManager: Mounting plugin ArchVisCharacter
LogPluginManager: Mounting plugin AudioCapture
LogPluginManager: Mounting plugin CableComponent
LogPluginManager: Mounting plugin CustomMeshComponent
LogPluginManager: Mounting plugin EditableMesh
LogPluginManager: Mounting plugin ExampleDeviceProfileSelector
LogPluginManager: Mounting plugin GoogleCloudMessaging
LogPluginManager: Mounting plugin ImmediatePhysics
LogPluginManager: Mounting plugin IOSDeviceProfileSelector
LogPluginManager: Mounting plugin LinuxDeviceProfileSelector
LogPluginManager: Mounting plugin LocationServicesBPLibrary
LogPluginManager: Mounting plugin MobilePatchingUtils
LogPluginManager: Mounting plugin OculusVR
LogPluginManager: Plugin shader directory ../../../Engine/Plugins/Runtime/Oculus/OculusVR/Shaders found
LogPluginManager: Mapping shader source directory ../../../Engine/Plugins/Runtime/Oculus/OculusVR/Shaders to virtual directory /Plugin/OculusVR
LogPluginManager: Mounting plugin PhysXVehicles
LogPluginManager: Mounting plugin ProceduralMeshComponent
LogPluginManager: Mounting plugin RuntimePhysXCooking
LogPluginManager: Mounting plugin SteamVR
LogPluginManager: Mounting plugin WindowsMoviePlayer
LogStreaming: Display: Took  0.066s to configure plugins.
LogInit: Using libcurl 7.55.1-DEV
LogInit:  - built for x86_64-pc-win32
LogInit:  - supports SSL with OpenSSL/1.0.2h
LogInit:  - supports HTTP deflate (compression) using libz 1.2.8
LogInit:  - other features:
LogInit:      CURL_VERSION_SSL
LogInit:      CURL_VERSION_LIBZ
LogInit:      CURL_VERSION_IPV6
LogInit:      CURL_VERSION_ASYNCHDNS
LogInit:      CURL_VERSION_LARGEFILE
LogInit:      CURL_VERSION_IDN
LogInit:  CurlRequestOptions (configurable via config and command line):
LogInit:  - bVerifyPeer = false  - Libcurl will NOT verify peer certificate
LogInit:  - bUseHttpProxy = false  - Libcurl will NOT use HTTP proxy
LogInit:  - bDontReuseConnections = false  - Libcurl will reuse connections
LogInit:  - CertBundlePath = nullptr  - Libcurl will use whatever was configured at build time.
LogInit:  - MaxHostConnections = 16  - Libcurl will limit the number of connections to a host
LogInit:  - LocalHostAddr = Default
LogInit:  - BufferSize = 65536
LogInit: WinSock: version 1.1 (2.2), MaxSocks=32767, MaxUdp=65467
LogInit: Build: ++UE4+Release-4.20-CL-4369336
LogInit: Engine Version: 4.20.3-4369336+++UE4+Release-4.20
LogInit: Compatible Engine Version: 4.20.0-4212847+++UE4+Release-4.20
LogInit: Net CL: 4212847
LogInit: OS: Windows 10 (), CPU: Intel(R) Core(TM) i7-8700 CPU @ 3.20GHz, GPU: Radeon RX 580 Series
LogInit: Compiled (64-bit): Sep 17 2018 12:26:19
LogInit: Compiled with Visual C++: 19.13.26129.00
LogInit: Build Configuration: Development
LogInit: Branch Name: ++UE4+Release-4.20
LogInit: Command Line: 
LogInit: Base Directory: C:/Program Files/Epic Games/UE_4.20/Engine/Binaries/Win64/
LogInit: Installed Engine Build: 1
LogDevObjectVersion: Number of dev versions registered: 20
LogDevObjectVersion:   Dev-Blueprints (B0D832E4-1F89-4F0D-ACCF-7EB736FD4AA2): 10
LogDevObjectVersion:   Dev-Build (E1C64328-A22C-4D53-A36C-8E866417BD8C): 0
LogDevObjectVersion:   Dev-Core (375EC13C-06E4-48FB-B500-84F0262A717E): 2
LogDevObjectVersion:   Dev-Editor (E4B068ED-F494-42E9-A231-DA0B2E46BB41): 24
LogDevObjectVersion:   Dev-Framework (CFFC743F-43B0-4480-9391-14DF171D2073): 34
LogDevObjectVersion:   Dev-Mobile (B02B49B5-BB20-44E9-A304-32B752E40360): 2
LogDevObjectVersion:   Dev-Networking (A4E4105C-59A1-49B5-A7C5-40C4547EDFEE): 0
LogDevObjectVersion:   Dev-Online (39C831C9-5AE6-47DC-9A44-9C173E1C8E7C): 0
LogDevObjectVersion:   Dev-Physics (78F01B33-EBEA-4F98-B9B4-84EACCB95AA2): 0
LogDevObjectVersion:   Dev-Platform (6631380F-2D4D-43E0-8009-CF276956A95A): 0
LogDevObjectVersion:   Dev-Rendering (12F88B9F-8875-4AFC-A67C-D90C383ABD29): 26
LogDevObjectVersion:   Dev-Sequencer (7B5AE74C-D270-4C10-A958-57980B212A5A): 9
LogDevObjectVersion:   Dev-VR (D7296918-1DD6-4BDD-9DE2-64A83CC13884): 2
LogDevObjectVersion:   Dev-LoadTimes (C2A15278-BFE7-4AFE-6C17-90FF531DF755): 1
LogDevObjectVersion:   Private-Geometry (6EACA3D4-40EC-4CC1-B786-8BED09428FC5): 3
LogDevObjectVersion:   Dev-AnimPhys (29E575DD-E0A3-4627-9D10-D276232CDCEA): 17
LogDevObjectVersion:   Dev-ReflectionCapture (6B266CEC-1EC7-4B8F-A30B-E4D90942FC07): 1
LogDevObjectVersion:   Dev-Automation (0DF73D61-A23F-47EA-B727-89E90C41499A): 1
LogDevObjectVersion:   FortniteMain (601D1886-AC64-4F84-AA16-D3DE0DEAC7D6): 12
LogDevObjectVersion:   Dev-Enterprise (9DFFBCD6-494F-0158-E221-12823C92A888): 1
LogStreaming: Display: Took  0.003s to delete old logs.
LogInit: Presizing for max 8388607 objects, including 0 objects not considered by GC, pre-allocating 0 bytes for permanent pool.
LogInit: Object subsystem initialized
[2018.11.30-22.50.33:253][  0]LogInit: Selected Device Profile: [Windows]
[2018.11.30-22.50.33:253][  0]LogInit: Applying CVar settings loaded from the selected device profile: [Windows]
[2018.11.30-22.50.33:259][  0]LogHAL: Display: Platform has ~ 16 GB [17098670080 / 17179869184 / 16], which maps to Larger [LargestMinGB=32, LargerMinGB=12, DefaultMinGB=8, SmallerMinGB=6, SmallestMinGB=0)
[2018.11.30-22.50.33:259][  0]LogInit: Setting Device Profile CVar: [[r.Vulkan.UseRealUBs:1]]
[2018.11.30-22.50.33:259][  0]LogInit: Going up to parent DeviceProfile []
[2018.11.30-22.50.33:259][  0]LogInit: Computer: RANJU
[2018.11.30-22.50.33:259][  0]LogInit: User: ranju
[2018.11.30-22.50.33:259][  0]LogInit: CPU Page size=4096, Cores=6
[2018.11.30-22.50.33:259][  0]LogInit: High frequency timer resolution =3.117188 MHz
[2018.11.30-22.50.33:259][  0]LogMemory: Memory total: Physical=15.9GB (16GB approx)
[2018.11.30-22.50.33:259][  0]LogMemory: Platform Memory Stats for Windows
[2018.11.30-22.50.33:259][  0]LogMemory: Process Physical Memory: 102.71 MB used, 102.71 MB peak
[2018.11.30-22.50.33:259][  0]LogMemory: Process Virtual Memory: 92.27 MB used, 92.27 MB peak
[2018.11.30-22.50.33:259][  0]LogMemory: Physical Memory: 7023.48 MB used,  9283.09 MB free, 16306.56 MB total
[2018.11.30-22.50.33:259][  0]LogMemory: Virtual Memory: 4649.35 MB used,  9283.09 MB free, 134217728.00 MB total
[2018.11.30-22.50.33:271][  0]LogInit: Using OS detected language (en-US).
[2018.11.30-22.50.33:271][  0]LogInit: Using OS detected locale (en-NZ).
[2018.11.30-22.50.33:272][  0]LogTextLocalizationManager: No specific localization for 'en-US' exists, so the 'en' localization will be used.
[2018.11.30-22.50.33:537][  0]LogStreaming: Display: Took  0.266s to InitEngineTextLocalization.
[2018.11.30-22.50.33:537][  0]LogInit: Setting process to per monitor DPI aware
[2018.11.30-22.50.33:622][  0]LogSlate: New Slate User Created.  User Index 0, Is Virtual User: 0
[2018.11.30-22.50.33:622][  0]LogSlate: Slate User Registered.  User Index 0, Is Virtual User: 0
[2018.11.30-22.50.33:851][  0]LogHMD: Failed to initialize OpenVR with code 110
[2018.11.30-22.50.33:851][  0]LogD3D11RHI: D3D11 adapters:
[2018.11.30-22.50.33:882][  0]LogD3D11RHI:    0. 'Radeon RX 580 Series' (Feature Level 11_0)
[2018.11.30-22.50.33:882][  0]LogD3D11RHI:       8137/0/8153 MB DedicatedVideo/DedicatedSystem/SharedSystem, Outputs:3, VendorId:0x1002
[2018.11.30-22.50.33:884][  0]LogD3D11RHI:    1. 'Microsoft Basic Render Driver' (Feature Level 11_0)
[2018.11.30-22.50.33:884][  0]LogD3D11RHI:       0/0/8153 MB DedicatedVideo/DedicatedSystem/SharedSystem, Outputs:0, VendorId:0x1414
[2018.11.30-22.50.33:884][  0]LogD3D11RHI: Chosen D3D11 Adapter: 0
[2018.11.30-22.50.33:890][  0]LogD3D11RHI: Creating new Direct3DDevice
[2018.11.30-22.50.33:890][  0]LogD3D11RHI:     GPU DeviceId: 0x67df (for the marketing name, search the web for "GPU Device Id")
[2018.11.30-22.50.33:891][  0]LogWindows: EnumDisplayDevices:
[2018.11.30-22.50.33:891][  0]LogWindows:    0. 'Radeon RX 580 Series' (P:1 D:1)
[2018.11.30-22.50.33:891][  0]LogWindows:    1. 'Radeon RX 580 Series' (P:0 D:1)
[2018.11.30-22.50.33:891][  0]LogWindows:    2. 'Radeon RX 580 Series' (P:0 D:1)
[2018.11.30-22.50.33:892][  0]LogWindows:    3. 'Radeon RX 580 Series' (P:0 D:0)
[2018.11.30-22.50.33:892][  0]LogWindows:    4. 'Radeon RX 580 Series' (P:0 D:0)
[2018.11.30-22.50.33:892][  0]LogWindows:    5. 'Radeon RX 580 Series' (P:0 D:0)
[2018.11.30-22.50.33:893][  0]LogWindows:    6. 'Radeon RX 580 Series' (P:0 D:0)
[2018.11.30-22.50.33:893][  0]LogWindows:    7. 'Radeon RX 580 Series' (P:0 D:0)
[2018.11.30-22.50.33:893][  0]LogWindows:    8. 'Radeon RX 580 Series' (P:0 D:0)
[2018.11.30-22.50.33:894][  0]LogWindows:    9. 'Radeon RX 580 Series' (P:0 D:0)
[2018.11.30-22.50.33:894][  0]LogWindows:    10. 'Radeon RX 580 Series' (P:0 D:0)
[2018.11.30-22.50.33:894][  0]LogWindows:    11. 'Radeon RX 580 Series' (P:0 D:0)
[2018.11.30-22.50.33:895][  0]LogWindows:    12. 'Radeon RX 580 Series' (P:0 D:0)
[2018.11.30-22.50.33:895][  0]LogWindows:    13. 'Radeon RX 580 Series' (P:0 D:0)
[2018.11.30-22.50.33:895][  0]LogWindows:    14. 'Radeon RX 580 Series' (P:0 D:0)
[2018.11.30-22.50.33:896][  0]LogWindows:    15. 'Radeon RX 580 Series' (P:0 D:0)
[2018.11.30-22.50.33:896][  0]LogWindows: DebugString: FoundDriverCount:16 
[2018.11.30-22.50.33:896][  0]LogD3D11RHI:     Adapter Name: Radeon RX 580 Series
[2018.11.30-22.50.33:896][  0]LogD3D11RHI:   Driver Version: Adrenalin 18.5.2 (internal:24.20.11019.1004, unified:24.20.11019.1004)
[2018.11.30-22.50.33:896][  0]LogD3D11RHI:      Driver Date: 5-29-2018
[2018.11.30-22.50.33:896][  0]LogRHI: Texture pool is 5695 MB (70% of 8137 MB)
[2018.11.30-22.50.34:126][  0]LogD3D11RHI: Async texture creation enabled
[2018.11.30-22.50.34:137][  0]LogD3D11RHI: GPU Timing Frequency: 25.000000 (Debug: 2 1)
[2018.11.30-22.50.34:140][  0]LogShaderCompilers: Guid format shader working directory is 1 characters bigger than the processId version (D:/Unreal Projects/OperationSTP/UnrealStealth/Intermediate/Shaders/WorkingDirectory/9460/).
[2018.11.30-22.50.34:140][  0]LogShaderCompilers: Cleaned the shader compiler working directory 'C:/Users/ranju/AppData/Local/Temp/UnrealShaderWorkingDir/B57305AD48E8E32F5E4204B3C0B62F18/'.
[2018.11.30-22.50.34:344][  0]LogTemp: Display: Loaded TP AllDesktopTargetPlatform
[2018.11.30-22.50.34:355][  0]LogTemp: Display: Loaded TP MacClientTargetPlatform
[2018.11.30-22.50.34:365][  0]LogTemp: Display: Loaded TP MacNoEditorTargetPlatform
[2018.11.30-22.50.34:375][  0]LogTemp: Display: Loaded TP MacServerTargetPlatform
[2018.11.30-22.50.34:386][  0]LogTemp: Display: Loaded TP MacTargetPlatform
[2018.11.30-22.50.34:396][  0]LogTemp: Display: Loaded TP WindowsClientTargetPlatform
[2018.11.30-22.50.34:407][  0]LogTemp: Display: Loaded TP WindowsNoEditorTargetPlatform
[2018.11.30-22.50.34:417][  0]LogTemp: Display: Loaded TP WindowsServerTargetPlatform
[2018.11.30-22.50.34:422][  0]LogTemp: Display: Loaded TP WindowsTargetPlatform
[2018.11.30-22.50.34:482][  0]LogTemp: Display: Loaded TP AndroidTargetPlatform
[2018.11.30-22.50.34:482][  0]LogTemp: Display: Loaded TP AndroidTargetPlatform
[2018.11.30-22.50.34:482][  0]LogTemp: Display: Loaded TP AndroidTargetPlatform
[2018.11.30-22.50.34:482][  0]LogTemp: Display: Loaded TP AndroidTargetPlatform
[2018.11.30-22.50.34:482][  0]LogTemp: Display: Loaded TP AndroidTargetPlatform
[2018.11.30-22.50.34:482][  0]LogTemp: Display: Loaded TP AndroidTargetPlatform
[2018.11.30-22.50.34:482][  0]LogTemp: Display: Loaded TP AndroidTargetPlatform
[2018.11.30-22.50.34:482][  0]LogTemp: Display: Loaded TP AndroidTargetPlatform
[2018.11.30-22.50.34:482][  0]LogTemp: Display: Loaded TP AndroidTargetPlatform
[2018.11.30-22.50.34:482][  0]LogTemp: Display: Loaded TP AndroidTargetPlatform
[2018.11.30-22.50.34:482][  0]LogTemp: Display: Loaded TP AndroidTargetPlatform
[2018.11.30-22.50.34:482][  0]LogTemp: Display: Loaded TP AndroidTargetPlatform
[2018.11.30-22.50.34:482][  0]LogTemp: Display: Loaded TP AndroidTargetPlatform
[2018.11.30-22.50.34:482][  0]LogTemp: Display: Loaded TP AndroidTargetPlatform
[2018.11.30-22.50.34:482][  0]LogTemp: Display: Loaded TP AndroidTargetPlatform
[2018.11.30-22.50.34:482][  0]LogTemp: Display: Loaded TP AndroidTargetPlatform
[2018.11.30-22.50.34:482][  0]LogTemp: Display: Loaded TP AndroidTargetPlatform
[2018.11.30-22.50.34:482][  0]LogTemp: Display: Loaded TP AndroidTargetPlatform
[2018.11.30-22.50.34:483][  0]LogTemp: Display: Loaded TP HTML5TargetPlatform
[2018.11.30-22.50.34:537][  0]LogTemp: Display: Loaded TP IOSTargetPlatform
[2018.11.30-22.50.34:537][  0]LogTemp: Display: Loaded TP IOSTargetPlatform
[2018.11.30-22.50.34:554][  0]LogTemp: Display: Loaded TP TVOSTargetPlatform
[2018.11.30-22.50.34:554][  0]LogTemp: Display: Loaded TP TVOSTargetPlatform
[2018.11.30-22.50.34:564][  0]LogTemp: Display: Loaded TP LinuxClientTargetPlatform
[2018.11.30-22.50.34:573][  0]LogTemp: Display: Loaded TP LinuxNoEditorTargetPlatform
[2018.11.30-22.50.34:583][  0]LogTemp: Display: Loaded TP LinuxServerTargetPlatform
[2018.11.30-22.50.34:593][  0]LogTemp: Display: Loaded TP LinuxTargetPlatform
[2018.11.30-22.50.34:600][  0]LogTemp: Display: Loaded TP LuminTargetPlatform
[2018.11.30-22.50.34:600][  0]LogTargetPlatformManager: Display: Building Assets For Windows
[2018.11.30-22.50.34:649][  0]LogXGEController: Cannot use XGE Controller as Incredibuild is not installed on this machine.
[2018.11.30-22.50.34:649][  0]LogShaderCompilers: Cannot use XGE Shader Compiler as Incredibuild is not installed on this machine.
[2018.11.30-22.50.34:650][  0]LogShaderCompilers: Display: Using Local Shader Compiler.
[2018.11.30-22.50.35:227][  0]LogDerivedDataCache: Display: Max Cache Size: 512 MB
[2018.11.30-22.50.35:268][  0]LogDerivedDataCache: Loaded boot cache 0.04s 71MB C:/Users/ranju/AppData/Local/UnrealEngine/4.20/DerivedDataCache/Boot.ddc.
[2018.11.30-22.50.35:268][  0]LogDerivedDataCache: Display: Loaded Boot cache: C:/Users/ranju/AppData/Local/UnrealEngine/4.20/DerivedDataCache/Boot.ddc
[2018.11.30-22.50.35:269][  0]LogDerivedDataCache: FDerivedDataBackendGraph:  Pak pak cache file D:/Unreal Projects/OperationSTP/UnrealStealth/DerivedDataCache/DDC.ddp not found, will not use a pak cache.
[2018.11.30-22.50.35:269][  0]LogDerivedDataCache: Unable to find inner node Pak for hierarchical cache Hierarchy.
[2018.11.30-22.50.35:269][  0]LogDerivedDataCache: FDerivedDataBackendGraph:  CompressedPak pak cache file D:/Unreal Projects/OperationSTP/UnrealStealth/DerivedDataCache/Compressed.ddp not found, will not use a pak cache.
[2018.11.30-22.50.35:269][  0]LogDerivedDataCache: Unable to find inner node CompressedPak for hierarchical cache Hierarchy.
[2018.11.30-22.50.35:278][  0]LogDerivedDataCache: Display: Pak cache opened for reading ../../../Engine/DerivedDataCache/Compressed.ddp.
[2018.11.30-22.50.35:290][  0]LogDerivedDataCache: Using Local data cache path C:/Users/ranju/AppData/Local/UnrealEngine/Common/DerivedDataCache: Writable
[2018.11.30-22.50.35:290][  0]LogDerivedDataCache: Shared data cache path not found in *engine.ini, will not use an Shared cache.
[2018.11.30-22.50.35:290][  0]LogDerivedDataCache: Unable to find inner node Shared for hierarchical cache Hierarchy.
[2018.11.30-22.50.35:303][  0]LogMaterial: Verifying Global Shaders for PCD3D_SM5
[2018.11.30-22.50.35:304][  0]LogSlate: Using FreeType 2.6.0
[2018.11.30-22.50.35:305][  0]LogSlate: SlateFontServices - WITH_FREETYPE: 1, WITH_HARFBUZZ: 1
[2018.11.30-22.50.35:374][  0]LogAssetRegistry: FAssetRegistry took 0.0252 seconds to start up
[2018.11.30-22.50.35:648][  0]LogInit: Selected Device Profile: [Windows]
[2018.11.30-22.50.35:692][  0]LogSimplygon: Simplygon DLL not present - disabling.
[2018.11.30-22.50.35:696][  0]LogMeshReduction: Using SimplygonSwarm for distributed automatic mesh merging
[2018.11.30-22.50.35:696][  0]LogMeshReduction: Using ProxyLODMeshReduction for automatic mesh merging
[2018.11.30-22.50.35:696][  0]LogMeshReduction: Using QuadricMeshReduction for automatic static mesh reduction
[2018.11.30-22.50.35:696][  0]LogMeshReduction: No automatic skeletal mesh reduction module available
[2018.11.30-22.50.35:819][  0]LogNetVersion: UnrealStealth 1.0.0, NetCL: 4212847, EngineNetVer: 5, GameNetVer: 0 (Checksum: 3528442401)
[2018.11.30-22.50.36:178][  0]LogPackageLocalizationCache: Processed 11 localized package path(s) for 2 prioritized culture(s) in 0.045610 seconds
[2018.11.30-22.50.36:182][  0]LogUObjectArray: 38425 objects as part of root set at end of initial load.
[2018.11.30-22.50.36:182][  0]LogUObjectAllocator: 6690864 out of 0 bytes used by permanent object pool.
[2018.11.30-22.50.36:182][  0]LogUObjectArray: CloseDisregardForGC: 0/0 objects in disregard for GC pool
[2018.11.30-22.50.36:921][  0]LogTcpMessaging: Initializing TcpMessaging bridge
[2018.11.30-22.50.36:936][  0]LogUdpMessaging: Initializing bridge on interface 0.0.0.0:0 to multicast group 230.0.0.1:6666.
[2018.11.30-22.50.37:074][  0]SourceControl: Source control is disabled
[2018.11.30-22.50.37:074][  0]SourceControl: Source control is disabled
[2018.11.30-22.50.37:075][  0]SourceControl: Source control is disabled
[2018.11.30-22.50.37:076][  0]SourceControl: Source control is disabled
[2018.11.30-22.50.37:218][  0]LogAndroidPermission: UAndroidPermissionCallbackProxy::GetInstance
[2018.11.30-22.50.37:303][  0]LogOcInput: OculusInput pre-init called
[2018.11.30-22.50.37:351][  0]LogEngine: Initializing Engine...
[2018.11.30-22.50.37:352][  0]LogHMD: Failed to initialize OpenVR with code 110
[2018.11.30-22.50.37:353][  0]LogStats: UGameplayTagsManager::ConstructGameplayTagTree: ImportINI prefixes -  0.000 s
[2018.11.30-22.50.37:353][  0]LogStats: UGameplayTagsManager::ConstructGameplayTagTree: Construct from data asset -  0.000 s
[2018.11.30-22.50.37:353][  0]LogStats: UGameplayTagsManager::ConstructGameplayTagTree: ImportINI -  0.000 s
[2018.11.30-22.50.37:353][  0]LogStats: UGameplayTagsManager::ConstructGameplayTagTree: GameplayTagTreeChangedEvent.Broadcast -  0.000 s
[2018.11.30-22.50.37:502][  0]LogInit: Initializing FReadOnlyCVARCache
[2018.11.30-22.50.37:516][  0]LogAIModule: Creating AISystem for world Untitled
[2018.11.30-22.50.37:554][  0]LogInit: XAudio2 using 'Speakers (Realtek High Definition Audio)' : 2 channels at 48 kHz using 32 bits per sample (channel mask 0x3)
[2018.11.30-22.50.37:599][  0]LogInit: FAudioDevice initialized.
[2018.11.30-22.50.37:599][  0]LogNetVersion: Set ProjectVersion to 1.0.0.0. Version Checksum will be recalculated on next use.
[2018.11.30-22.50.37:687][  0]LogDerivedDataCache: Saved boot cache 0.09s 71MB C:/Users/ranju/AppData/Local/UnrealEngine/4.20/DerivedDataCache/Boot.ddc.
[2018.11.30-22.50.37:687][  0]LogInit: Texture streaming: Enabled
[2018.11.30-22.50.37:703][  0]LogEngineSessionManager: EngineSessionManager initialized
[2018.11.30-22.50.37:712][  0]LogInit: Transaction tracking system initialized
[2018.11.30-22.50.37:730][  0]BlueprintLog: New page: Editor Load
[2018.11.30-22.50.37:809][  0]LocalizationService: Localization service is disabled
[2018.11.30-22.50.38:023][  0]LogCook: Display: Max memory allowance for cook 16384mb min free memory 0mb
[2018.11.30-22.50.38:023][  0]LogCook: Display: Mobile HDR setting 1
[2018.11.30-22.50.38:023][  0]LogGameplayTags: Display: UGameplayTagsManager::DoneAddingNativeTags. DelegateIsBound: 0
[2018.11.30-22.50.38:023][  0]LogStats: UGameplayTagsManager::ConstructGameplayTagTree: ImportINI prefixes -  0.000 s
[2018.11.30-22.50.38:023][  0]LogStats: UGameplayTagsManager::ConstructGameplayTagTree: Construct from data asset -  0.000 s
[2018.11.30-22.50.38:023][  0]LogStats: UGameplayTagsManager::ConstructGameplayTagTree: ImportINI -  0.000 s
[2018.11.30-22.50.38:023][  0]LogStats: UGameplayTagsManager::ConstructGameplayTagTree: GameplayTagTreeChangedEvent.Broadcast -  0.000 s
[2018.11.30-22.50.38:114][  0]LogFileCache: Scanning file cache for directory 'D:/Unreal Projects/OperationSTP/UnrealStealth/Content/' took 0.01s
[2018.11.30-22.50.38:114][  0]SourceControl: Source control is disabled
[2018.11.30-22.50.38:114][  0]Cmd: MAP LOAD FILE="D:/Unreal Projects/OperationSTP/UnrealStealth/Content/TestMap.umap" TEMPLATE=0 SHOWPROGRESS=1 FEATURELEVEL=3
[2018.11.30-22.50.38:115][  0]LightingResults: New page: Lighting Build
[2018.11.30-22.50.38:117][  0]MapCheck: New page: Map Check
[2018.11.30-22.50.38:117][  0]LightingResults: New page: Lighting Build
[2018.11.30-22.50.38:668][  0]LogAIModule: Creating AISystem for world TestMap
[2018.11.30-22.50.38:673][  0]LogEditorServer: Finished looking for orphan Actors (0.000 secs)
[2018.11.30-22.50.38:696][  0]Cmd: MAP CHECKDEP NOCLEARLOG
[2018.11.30-22.50.38:774][  0]MapCheck: Map check complete: 0 Error(s), 0 Warning(s), took 78.14ms to complete.
[2018.11.30-22.50.38:774][  0]LogFileHelpers: Loading map 'TestMap' took 0.660
[2018.11.30-22.50.39:057][  0]LogSlate: Updating window title bar state: overlay mode, drag disabled, window buttons hidden, title bar hidden
[2018.11.30-22.50.39:064][  0]LogSlate: Updating window title bar state: overlay mode, drag disabled, window buttons hidden, title bar hidden
[2018.11.30-22.50.39:069][  0]LogSlate: Updating window title bar state: overlay mode, drag disabled, window buttons hidden, title bar hidden
[2018.11.30-22.50.39:074][  0]LogSlate: Updating window title bar state: overlay mode, drag disabled, window buttons hidden, title bar hidden
[2018.11.30-22.50.39:081][  0]LogCollectionManager: Loaded 0 collections in 0.002088 seconds
[2018.11.30-22.50.39:182][  0]LogFileCache: Scanning file cache for directory 'D:/Unreal Projects/OperationSTP/UnrealStealth/Saved/Collections/' took 0.01s
[2018.11.30-22.50.39:182][  0]LogFileCache: Scanning file cache for directory 'D:/Unreal Projects/OperationSTP/UnrealStealth/Content/Developers/ranju/Collections/' took 0.01s
[2018.11.30-22.50.39:182][  0]LogFileCache: Scanning file cache for directory 'D:/Unreal Projects/OperationSTP/UnrealStealth/Content/Collections/' took 0.01s
[2018.11.30-22.50.39:182][  0]LogCollectionManager: Rebuilt the GUID cache for 0 collections in 0.000000 seconds
[2018.11.30-22.50.39:191][  0]LogContentBrowser: Native class hierarchy populated in 0.0084 seconds. Added 2572 classes and 603 folders.
[2018.11.30-22.50.39:196][  0]LogContentBrowser: Native class hierarchy updated for 'WidgetCarousel' in 0.0002 seconds. Added 0 classes and 0 folders.
[2018.11.30-22.50.39:253][  0]LogContentBrowser: Native class hierarchy updated for 'AddContentDialog' in 0.0002 seconds. Added 0 classes and 0 folders.
[2018.11.30-22.50.39:259][  0]LogContentBrowser: Native class hierarchy updated for 'SceneOutliner' in 0.0002 seconds. Added 1 classes and 2 folders.
[2018.11.30-22.50.39:270][  0]LogSlate: Took 0.000227 seconds to synchronously load lazily loaded font '../../../Engine/Content/Slate/Fonts/Roboto-Regular.ttf' (155K)
[2018.11.30-22.50.39:272][  0]LogSlate: Took 0.000176 seconds to synchronously load lazily loaded font '../../../Engine/Content/Slate/Fonts/Roboto-Bold.ttf' (160K)
[2018.11.30-22.50.39:276][  0]LogSlate: Took 0.000215 seconds to synchronously load lazily loaded font '../../../Engine/Content/Editor/Slate/Fonts/FontAwesome.ttf' (139K)
[2018.11.30-22.50.39:339][  0]LogRenderer: Reallocating scene render targets to support 1120x556 Format 10 NumSamples 1 (Frame:1).
[2018.11.30-22.50.39:427][  0]LogSlate: Took 0.000200 seconds to synchronously load lazily loaded font '../../../Engine/Content/Slate/Fonts/Roboto-Light.ttf' (167K)
[2018.11.30-22.50.39:518][  0]LogContentBrowser: Native class hierarchy updated for 'HierarchicalLODOutliner' in 0.0002 seconds. Added 0 classes and 0 folders.
[2018.11.30-22.50.39:518][  0]LogLoad: (Engine Initialization) Total time: 8.26 seconds
[2018.11.30-22.50.39:518][  0]LogLoad: (Engine Initialization) Total Blueprint compile time: 0.00 seconds
[2018.11.30-22.50.39:528][  0]LogWindowsTextInputMethodSystem: Display: IME system now deactivated.
[2018.11.30-22.50.39:545][  0]LogAssetRegistry: Asset discovery search completed in 4.1939 seconds
[2018.11.30-22.50.39:547][  0]LogCollectionManager: Rebuilt the object cache for 0 collections in 0.000000 seconds (found 0 objects)
[2018.11.30-22.50.39:547][  0]LogCollectionManager: Fixed up redirectors for 0 collections in 0.000045 seconds (updated 0 objects)
[2018.11.30-22.50.39:548][  0]LogContentStreaming: Texture pool size now 1000 MB
[2018.11.30-22.50.40:617][110]LogSlate: Took 0.000222 seconds to synchronously load lazily loaded font '../../../Engine/Content/Slate/Fonts/Roboto-Light.ttf' (167K)
[2018.11.30-22.50.46:602][812]LogEditorViewport: Clicking on Actor (LMB): StaticMeshActor (Cube2)
[2018.11.30-22.50.50:009][204]LogEditorViewport: Clicking on Actor (LMB): StaticMeshActor (Cube3)
[2018.11.30-22.50.54:787][770]LogSlate: FSceneViewport::OnFocusLost() reason 0
[2018.11.30-22.50.54:879][781]LogTemp: Repeating last play command: Selected Viewport
[2018.11.30-22.50.54:891][781]LogPlayLevel: PlayLevel: No blueprints needed recompiling
[2018.11.30-22.50.54:903][781]PIE: New page: PIE session: TestMap (2/12/2018 12:50:54 am)
[2018.11.30-22.50.54:903][781]LogPlayLevel: Creating play world package: /Game/UEDPIE_0_TestMap
[2018.11.30-22.50.54:907][781]LogPlayLevel: PIE: StaticDuplicateObject took: (0.003923s)
[2018.11.30-22.50.54:908][781]LogAIModule: Creating AISystem for world TestMap
[2018.11.30-22.50.54:908][781]LogPlayLevel: PIE: World Init took: (0.000622s)
[2018.11.30-22.50.54:908][781]LogPlayLevel: PIE: Created PIE world by copying editor world from /Game/TestMap.TestMap to /Game/UEDPIE_0_TestMap.TestMap (0.004691s)
[2018.11.30-22.50.54:954][781]LogInit: XAudio2 using 'Speakers (Realtek High Definition Audio)' : 2 channels at 48 kHz using 32 bits per sample (channel mask 0x3)
[2018.11.30-22.50.54:972][781]LogInit: FAudioDevice initialized.
[2018.11.30-22.50.55:019][781]LogLoad: Game class is 'ShooterGM_C'
[2018.11.30-22.50.55:021][781]LogWorld: Bringing World /Game/UEDPIE_0_TestMap.TestMap up for play (max tick rate 0) at 2018.12.01-11.50.55
[2018.11.30-22.50.55:021][781]LogWorld: Bringing up level for play took: 0.001377
[2018.11.30-22.50.55:037][781]LogContentBrowser: Native class hierarchy updated for 'MovieSceneCapture' in 0.0002 seconds. Added 10 classes and 0 folders.
[2018.11.30-22.50.55:037][781]LogGameMode: Display: Match State Changed from EnteringMap to WaitingToStart
[2018.11.30-22.50.55:037][781]LogGameState: Match State Changed from EnteringMap to WaitingToStart
[2018.11.30-22.50.55:037][781]LogGameMode: Display: Match State Changed from WaitingToStart to InProgress
[2018.11.30-22.50.55:039][781]LogGameState: Match State Changed from WaitingToStart to InProgress
[2018.11.30-22.50.55:039][781]PIE: Play in editor start time for /Game/UEDPIE_0_TestMap 0.538
[2018.11.30-22.50.56:494][941]LogBlueprintUserMessages: [BTSVisionCheck_C_7] X=-636.094 Y=-0.000 Z=110.150
[2018.11.30-22.50.56:952][996]LogBlueprintUserMessages: [BTSVisionCheck_C_7] X=-636.094 Y=-0.000 Z=110.150
[2018.11.30-22.50.57:486][ 60]LogBlueprintUserMessages: [BTSVisionCheck_C_7] X=-636.094 Y=-0.000 Z=110.150
[2018.11.30-22.50.57:920][112]LogBlueprintUserMessages: [BTSVisionCheck_C_7] X=-636.094 Y=-0.000 Z=110.150
[2018.11.30-22.50.58:394][169]LogBlueprintUserMessages: [BTSVisionCheck_C_7] X=-636.094 Y=-0.000 Z=110.150
[2018.11.30-22.50.58:811][219]LogBlueprintUserMessages: [BTSVisionCheck_C_7] X=-636.094 Y=-0.000 Z=110.150
[2018.11.30-22.50.59:253][272]LogBlueprintUserMessages: [BTSVisionCheck_C_7] X=-636.094 Y=-0.000 Z=110.150
[2018.11.30-22.50.59:761][333]LogBlueprintUserMessages: [BTSVisionCheck_C_7] X=-636.094 Y=-0.000 Z=110.150
[2018.11.30-22.51.00:278][395]LogBlueprintUserMessages: [BTSVisionCheck_C_7] X=-636.094 Y=-0.000 Z=110.150
[2018.11.30-22.51.00:819][460]LogBlueprintUserMessages: [BTSVisionCheck_C_7] X=-636.094 Y=-0.000 Z=110.150
[2018.11.30-22.51.01:278][515]LogBlueprintUserMessages: [BTSVisionCheck_C_7] X=-636.094 Y=-0.000 Z=110.150
[2018.11.30-22.51.01:719][568]LogBlueprintUserMessages: [BTSVisionCheck_C_7] X=-636.094 Y=-0.000 Z=110.150
[2018.11.30-22.51.02:169][622]LogBlueprintUserMessages: [BTSVisionCheck_C_7] X=-636.094 Y=-0.000 Z=110.150
[2018.11.30-22.51.02:711][687]LogBlueprintUserMessages: [BTSVisionCheck_C_7] X=-636.094 Y=-0.000 Z=110.150
[2018.11.30-22.51.03:119][736]LogBlueprintUserMessages: [BTSVisionCheck_C_7] X=-636.094 Y=-0.000 Z=110.150
[2018.11.30-22.51.03:636][798]LogBlueprintUserMessages: [BTSVisionCheck_C_7] X=-636.094 Y=-0.000 Z=110.150
[2018.11.30-22.51.04:087][852]LogBlueprintUserMessages: [BTSVisionCheck_C_7] X=-636.094 Y=-0.000 Z=110.150
[2018.11.30-22.51.04:503][902]LogBlueprintUserMessages: [BTSVisionCheck_C_7] X=-636.094 Y=-0.000 Z=110.150
[2018.11.30-22.51.04:945][955]LogBlueprintUserMessages: [BTSVisionCheck_C_7] X=-636.094 Y=-0.000 Z=110.150
[2018.11.30-22.51.05:411][ 11]LogBlueprintUserMessages: [BTSVisionCheck_C_7] X=-636.094 Y=-0.000 Z=110.150
[2018.11.30-22.51.05:836][ 62]LogBlueprintUserMessages: [BTSVisionCheck_C_7] X=-636.094 Y=-0.000 Z=110.150
[2018.11.30-22.51.06:328][121]LogBlueprintUserMessages: [BTSVisionCheck_C_7] X=-636.094 Y=-0.000 Z=110.150
[2018.11.30-22.51.06:753][172]LogBlueprintUserMessages: [BTSVisionCheck_C_7] X=-636.094 Y=-0.000 Z=110.150
[2018.11.30-22.51.07:161][221]LogBlueprintUserMessages: [BTSVisionCheck_C_7] X=-636.094 Y=-0.000 Z=110.150
[2018.11.30-22.51.07:744][291]LogBlueprintUserMessages: [BTSVisionCheck_C_7] X=-636.094 Y=-0.000 Z=110.150
[2018.11.30-22.51.08:328][361]LogBlueprintUserMessages: [BTSVisionCheck_C_7] X=-636.094 Y=-0.000 Z=110.150
[2018.11.30-22.51.08:861][425]LogBlueprintUserMessages: [BTSVisionCheck_C_7] X=-636.094 Y=-0.000 Z=110.150
[2018.11.30-22.51.09:278][475]LogBlueprintUserMessages: [BTSVisionCheck_C_7] X=-636.094 Y=-0.000 Z=110.150
[2018.11.30-22.51.09:736][530]LogBlueprintUserMessages: [BTSVisionCheck_C_7] X=-636.094 Y=-0.000 Z=110.150
[2018.11.30-22.51.10:144][579]LogBlueprintUserMessages: [BTSVisionCheck_C_7] X=-636.094 Y=-0.000 Z=110.150
[2018.11.30-22.51.10:628][637]LogBlueprintUserMessages: [BTSVisionCheck_C_7] X=-636.094 Y=-0.000 Z=110.150
[2018.11.30-22.51.11:095][693]LogSlate: Updating window title bar state: overlay mode, drag disabled, window buttons hidden, title bar hidden
[2018.11.30-22.51.11:148][693]LogPlayLevel: Display: Shutting down PIE online subsystems
[2018.11.30-22.51.11:169][693]LogSlate: Updating window title bar state: overlay mode, drag disabled, window buttons hidden, title bar hidden
[2018.11.30-22.51.11:201][695]LogPlayLevel: Display: Destroying online subsystem :Context_3
[2018.11.30-22.51.13:900][ 13]LogSlate: FSceneViewport::OnFocusLost() reason 0
[2018.11.30-22.51.14:008][ 26]LogTemp: Repeating last play command: Selected Viewport
[2018.11.30-22.51.14:020][ 26]LogPlayLevel: PlayLevel: No blueprints needed recompiling
[2018.11.30-22.51.14:020][ 26]PIE: New page: PIE session: TestMap (2/12/2018 12:51:14 am)
[2018.11.30-22.51.14:020][ 26]LogPlayLevel: Creating play world package: /Game/UEDPIE_0_TestMap
[2018.11.30-22.51.14:022][ 26]LogPlayLevel: PIE: StaticDuplicateObject took: (0.002023s)
[2018.11.30-22.51.14:023][ 26]LogAIModule: Creating AISystem for world TestMap
[2018.11.30-22.51.14:023][ 26]LogPlayLevel: PIE: World Init took: (0.000546s)
[2018.11.30-22.51.14:023][ 26]LogPlayLevel: PIE: Created PIE world by copying editor world from /Game/TestMap.TestMap to /Game/UEDPIE_0_TestMap.TestMap (0.002667s)
[2018.11.30-22.51.14:070][ 26]LogInit: XAudio2 using 'Speakers (Realtek High Definition Audio)' : 2 channels at 48 kHz using 32 bits per sample (channel mask 0x3)
[2018.11.30-22.51.14:088][ 26]LogInit: FAudioDevice initialized.
[2018.11.30-22.51.14:121][ 26]LogLoad: Game class is 'ShooterGM_C'
[2018.11.30-22.51.14:123][ 26]LogWorld: Bringing World /Game/UEDPIE_0_TestMap.TestMap up for play (max tick rate 0) at 2018.12.01-11.51.14
[2018.11.30-22.51.14:123][ 26]LogWorld: Bringing up level for play took: 0.001058
[2018.11.30-22.51.14:137][ 26]LogGameMode: Display: Match State Changed from EnteringMap to WaitingToStart
[2018.11.30-22.51.14:137][ 26]LogGameState: Match State Changed from EnteringMap to WaitingToStart
[2018.11.30-22.51.14:137][ 26]LogGameMode: Display: Match State Changed from WaitingToStart to InProgress
[2018.11.30-22.51.14:144][ 26]LogGameState: Match State Changed from WaitingToStart to InProgress
[2018.11.30-22.51.14:145][ 26]PIE: Play in editor start time for /Game/UEDPIE_0_TestMap -0.357
[2018.11.30-22.51.15:366][167]LogBlueprintUserMessages: [BTSVisionCheck_C_7] X=-636.094 Y=-0.000 Z=110.150
[2018.11.30-22.51.15:858][226]LogBlueprintUserMessages: [BTSVisionCheck_C_7] X=-636.094 Y=-0.000 Z=110.150
[2018.11.30-22.51.16:324][282]LogBlueprintUserMessages: [BTSVisionCheck_C_7] X=-636.094 Y=-0.000 Z=110.150
[2018.11.30-22.51.16:732][331]LogBlueprintUserMessages: [BTSVisionCheck_C_7] X=-636.094 Y=-0.000 Z=110.150
[2018.11.30-22.51.17:283][397]LogBlueprintUserMessages: [BTSVisionCheck_C_7] X=-636.094 Y=-0.000 Z=110.150
[2018.11.30-22.51.17:875][468]LogBlueprintUserMessages: [BTSVisionCheck_C_7] X=-636.094 Y=-0.000 Z=110.150
[2018.11.30-22.51.18:309][520]LogBlueprintUserMessages: [BTSVisionCheck_C_7] X=-636.094 Y=-0.000 Z=110.150
[2018.11.30-22.51.18:775][576]LogBlueprintUserMessages: [BTSVisionCheck_C_7] X=-636.094 Y=-0.000 Z=110.150
[2018.11.30-22.51.19:366][647]LogBlueprintUserMessages: [BTSVisionCheck_C_7] X=-636.094 Y=-0.000 Z=110.150
[2018.11.30-22.51.19:958][718]LogBlueprintUserMessages: [BTSVisionCheck_C_7] X=-636.094 Y=-0.000 Z=110.150
[2018.11.30-22.51.20:560][790]LogBlueprintUserMessages: [BTSVisionCheck_C_7] X=-636.094 Y=-0.000 Z=110.150
[2018.11.30-22.51.21:118][857]LogBlueprintUserMessages: [BTSVisionCheck_C_7] X=-636.094 Y=-0.000 Z=110.150
[2018.11.30-22.51.21:420][893]LogSlate: Updating window title bar state: overlay mode, drag disabled, window buttons hidden, title bar hidden
[2018.11.30-22.51.21:449][893]LogPlayLevel: Display: Shutting down PIE online subsystems
[2018.11.30-22.51.21:471][893]LogSlate: Updating window title bar state: overlay mode, drag disabled, window buttons hidden, title bar hidden
[2018.11.30-22.51.21:544][895]LogPlayLevel: Display: Destroying online subsystem :Context_4
[2018.11.30-22.51.23:399][116]LogSlate: FSceneViewport::OnFocusLost() reason 0
[2018.11.30-22.51.23:516][130]LogTemp: Repeating last play command: Selected Viewport
[2018.11.30-22.51.23:528][130]LogPlayLevel: PlayLevel: No blueprints needed recompiling
[2018.11.30-22.51.23:528][130]PIE: New page: PIE session: TestMap (2/12/2018 12:51:23 am)
[2018.11.30-22.51.23:528][130]LogPlayLevel: Creating play world package: /Game/UEDPIE_0_TestMap
[2018.11.30-22.51.23:531][130]LogPlayLevel: PIE: StaticDuplicateObject took: (0.002035s)
[2018.11.30-22.51.23:531][130]LogAIModule: Creating AISystem for world TestMap
[2018.11.30-22.51.23:531][130]LogPlayLevel: PIE: World Init took: (0.000497s)
[2018.11.30-22.51.23:531][130]LogPlayLevel: PIE: Created PIE world by copying editor world from /Game/TestMap.TestMap to /Game/UEDPIE_0_TestMap.TestMap (0.002678s)
[2018.11.30-22.51.23:576][130]LogInit: XAudio2 using 'Speakers (Realtek High Definition Audio)' : 2 channels at 48 kHz using 32 bits per sample (channel mask 0x3)
[2018.11.30-22.51.23:593][130]LogInit: FAudioDevice initialized.
[2018.11.30-22.51.23:631][130]LogLoad: Game class is 'ShooterGM_C'
[2018.11.30-22.51.23:636][130]LogWorld: Bringing World /Game/UEDPIE_0_TestMap.TestMap up for play (max tick rate 0) at 2018.12.01-11.51.23
[2018.11.30-22.51.23:637][130]LogWorld: Bringing up level for play took: 0.003316
[2018.11.30-22.51.23:648][130]LogGameMode: Display: Match State Changed from EnteringMap to WaitingToStart
[2018.11.30-22.51.23:648][130]LogGameState: Match State Changed from EnteringMap to WaitingToStart
[2018.11.30-22.51.23:648][130]LogGameMode: Display: Match State Changed from WaitingToStart to InProgress
[2018.11.30-22.51.23:650][130]LogGameState: Match State Changed from WaitingToStart to InProgress
[2018.11.30-22.51.23:650][130]PIE: Play in editor start time for /Game/UEDPIE_0_TestMap -0.851
[2018.11.30-22.51.24:985][286]LogBlueprintUserMessages: [BTSVisionCheck_C_7] X=-636.094 Y=-0.000 Z=110.150
[2018.11.30-22.51.25:402][336]LogBlueprintUserMessages: [BTSVisionCheck_C_7] X=-636.094 Y=-0.000 Z=110.150
[2018.11.30-22.51.25:969][404]LogBlueprintUserMessages: [BTSVisionCheck_C_7] X=-636.094 Y=-0.000 Z=110.150
[2018.11.30-22.51.26:559][475]LogBlueprintUserMessages: [BTSVisionCheck_C_7] X=-636.094 Y=-0.000 Z=110.150
[2018.11.30-22.51.27:136][544]LogBlueprintUserMessages: [BTSVisionCheck_C_7] X=-636.094 Y=-0.000 Z=110.150
[2018.11.30-22.51.27:702][612]LogBlueprintUserMessages: [BTSVisionCheck_C_7] X=-636.094 Y=-0.000 Z=110.150
[2018.11.30-22.51.28:185][670]LogBlueprintUserMessages: [BTSVisionCheck_C_7] X=-597.874 Y=452.365 Z=110.150
[2018.11.30-22.51.28:685][730]LogBlueprintUserMessages: [BTSVisionCheck_C_7] X=-594.195 Y=460.401 Z=110.150
[2018.11.30-22.51.29:102][780]LogBlueprintUserMessages: [BTSVisionCheck_C_7] X=-594.195 Y=460.401 Z=110.150
[2018.11.30-22.51.29:510][829]LogBlueprintUserMessages: [BTSVisionCheck_C_7] X=-594.195 Y=460.401 Z=110.150
[2018.11.30-22.51.30:002][888]LogBlueprintUserMessages: [BTSVisionCheck_C_7] X=-594.195 Y=460.401 Z=110.150
[2018.11.30-22.51.30:468][944]LogBlueprintUserMessages: [BTSVisionCheck_C_7] X=-594.195 Y=460.401 Z=110.150
[2018.11.30-22.51.31:043][ 13]LogBlueprintUserMessages: [BTSVisionCheck_C_7] X=-658.230 Y=327.575 Z=110.150
[2018.11.30-22.51.31:627][ 83]LogBlueprintUserMessages: [BTSVisionCheck_C_7] X=-658.230 Y=327.575 Z=110.150
[2018.11.30-22.51.32:102][140]LogBlueprintUserMessages: [BTSVisionCheck_C_7] X=-658.230 Y=327.575 Z=110.150
[2018.11.30-22.51.32:694][211]LogBlueprintUserMessages: [BTSVisionCheck_C_7] X=-658.230 Y=327.575 Z=110.150
[2018.11.30-22.51.33:152][266]LogBlueprintUserMessages: [BTSVisionCheck_C_7] X=-658.230 Y=327.575 Z=110.150
[2018.11.30-22.51.33:627][323]LogBlueprintUserMessages: [BTSVisionCheck_C_7] X=-658.230 Y=327.575 Z=110.150
[2018.11.30-22.51.33:704][332]LogSlate: Updating window title bar state: overlay mode, drag disabled, window buttons hidden, title bar hidden
[2018.11.30-22.51.33:734][332]LogPlayLevel: Display: Shutting down PIE online subsystems
[2018.11.30-22.51.33:755][332]LogSlate: Updating window title bar state: overlay mode, drag disabled, window buttons hidden, title bar hidden
[2018.11.30-22.51.33:817][334]LogPlayLevel: Display: Destroying online subsystem :Context_5
[2018.11.30-22.51.40:062][ 77]LogSlate: FSceneViewport::OnFocusLost() reason 0
[2018.11.30-22.51.40:153][ 88]LogTemp: Repeating last play command: Selected Viewport
[2018.11.30-22.51.40:165][ 88]LogPlayLevel: PlayLevel: No blueprints needed recompiling
[2018.11.30-22.51.40:166][ 88]PIE: New page: PIE session: TestMap (2/12/2018 12:51:40 am)
[2018.11.30-22.51.40:166][ 88]LogPlayLevel: Creating play world package: /Game/UEDPIE_0_TestMap
[2018.11.30-22.51.40:168][ 88]LogPlayLevel: PIE: StaticDuplicateObject took: (0.002107s)
[2018.11.30-22.51.40:168][ 88]LogAIModule: Creating AISystem for world TestMap
[2018.11.30-22.51.40:168][ 88]LogPlayLevel: PIE: World Init took: (0.000492s)
[2018.11.30-22.51.40:168][ 88]LogPlayLevel: PIE: Created PIE world by copying editor world from /Game/TestMap.TestMap to /Game/UEDPIE_0_TestMap.TestMap (0.002713s)
[2018.11.30-22.51.40:285][ 88]LogInit: XAudio2 using 'Speakers (Realtek High Definition Audio)' : 2 channels at 48 kHz using 32 bits per sample (channel mask 0x3)
[2018.11.30-22.51.40:344][ 88]LogInit: FAudioDevice initialized.
[2018.11.30-22.51.40:390][ 88]LogLoad: Game class is 'ShooterGM_C'
[2018.11.30-22.51.40:392][ 88]LogWorld: Bringing World /Game/UEDPIE_0_TestMap.TestMap up for play (max tick rate 0) at 2018.12.01-11.51.40
[2018.11.30-22.51.40:392][ 88]LogWorld: Bringing up level for play took: 0.001127
[2018.11.30-22.51.40:406][ 88]LogGameMode: Display: Match State Changed from EnteringMap to WaitingToStart
[2018.11.30-22.51.40:406][ 88]LogGameState: Match State Changed from EnteringMap to WaitingToStart
[2018.11.30-22.51.40:406][ 88]LogGameMode: Display: Match State Changed from WaitingToStart to InProgress
[2018.11.30-22.51.40:408][ 88]LogGameState: Match State Changed from WaitingToStart to InProgress
[2018.11.30-22.51.40:408][ 88]PIE: Play in editor start time for /Game/UEDPIE_0_TestMap -0.093
[2018.11.30-22.51.49:132][124]LogSlate: Updating window title bar state: overlay mode, drag disabled, window buttons hidden, title bar hidden
[2018.11.30-22.51.49:166][124]LogPlayLevel: Display: Shutting down PIE online subsystems
[2018.11.30-22.51.49:192][124]LogSlate: Updating window title bar state: overlay mode, drag disabled, window buttons hidden, title bar hidden
[2018.11.30-22.51.49:250][127]LogPlayLevel: Display: Destroying online subsystem :Context_6
[2018.11.30-22.51.50:068][225]LogSlate: FSceneViewport::OnFocusLost() reason 0
[2018.11.30-22.51.50:159][236]LogTemp: Repeating last play command: Selected Viewport
[2018.11.30-22.51.50:172][236]LogPlayLevel: PlayLevel: No blueprints needed recompiling
[2018.11.30-22.51.50:172][236]PIE: New page: PIE session: TestMap (2/12/2018 12:51:50 am)
[2018.11.30-22.51.50:172][236]LogPlayLevel: Creating play world package: /Game/UEDPIE_0_TestMap
[2018.11.30-22.51.50:174][236]LogPlayLevel: PIE: StaticDuplicateObject took: (0.002100s)
[2018.11.30-22.51.50:174][236]LogAIModule: Creating AISystem for world TestMap
[2018.11.30-22.51.50:174][236]LogPlayLevel: PIE: World Init took: (0.000486s)
[2018.11.30-22.51.50:174][236]LogPlayLevel: PIE: Created PIE world by copying editor world from /Game/TestMap.TestMap to /Game/UEDPIE_0_TestMap.TestMap (0.002700s)
[2018.11.30-22.51.50:221][236]LogInit: XAudio2 using 'Speakers (Realtek High Definition Audio)' : 2 channels at 48 kHz using 32 bits per sample (channel mask 0x3)
[2018.11.30-22.51.50:238][236]LogInit: FAudioDevice initialized.
[2018.11.30-22.51.50:265][236]LogLoad: Game class is 'ShooterGM_C'
[2018.11.30-22.51.50:266][236]LogWorld: Bringing World /Game/UEDPIE_0_TestMap.TestMap up for play (max tick rate 0) at 2018.12.01-11.51.50
[2018.11.30-22.51.50:267][236]LogWorld: Bringing up level for play took: 0.001067
[2018.11.30-22.51.50:280][236]LogGameMode: Display: Match State Changed from EnteringMap to WaitingToStart
[2018.11.30-22.51.50:280][236]LogGameState: Match State Changed from EnteringMap to WaitingToStart
[2018.11.30-22.51.50:280][236]LogGameMode: Display: Match State Changed from WaitingToStart to InProgress
[2018.11.30-22.51.50:287][236]LogGameState: Match State Changed from WaitingToStart to InProgress
[2018.11.30-22.51.50:287][236]PIE: Play in editor start time for /Game/UEDPIE_0_TestMap -0.214
[2018.11.30-22.51.54:023][673]LogBlueprintUserMessages: [BTSVisionCheck_C_7] X=-603.447 Y=365.546 Z=110.150
[2018.11.30-22.51.54:505][731]LogBlueprintUserMessages: [BTSVisionCheck_C_7] X=-603.447 Y=365.546 Z=110.150
[2018.11.30-22.51.55:081][800]LogBlueprintUserMessages: [BTSVisionCheck_C_7] X=-603.447 Y=365.546 Z=110.150
[2018.11.30-22.51.55:490][849]LogBlueprintUserMessages: [BTSVisionCheck_C_7] X=-603.447 Y=365.546 Z=110.150
[2018.11.30-22.51.55:939][903]LogBlueprintUserMessages: [BTSVisionCheck_C_7] X=-603.447 Y=365.546 Z=110.150
[2018.11.30-22.51.56:464][966]LogBlueprintUserMessages: [BTSVisionCheck_C_7] X=-603.447 Y=365.546 Z=110.150
[2018.11.30-22.51.57:031][ 34]LogBlueprintUserMessages: [BTSVisionCheck_C_7] X=-603.447 Y=365.546 Z=110.150
[2018.11.30-22.51.57:356][ 73]LogSlate: Updating window title bar state: overlay mode, drag disabled, window buttons hidden, title bar hidden
[2018.11.30-22.51.57:392][ 73]LogPlayLevel: Display: Shutting down PIE online subsystems
[2018.11.30-22.51.57:418][ 73]LogSlate: Updating window title bar state: overlay mode, drag disabled, window buttons hidden, title bar hidden
[2018.11.30-22.51.57:461][ 75]LogPlayLevel: Display: Destroying online subsystem :Context_7
[2018.11.30-22.51.59:585][321]LogSlate: FSceneViewport::OnFocusLost() reason 0
[2018.11.30-22.51.59:818][342]LogAssetEditorManager: Opening Asset editor for Blueprint /Game/Slealth/AIComponents/BTSVisionCheck.BTSVisionCheck
[2018.11.30-22.52.00:143][342]LogContentBrowser: Native class hierarchy updated for 'BlueprintGraph' in 0.0005 seconds. Added 116 classes and 0 folders.
[2018.11.30-22.52.00:674][342]LogSlate: Took 0.000174 seconds to synchronously load lazily loaded font '../../../Engine/Content/Slate/Fonts/Roboto-BoldCondensed.ttf' (158K)
[2018.11.30-22.52.01:319][401]LogSlate: Took 0.000240 seconds to synchronously load lazily loaded font '../../../Engine/Content/Slate/Fonts/Roboto-Italic.ttf' (157K)
[2018.11.30-22.53.45:767][705]BlueprintLog: New page: Compile BTSVisionCheck
[2018.11.30-22.53.46:654][779]Cmd: OBJ SAVEPACKAGE PACKAGE="/Game/Slealth/AIComponents/BTSVisionCheck" FILE="D:/Unreal Projects/OperationSTP/UnrealStealth/Content/Slealth/AIComponents/BTSVisionCheck.uasset" SILENT=true
[2018.11.30-22.53.46:703][779]LogSavePackage: Moving 'D:/Unreal Projects/OperationSTP/UnrealStealth/Saved/BTSVisionCheckB2F7FA0B4F8CA9EBE9A6F6A99D8E2BF5.tmp' to 'D:/Unreal Projects/OperationSTP/UnrealStealth/Content/Slealth/AIComponents/BTSVisionCheck.uasset'
[2018.11.30-22.53.47:260][844]LogTemp: Repeating last play command: Selected Viewport
[2018.11.30-22.53.47:276][844]LogPlayLevel: PlayLevel: No blueprints needed recompiling
[2018.11.30-22.53.47:276][844]PIE: New page: PIE session: TestMap (2/12/2018 12:53:47 am)
[2018.11.30-22.53.47:276][844]LogPlayLevel: Creating play world package: /Game/UEDPIE_0_TestMap
[2018.11.30-22.53.47:278][844]LogPlayLevel: PIE: StaticDuplicateObject took: (0.002121s)
[2018.11.30-22.53.47:278][844]LogAIModule: Creating AISystem for world TestMap
[2018.11.30-22.53.47:278][844]LogPlayLevel: PIE: World Init took: (0.000498s)
[2018.11.30-22.53.47:278][844]LogPlayLevel: PIE: Created PIE world by copying editor world from /Game/TestMap.TestMap to /Game/UEDPIE_0_TestMap.TestMap (0.002723s)
[2018.11.30-22.53.47:329][844]LogInit: XAudio2 using 'Speakers (Realtek High Definition Audio)' : 2 channels at 48 kHz using 32 bits per sample (channel mask 0x3)
[2018.11.30-22.53.47:347][844]LogInit: FAudioDevice initialized.
[2018.11.30-22.53.47:407][844]LogSlate: Updating window title bar state: overlay mode, drag disabled, window buttons hidden, title bar hidden
[2018.11.30-22.53.47:555][844]LogLoad: Game class is 'ShooterGM_C'
[2018.11.30-22.53.47:556][844]LogWorld: Bringing World /Game/UEDPIE_0_TestMap.TestMap up for play (max tick rate 0) at 2018.12.01-11.53.47
[2018.11.30-22.53.47:557][844]LogWorld: Bringing up level for play took: 0.001181
[2018.11.30-22.53.47:568][844]LogGameMode: Display: Match State Changed from EnteringMap to WaitingToStart
[2018.11.30-22.53.47:568][844]LogGameState: Match State Changed from EnteringMap to WaitingToStart
[2018.11.30-22.53.47:568][844]LogGameMode: Display: Match State Changed from WaitingToStart to InProgress
[2018.11.30-22.53.47:570][844]LogGameState: Match State Changed from WaitingToStart to InProgress
[2018.11.30-22.53.47:573][844]PIE: Play in editor start time for /Game/UEDPIE_0_TestMap 1.072
[2018.11.30-22.53.47:601][844]LogRenderer: Reallocating scene render targets to support 1292x756 Format 10 NumSamples 1 (Frame:1).
[2018.11.30-22.54.03:983][800]LogSlate: Updating window title bar state: overlay mode, drag disabled, window buttons hidden, title bar hidden
[2018.11.30-22.54.03:996][800]LogSlate: Window 'UnrealStealth Game Preview Standalone (64-bit/PCD3D_SM5)' being destroyed
[2018.11.30-22.54.04:029][800]LogPlayLevel: Display: Shutting down PIE online subsystems
[2018.11.30-22.54.04:084][802]LogPlayLevel: Display: Destroying online subsystem :Context_9
[2018.11.30-22.54.06:894][139]BlueprintLog: New page: Compile BTSVisionCheck
[2018.11.30-22.54.07:405][170]Cmd: OBJ SAVEPACKAGE PACKAGE="/Game/Slealth/AIComponents/BTSVisionCheck" FILE="D:/Unreal Projects/OperationSTP/UnrealStealth/Content/Slealth/AIComponents/BTSVisionCheck.uasset" SILENT=true
[2018.11.30-22.54.07:452][170]LogSavePackage: Moving 'D:/Unreal Projects/OperationSTP/UnrealStealth/Saved/BTSVisionCheck1B29479445F63A1C749CCA99F2E3CE06.tmp' to 'D:/Unreal Projects/OperationSTP/UnrealStealth/Content/Slealth/AIComponents/BTSVisionCheck.uasset'
