Log file open, 10/23/18 09:16:14
LogWindows: Failed to load 'aqProf.dll' (GetLastError=126)
LogWindows: File 'aqProf.dll' does not exist
LogWindows: Failed to load 'VtuneApi.dll' (GetLastError=126)
LogWindows: File 'VtuneApi.dll' does not exist
LogWindows: Failed to load 'VtuneApi32e.dll' (GetLastError=126)
LogWindows: File 'VtuneApi32e.dll' does not exist
LogInit: Display: Running engine for game: OperationSTP
LogPlatformFile: Not using cached read wrapper
LogTaskGraph: Started task graph with 5 named threads and 23 total threads with 3 sets of task threads.
LogStats: Stats thread started at 0.296218
LogD3D11RHI: Loaded GFSDK_Aftermath_Lib.x64.dll
LogICUInternationalization: Display: ICU TimeZone Detection - Raw Offset: +12:00, Platform Override: ''
LogPluginManager: Mounting plugin Paper2D
LogPluginManager: Mounting plugin AISupport
LogPluginManager: Mounting plugin LightPropagationVolume
LogPluginManager: Mounting plugin CLionSourceCodeAccess
LogPluginManager: Mounting plugin CodeLiteSourceCodeAccess
LogPluginManager: Mounting plugin GitSourceControl
LogPluginManager: Mounting plugin KDevelopSourceCodeAccess
LogPluginManager: Mounting plugin NullSourceCodeAccess
LogPluginManager: Mounting plugin PerforceSourceControl
LogPluginManager: Mounting plugin SubversionSourceControl
LogPluginManager: Mounting plugin UObjectPlugin
LogPluginManager: Mounting plugin VisualStudioCodeSourceCodeAccess
LogPluginManager: Mounting plugin VisualStudioSourceCodeAccess
LogPluginManager: Mounting plugin XCodeSourceCodeAccess
LogPluginManager: Mounting plugin AssetManagerEditor
LogPluginManager: Mounting plugin CryptoKeys
LogPluginManager: Mounting plugin DataValidation
LogPluginManager: Mounting plugin FacialAnimation
LogPluginManager: Mounting plugin GameplayTagsEditor
LogPluginManager: Mounting plugin MacGraphicsSwitching
LogPluginManager: Mounting plugin MeshEditor
LogPluginManager: Mounting plugin MobileLauncherProfileWizard
LogPluginManager: Mounting plugin PluginBrowser
LogPluginManager: Mounting plugin SpeedTreeImporter
LogPluginManager: Mounting plugin DatasmithContent
LogPluginManager: Mounting plugin AlembicImporter
LogPluginManager: Mounting plugin AppleImageUtils
LogPluginManager: Mounting plugin AppleVision
LogPluginManager: Mounting plugin BackChannel
LogPluginManager: Mounting plugin CharacterAI
LogPluginManager: Mounting plugin GeometryCache
LogPluginManager: Mounting plugin HTML5Networking
LogPluginManager: Mounting plugin ProxyLODPlugin
LogPluginManager: Mounting plugin MagicLeap
LogPluginManager: Mounting plugin MagicLeapEmulator
LogPluginManager: Mounting plugin MagicLeapMedia
LogPluginManager: Mounting plugin AndroidMedia
LogPluginManager: Mounting plugin AvfMedia
LogPluginManager: Mounting plugin ImgMedia
LogPluginManager: Mounting plugin LinearTimecode
LogPluginManager: Mounting plugin MediaCompositing
LogPluginManager: Mounting plugin MediaPlayerEditor
LogPluginManager: Mounting plugin WmfMedia
LogPluginManager: Mounting plugin TcpMessaging
LogPluginManager: Mounting plugin UdpMessaging
LogPluginManager: Mounting plugin ActorSequence
LogPluginManager: Mounting plugin LevelSequenceEditor
LogPluginManager: Mounting plugin MatineeToLevelSequence
LogPluginManager: Mounting plugin NetcodeUnitTest
LogPluginManager: Mounting plugin NUTUnrealEngine4
LogPluginManager: Mounting plugin OnlineSubsystemGooglePlay
LogPluginManager: Mounting plugin OnlineSubsystemIOS
LogPluginManager: Mounting plugin OnlineSubsystem
LogPluginManager: Mounting plugin OnlineSubsystemNull
LogPluginManager: Mounting plugin OnlineSubsystemUtils
LogPluginManager: Mounting plugin LauncherChunkInstaller
LogPluginManager: Mounting plugin AndroidDeviceProfileSelector
LogPluginManager: Mounting plugin AndroidMoviePlayer
LogPluginManager: Mounting plugin AndroidPermission
LogPluginManager: Mounting plugin AppleMoviePlayer
LogPluginManager: Mounting plugin ArchVisCharacter
LogPluginManager: Mounting plugin AudioCapture
LogPluginManager: Mounting plugin CableComponent
LogPluginManager: Mounting plugin CustomMeshComponent
LogPluginManager: Mounting plugin EditableMesh
LogPluginManager: Mounting plugin ExampleDeviceProfileSelector
LogPluginManager: Mounting plugin GoogleCloudMessaging
LogPluginManager: Mounting plugin ImmediatePhysics
LogPluginManager: Mounting plugin IOSDeviceProfileSelector
LogPluginManager: Mounting plugin LinuxDeviceProfileSelector
LogPluginManager: Mounting plugin LocationServicesBPLibrary
LogPluginManager: Mounting plugin MobilePatchingUtils
LogPluginManager: Mounting plugin OculusVR
LogPluginManager: Plugin shader directory ../../../Engine/Plugins/Runtime/Oculus/OculusVR/Shaders found
LogPluginManager: Mapping shader source directory ../../../Engine/Plugins/Runtime/Oculus/OculusVR/Shaders to virtual directory /Plugin/OculusVR
LogPluginManager: Mounting plugin PhysXVehicles
LogPluginManager: Mounting plugin ProceduralMeshComponent
LogPluginManager: Mounting plugin RuntimePhysXCooking
LogPluginManager: Mounting plugin SteamVR
LogPluginManager: Mounting plugin WindowsMoviePlayer
LogStreaming: Display: Took  0.142s to configure plugins.
LogInit: Using libcurl 7.55.1-DEV
LogInit:  - built for x86_64-pc-win32
LogInit:  - supports SSL with OpenSSL/1.0.2h
LogInit:  - supports HTTP deflate (compression) using libz 1.2.8
LogInit:  - other features:
LogInit:      CURL_VERSION_SSL
LogInit:      CURL_VERSION_LIBZ
LogInit:      CURL_VERSION_IPV6
LogInit:      CURL_VERSION_ASYNCHDNS
LogInit:      CURL_VERSION_LARGEFILE
LogInit:      CURL_VERSION_IDN
LogInit:  CurlRequestOptions (configurable via config and command line):
LogInit:  - bVerifyPeer = false  - Libcurl will NOT verify peer certificate
LogInit:  - bUseHttpProxy = false  - Libcurl will NOT use HTTP proxy
LogInit:  - bDontReuseConnections = false  - Libcurl will reuse connections
LogInit:  - CertBundlePath = nullptr  - Libcurl will use whatever was configured at build time.
LogInit:  - MaxHostConnections = 16  - Libcurl will limit the number of connections to a host
LogInit:  - LocalHostAddr = Default
LogInit:  - BufferSize = 65536
LogInit: WinSock: version 1.1 (2.2), MaxSocks=32767, MaxUdp=65467
LogInit: Build: ++UE4+Release-4.20-CL-4233996
LogInit: Engine Version: 4.20.1-4233996+++UE4+Release-4.20
LogInit: Compatible Engine Version: 4.20.0-4212847+++UE4+Release-4.20
LogInit: Net CL: 4212847
LogInit: OS: Windows 10 (), CPU: Intel(R) Core(TM) i7-6700HQ CPU @ 2.60GHz, GPU: Intel(R) HD Graphics 530
LogInit: Compiled (64-bit): Jul 26 2018 10:07:30
LogInit: Compiled with Visual C++: 19.13.26129.00
LogInit: Build Configuration: Development
LogInit: Branch Name: ++UE4+Release-4.20
LogInit: Command Line: 
LogInit: Base Directory: C:/Program Files/Epic Games/UE_4.20/Engine/Binaries/Win64/
LogInit: Installed Engine Build: 1
LogDevObjectVersion: Number of dev versions registered: 20
LogDevObjectVersion:   Dev-Blueprints (B0D832E4-1F89-4F0D-ACCF-7EB736FD4AA2): 10
LogDevObjectVersion:   Dev-Build (E1C64328-A22C-4D53-A36C-8E866417BD8C): 0
LogDevObjectVersion:   Dev-Core (375EC13C-06E4-48FB-B500-84F0262A717E): 2
LogDevObjectVersion:   Dev-Editor (E4B068ED-F494-42E9-A231-DA0B2E46BB41): 24
LogDevObjectVersion:   Dev-Framework (CFFC743F-43B0-4480-9391-14DF171D2073): 34
LogDevObjectVersion:   Dev-Mobile (B02B49B5-BB20-44E9-A304-32B752E40360): 2
LogDevObjectVersion:   Dev-Networking (A4E4105C-59A1-49B5-A7C5-40C4547EDFEE): 0
LogDevObjectVersion:   Dev-Online (39C831C9-5AE6-47DC-9A44-9C173E1C8E7C): 0
LogDevObjectVersion:   Dev-Physics (78F01B33-EBEA-4F98-B9B4-84EACCB95AA2): 0
LogDevObjectVersion:   Dev-Platform (6631380F-2D4D-43E0-8009-CF276956A95A): 0
LogDevObjectVersion:   Dev-Rendering (12F88B9F-8875-4AFC-A67C-D90C383ABD29): 26
LogDevObjectVersion:   Dev-Sequencer (7B5AE74C-D270-4C10-A958-57980B212A5A): 9
LogDevObjectVersion:   Dev-VR (D7296918-1DD6-4BDD-9DE2-64A83CC13884): 2
LogDevObjectVersion:   Dev-LoadTimes (C2A15278-BFE7-4AFE-6C17-90FF531DF755): 1
LogDevObjectVersion:   Private-Geometry (6EACA3D4-40EC-4CC1-B786-8BED09428FC5): 3
LogDevObjectVersion:   Dev-AnimPhys (29E575DD-E0A3-4627-9D10-D276232CDCEA): 17
LogDevObjectVersion:   Dev-ReflectionCapture (6B266CEC-1EC7-4B8F-A30B-E4D90942FC07): 1
LogDevObjectVersion:   Dev-Automation (0DF73D61-A23F-47EA-B727-89E90C41499A): 1
LogDevObjectVersion:   FortniteMain (601D1886-AC64-4F84-AA16-D3DE0DEAC7D6): 12
LogDevObjectVersion:   Dev-Enterprise (9DFFBCD6-494F-0158-E221-12823C92A888): 1
LogStreaming: Display: Took  0.001s to delete old logs.
LogInit: Presizing for max 8388607 objects, including 0 objects not considered by GC, pre-allocating 0 bytes for permanent pool.
LogInit: Object subsystem initialized
[2018.10.22-20.16.15:237][  0]LogInit: Selected Device Profile: [Windows]
[2018.10.22-20.16.15:237][  0]LogInit: Applying CVar settings loaded from the selected device profile: [Windows]
[2018.10.22-20.16.15:275][  0]LogHAL: Display: Platform has ~ 16 GB [17079529472 / 17179869184 / 16], which maps to Larger [LargestMinGB=32, LargerMinGB=12, DefaultMinGB=8, SmallerMinGB=6, SmallestMinGB=0)
[2018.10.22-20.16.15:275][  0]LogInit: Setting Device Profile CVar: [[r.Vulkan.UseRealUBs:1]]
[2018.10.22-20.16.15:275][  0]LogInit: Going up to parent DeviceProfile []
[2018.10.22-20.16.15:276][  0]LogInit: Computer: A00696
[2018.10.22-20.16.15:276][  0]LogInit: User: RanjuRaveendran
[2018.10.22-20.16.15:276][  0]LogInit: CPU Page size=4096, Cores=4
[2018.10.22-20.16.15:276][  0]LogInit: High frequency timer resolution =2.531251 MHz
[2018.10.22-20.16.15:276][  0]LogMemory: Memory total: Physical=15.9GB (16GB approx)
[2018.10.22-20.16.15:276][  0]LogMemory: Platform Memory Stats for Windows
[2018.10.22-20.16.15:276][  0]LogMemory: Process Physical Memory: 101.10 MB used, 101.10 MB peak
[2018.10.22-20.16.15:276][  0]LogMemory: Process Virtual Memory: 89.38 MB used, 89.38 MB peak
[2018.10.22-20.16.15:276][  0]LogMemory: Physical Memory: 6981.29 MB used,  9307.02 MB free, 16288.31 MB total
[2018.10.22-20.16.15:276][  0]LogMemory: Virtual Memory: 541.20 MB used,  9307.02 MB free, 134217728.00 MB total
[2018.10.22-20.16.15:302][  0]LogInit: Using OS detected language (en-US).
[2018.10.22-20.16.15:302][  0]LogInit: Using OS detected locale (en-NZ).
[2018.10.22-20.16.15:302][  0]LogTextLocalizationManager: No specific localization for 'en-US' exists, so the 'en' localization will be used.
[2018.10.22-20.16.15:686][  0]LogStreaming: Display: Took  0.384s to InitEngineTextLocalization.
[2018.10.22-20.16.15:686][  0]LogInit: Setting process to per monitor DPI aware
[2018.10.22-20.16.15:734][  0]LogSlate: New Slate User Created.  User Index 0, Is Virtual User: 0
[2018.10.22-20.16.15:734][  0]LogSlate: Slate User Registered.  User Index 0, Is Virtual User: 0
[2018.10.22-20.16.16:161][  0]LogHMD: Failed to initialize OpenVR with code 110
[2018.10.22-20.16.16:162][  0]LogD3D11RHI: D3D11 adapters:
[2018.10.22-20.16.16:211][  0]LogD3D11RHI:    0. 'NVIDIA GeForce GTX 960M' (Feature Level 11_0)
[2018.10.22-20.16.16:211][  0]LogD3D11RHI:       4065/0/8144 MB DedicatedVideo/DedicatedSystem/SharedSystem, Outputs:2, VendorId:0x10de
[2018.10.22-20.16.16:222][  0]LogD3D11RHI:    1. 'Intel(R) HD Graphics 530' (Feature Level 11_0)
[2018.10.22-20.16.16:222][  0]LogD3D11RHI:       128/0/8144 MB DedicatedVideo/DedicatedSystem/SharedSystem, Outputs:0, VendorId:0x8086
[2018.10.22-20.16.16:225][  0]LogD3D11RHI:    2. 'Microsoft Basic Render Driver' (Feature Level 11_0)
[2018.10.22-20.16.16:225][  0]LogD3D11RHI:       0/0/8144 MB DedicatedVideo/DedicatedSystem/SharedSystem, Outputs:0, VendorId:0x1414
[2018.10.22-20.16.16:225][  0]LogD3D11RHI: Chosen D3D11 Adapter: 0
[2018.10.22-20.16.16:231][  0]LogD3D11RHI: Creating new Direct3DDevice
[2018.10.22-20.16.16:231][  0]LogD3D11RHI:     GPU DeviceId: 0x139b (for the marketing name, search the web for "GPU Device Id")
[2018.10.22-20.16.16:231][  0]LogWindows: EnumDisplayDevices:
[2018.10.22-20.16.16:231][  0]LogWindows:    0. 'Intel(R) HD Graphics 530' (P:1 D:1)
[2018.10.22-20.16.16:231][  0]LogWindows:    1. 'Intel(R) HD Graphics 530' (P:0 D:1)
[2018.10.22-20.16.16:232][  0]LogWindows:    2. 'Intel(R) HD Graphics 530' (P:0 D:0)
[2018.10.22-20.16.16:232][  0]LogWindows: DebugString: PrimaryIsNotTheChoosenAdapter PrimaryIsNotTheChoosenAdapter PrimaryIsNotTheChoosenAdapter FoundDriverCount:0 
[2018.10.22-20.16.16:232][  0]LogD3D11RHI:     Adapter Name: NVIDIA GeForce GTX 960M
[2018.10.22-20.16.16:232][  0]LogD3D11RHI:   Driver Version: Unknown (internal:Unknown, unified:Unknown)
[2018.10.22-20.16.16:232][  0]LogD3D11RHI:      Driver Date: Unknown
[2018.10.22-20.16.16:232][  0]LogRHI: Texture pool is 2846 MB (70% of 4065 MB)
[2018.10.22-20.16.16:263][  0]LogD3D11RHI: Async texture creation enabled
[2018.10.22-20.16.16:278][  0]LogD3D11RHI: GPU Timing Frequency: 1000.000000 (Debug: 2 1)
[2018.10.22-20.16.16:280][  0]LogShaderCompilers: Guid format shader working directory is 28 characters bigger than the processId version (D:/Unreal/OperationSTP/Unreal/Intermediate/Shaders/WorkingDirectory/7308/).
[2018.10.22-20.16.16:280][  0]LogShaderCompilers: Cleaned the shader compiler working directory 'C:/Users/ranju.raveendran/AppData/Local/Temp/UnrealShaderWorkingDir/31A100644A8F3ECCED1A5286BE200A5F/'.
[2018.10.22-20.16.16:600][  0]LogTemp: Display: Loaded TP AllDesktopTargetPlatform
[2018.10.22-20.16.16:615][  0]LogTemp: Display: Loaded TP MacClientTargetPlatform
[2018.10.22-20.16.16:630][  0]LogTemp: Display: Loaded TP MacNoEditorTargetPlatform
[2018.10.22-20.16.16:645][  0]LogTemp: Display: Loaded TP MacServerTargetPlatform
[2018.10.22-20.16.16:660][  0]LogTemp: Display: Loaded TP MacTargetPlatform
[2018.10.22-20.16.16:676][  0]LogTemp: Display: Loaded TP WindowsClientTargetPlatform
[2018.10.22-20.16.16:691][  0]LogTemp: Display: Loaded TP WindowsNoEditorTargetPlatform
[2018.10.22-20.16.16:706][  0]LogTemp: Display: Loaded TP WindowsServerTargetPlatform
[2018.10.22-20.16.16:713][  0]LogTemp: Display: Loaded TP WindowsTargetPlatform
[2018.10.22-20.16.16:800][  0]LogTemp: Display: Loaded TP AndroidTargetPlatform
[2018.10.22-20.16.16:801][  0]LogTemp: Display: Loaded TP AndroidTargetPlatform
[2018.10.22-20.16.16:801][  0]LogTemp: Display: Loaded TP AndroidTargetPlatform
[2018.10.22-20.16.16:801][  0]LogTemp: Display: Loaded TP AndroidTargetPlatform
[2018.10.22-20.16.16:801][  0]LogTemp: Display: Loaded TP AndroidTargetPlatform
[2018.10.22-20.16.16:801][  0]LogTemp: Display: Loaded TP AndroidTargetPlatform
[2018.10.22-20.16.16:801][  0]LogTemp: Display: Loaded TP AndroidTargetPlatform
[2018.10.22-20.16.16:801][  0]LogTemp: Display: Loaded TP AndroidTargetPlatform
[2018.10.22-20.16.16:801][  0]LogTemp: Display: Loaded TP AndroidTargetPlatform
[2018.10.22-20.16.16:801][  0]LogTemp: Display: Loaded TP AndroidTargetPlatform
[2018.10.22-20.16.16:801][  0]LogTemp: Display: Loaded TP AndroidTargetPlatform
[2018.10.22-20.16.16:801][  0]LogTemp: Display: Loaded TP AndroidTargetPlatform
[2018.10.22-20.16.16:801][  0]LogTemp: Display: Loaded TP AndroidTargetPlatform
[2018.10.22-20.16.16:801][  0]LogTemp: Display: Loaded TP AndroidTargetPlatform
[2018.10.22-20.16.16:801][  0]LogTemp: Display: Loaded TP AndroidTargetPlatform
[2018.10.22-20.16.16:801][  0]LogTemp: Display: Loaded TP AndroidTargetPlatform
[2018.10.22-20.16.16:801][  0]LogTemp: Display: Loaded TP AndroidTargetPlatform
[2018.10.22-20.16.16:801][  0]LogTemp: Display: Loaded TP AndroidTargetPlatform
[2018.10.22-20.16.16:803][  0]LogTemp: Display: Loaded TP HTML5TargetPlatform
[2018.10.22-20.16.16:871][  0]LogTemp: Display: Loaded TP IOSTargetPlatform
[2018.10.22-20.16.16:871][  0]LogTemp: Display: Loaded TP IOSTargetPlatform
[2018.10.22-20.16.16:896][  0]LogTemp: Display: Loaded TP TVOSTargetPlatform
[2018.10.22-20.16.16:896][  0]LogTemp: Display: Loaded TP TVOSTargetPlatform
[2018.10.22-20.16.16:910][  0]LogTemp: Display: Loaded TP LinuxClientTargetPlatform
[2018.10.22-20.16.16:924][  0]LogTemp: Display: Loaded TP LinuxNoEditorTargetPlatform
[2018.10.22-20.16.16:938][  0]LogTemp: Display: Loaded TP LinuxServerTargetPlatform
[2018.10.22-20.16.16:955][  0]LogTemp: Display: Loaded TP LinuxTargetPlatform
[2018.10.22-20.16.16:965][  0]LogTemp: Display: Loaded TP LuminTargetPlatform
[2018.10.22-20.16.16:965][  0]LogTargetPlatformManager: Display: Building Assets For Windows
[2018.10.22-20.16.17:047][  0]LogXGEController: Cannot use XGE Controller as Incredibuild is not installed on this machine.
[2018.10.22-20.16.17:047][  0]LogShaderCompilers: Cannot use XGE Shader Compiler as Incredibuild is not installed on this machine.
[2018.10.22-20.16.17:047][  0]LogShaderCompilers: Display: Using Local Shader Compiler.
[2018.10.22-20.16.17:994][  0]LogDerivedDataCache: Display: Max Cache Size: 512 MB
[2018.10.22-20.16.18:051][  0]LogDerivedDataCache: Loaded boot cache 0.06s 71MB C:/Users/ranju.raveendran/AppData/Local/UnrealEngine/4.20/DerivedDataCache/Boot.ddc.
[2018.10.22-20.16.18:051][  0]LogDerivedDataCache: Display: Loaded Boot cache: C:/Users/ranju.raveendran/AppData/Local/UnrealEngine/4.20/DerivedDataCache/Boot.ddc
[2018.10.22-20.16.18:051][  0]LogDerivedDataCache: FDerivedDataBackendGraph:  Pak pak cache file D:/Unreal/OperationSTP/Unreal/DerivedDataCache/DDC.ddp not found, will not use a pak cache.
[2018.10.22-20.16.18:051][  0]LogDerivedDataCache: Unable to find inner node Pak for hierarchical cache Hierarchy.
[2018.10.22-20.16.18:051][  0]LogDerivedDataCache: FDerivedDataBackendGraph:  CompressedPak pak cache file D:/Unreal/OperationSTP/Unreal/DerivedDataCache/Compressed.ddp not found, will not use a pak cache.
[2018.10.22-20.16.18:051][  0]LogDerivedDataCache: Unable to find inner node CompressedPak for hierarchical cache Hierarchy.
[2018.10.22-20.16.18:065][  0]LogDerivedDataCache: Display: Pak cache opened for reading ../../../Engine/DerivedDataCache/Compressed.ddp.
[2018.10.22-20.16.18:079][  0]LogDerivedDataCache: Using Local data cache path C:/Users/ranju.raveendran/AppData/Local/UnrealEngine/Common/DerivedDataCache: Writable
[2018.10.22-20.16.18:079][  0]LogDerivedDataCache: Shared data cache path not found in *engine.ini, will not use an Shared cache.
[2018.10.22-20.16.18:079][  0]LogDerivedDataCache: Unable to find inner node Shared for hierarchical cache Hierarchy.
[2018.10.22-20.16.18:104][  0]LogMaterial: Verifying Global Shaders for PCD3D_SM5
[2018.10.22-20.16.18:106][  0]LogSlate: Using FreeType 2.6.0
[2018.10.22-20.16.18:108][  0]LogSlate: SlateFontServices - WITH_FREETYPE: 1, WITH_HARFBUZZ: 1
[2018.10.22-20.16.18:232][  0]LogAssetRegistry: FAssetRegistry took 0.0270 seconds to start up
[2018.10.22-20.16.18:610][  0]LogInit: Selected Device Profile: [Windows]
[2018.10.22-20.16.18:787][  0]LogSimplygon: Simplygon DLL not present - disabling.
[2018.10.22-20.16.18:794][  0]LogMeshReduction: Using SimplygonSwarm for distributed automatic mesh merging
[2018.10.22-20.16.18:794][  0]LogMeshReduction: Using ProxyLODMeshReduction for automatic mesh merging
[2018.10.22-20.16.18:794][  0]LogMeshReduction: Using QuadricMeshReduction for automatic static mesh reduction
[2018.10.22-20.16.18:794][  0]LogMeshReduction: No automatic skeletal mesh reduction module available
[2018.10.22-20.16.18:815][  0]LogNetVersion: OperationSTP 1.0.0, NetCL: 4212847, EngineNetVer: 5, GameNetVer: 0 (Checksum: 2083948243)
[2018.10.22-20.16.19:407][  0]LogPackageLocalizationCache: Processed 11 localized package path(s) for 2 prioritized culture(s) in 0.092619 seconds
[2018.10.22-20.16.19:416][  0]LogUObjectArray: 38425 objects as part of root set at end of initial load.
[2018.10.22-20.16.19:416][  0]LogUObjectAllocator: 6690872 out of 0 bytes used by permanent object pool.
[2018.10.22-20.16.19:416][  0]LogUObjectArray: CloseDisregardForGC: 0/0 objects in disregard for GC pool
[2018.10.22-20.16.21:189][  0]LogTcpMessaging: Initializing TcpMessaging bridge
[2018.10.22-20.16.21:203][  0]LogUdpMessaging: Initializing bridge on interface 0.0.0.0:0 to multicast group 230.0.0.1:6666.
[2018.10.22-20.16.21:411][  0]SourceControl: Source control is disabled
[2018.10.22-20.16.21:411][  0]SourceControl: Source control is disabled
[2018.10.22-20.16.21:414][  0]SourceControl: Source control is disabled
[2018.10.22-20.16.21:416][  0]SourceControl: Source control is disabled
[2018.10.22-20.16.21:607][  0]LogAndroidPermission: UAndroidPermissionCallbackProxy::GetInstance
[2018.10.22-20.16.21:662][  0]LogOcInput: OculusInput pre-init called
[2018.10.22-20.16.21:737][  0]LogEngine: Initializing Engine...
[2018.10.22-20.16.21:738][  0]LogHMD: Failed to initialize OpenVR with code 110
[2018.10.22-20.16.21:739][  0]LogStats: UGameplayTagsManager::ConstructGameplayTagTree: ImportINI prefixes -  0.000 s
[2018.10.22-20.16.21:739][  0]LogStats: UGameplayTagsManager::ConstructGameplayTagTree: Construct from data asset -  0.000 s
[2018.10.22-20.16.21:740][  0]LogStats: UGameplayTagsManager::ConstructGameplayTagTree: ImportINI -  0.000 s
[2018.10.22-20.16.21:740][  0]LogStats: UGameplayTagsManager::ConstructGameplayTagTree: GameplayTagTreeChangedEvent.Broadcast -  0.000 s
[2018.10.22-20.16.21:984][  0]LogInit: Initializing FReadOnlyCVARCache
[2018.10.22-20.16.22:001][  0]LogAIModule: Creating AISystem for world Untitled
[2018.10.22-20.16.22:009][  0]LogInit: XAudio2 using 'Speakers (Realtek High Definition Audio)' : 2 channels at 48 kHz using 32 bits per sample (channel mask 0x3)
[2018.10.22-20.16.22:109][  0]LogInit: FAudioDevice initialized.
[2018.10.22-20.16.22:109][  0]LogNetVersion: Set ProjectVersion to 1.0.0.0. Version Checksum will be recalculated on next use.
[2018.10.22-20.16.22:185][  0]LogDerivedDataCache: Saved boot cache 0.08s 71MB C:/Users/ranju.raveendran/AppData/Local/UnrealEngine/4.20/DerivedDataCache/Boot.ddc.
[2018.10.22-20.16.22:189][  0]LogInit: Texture streaming: Enabled
[2018.10.22-20.16.22:210][  0]LogEngineSessionManager: EngineSessionManager initialized
[2018.10.22-20.16.22:225][  0]LogInit: Transaction tracking system initialized
[2018.10.22-20.16.22:256][  0]BlueprintLog: New page: Editor Load
[2018.10.22-20.16.22:362][  0]LocalizationService: Localization service is disabled
[2018.10.22-20.16.23:026][  0]LogCook: Display: Max memory allowance for cook 16384mb min free memory 0mb
[2018.10.22-20.16.23:026][  0]LogCook: Display: Mobile HDR setting 1
[2018.10.22-20.16.23:026][  0]LogGameplayTags: Display: UGameplayTagsManager::DoneAddingNativeTags. DelegateIsBound: 0
[2018.10.22-20.16.23:026][  0]LogStats: UGameplayTagsManager::ConstructGameplayTagTree: ImportINI prefixes -  0.000 s
[2018.10.22-20.16.23:026][  0]LogStats: UGameplayTagsManager::ConstructGameplayTagTree: Construct from data asset -  0.000 s
[2018.10.22-20.16.23:026][  0]LogStats: UGameplayTagsManager::ConstructGameplayTagTree: ImportINI -  0.000 s
[2018.10.22-20.16.23:026][  0]LogStats: UGameplayTagsManager::ConstructGameplayTagTree: GameplayTagTreeChangedEvent.Broadcast -  0.000 s
[2018.10.22-20.16.23:129][  0]LogFileCache: Scanning file cache for directory 'D:/Unreal/OperationSTP/Unreal/Content/' took 0.01s
[2018.10.22-20.16.23:196][  0]SourceControl: Source control is disabled
[2018.10.22-20.16.23:196][  0]Cmd: MAP LOAD FILE="D:/Unreal/OperationSTP/Unreal/Content/ThirdPersonBP/Maps/BaseLevel.umap" TEMPLATE=0 SHOWPROGRESS=1 FEATURELEVEL=3
[2018.10.22-20.16.23:196][  0]LightingResults: New page: Lighting Build
[2018.10.22-20.16.23:199][  0]MapCheck: New page: Map Check
[2018.10.22-20.16.23:199][  0]LightingResults: New page: Lighting Build
[2018.10.22-20.16.24:045][  0]LogAnimationCompression: Building Anim DDC data for AnimSequence /Game/Mannequin/Animations/ThirdPersonWalk.ThirdPersonWalk
[2018.10.22-20.16.24:045][  0]LogAnimationCompression: Compression Requested for Empty Animation ThirdPersonWalk
[2018.10.22-20.16.24:090][  0]LogMaterial: Display: Missing cached shader map for material charSHD, compiling. 
[2018.10.22-20.16.24:156][  0]LogSkeletalMesh: Building Skeletal Mesh model...
[2018.10.22-20.16.24:168][  0]LogShaderCompilers: Display: Shaders left to compile 60
[2018.10.22-20.16.24:168][  0]LogShaderCompilers: Display: Shaders left to compile 50
[2018.10.22-20.16.24:168][  0]LogShaderCompilers: Display: Shaders left to compile 40
[2018.10.22-20.16.24:168][  0]LogShaderCompilers: Display: Shaders left to compile 30
[2018.10.22-20.16.24:168][  0]LogShaderCompilers: Display: Shaders left to compile 20
[2018.10.22-20.16.24:168][  0]LogSkeletalMesh: Built Skeletal Mesh [0.01s] /Game/MyChar/model.model
[2018.10.22-20.16.24:178][  0]LogMaterial: Display: Missing cached shader map for material lambert1, compiling. 
[2018.10.22-20.16.24:431][  0]LogAIModule: Creating AISystem for world BaseLevel
[2018.10.22-20.16.24:463][  0]LogWindowsTextInputMethodSystem: Display: IME system now deactivated.
[2018.10.22-20.16.24:473][  0]LogSlate: Took 0.000302 seconds to synchronously load lazily loaded font '../../../Engine/Content/Slate/Fonts/Roboto-Regular.ttf' (155K)
[2018.10.22-20.16.26:632][  0]LogShaderCompilers: Display: Shaders left to compile 70
[2018.10.22-20.16.27:021][  0]LogShaderCompilers: Display: Shaders left to compile 60
[2018.10.22-20.16.27:123][  0]LogShaderCompilers: Display: Shaders left to compile 50
[2018.10.22-20.16.28:039][  0]LogShaderCompilers: Display: Shaders left to compile 40
[2018.10.22-20.16.28:140][  0]LogShaderCompilers: Display: Shaders left to compile 30
[2018.10.22-20.16.29:037][  0]LogShaderCompilers: Display: Shaders left to compile 20
[2018.10.22-20.16.29:883][  0]LogShaderCompilers: Display: Shaders left to compile 10
[2018.10.22-20.16.29:900][  0]LogSlate: Window 'Message' being destroyed
[2018.10.22-20.16.29:900][  0]LogWindowsTextInputMethodSystem: Display: IME system now deactivated.
[2018.10.22-20.16.29:902][  0]LogWindowsTextInputMethodSystem: Display: IME system now deactivated.
[2018.10.22-20.16.29:903][  0]LoadErrors: Error: The Skeleton  UE4_Mannequin_Skeleton is missing bones that SkeletalMesh  SK_Mannequin needs. They will be added now. Please save the Skeleton!
[2018.10.22-20.16.29:903][  0]LoadErrors: Error: The Skeleton  UE4_Mannequin_Skeleton is missing bones that SkeletalMesh  SK_Mannequin needs. They will be added now. Please save the Skeleton!
[2018.10.22-20.16.29:903][  0]LoadErrors: Error: The Skeleton  UE4_Mannequin_Skeleton is missing bones that SkeletalMesh  SK_Mannequin needs. They will be added now. Please save the Skeleton!
[2018.10.22-20.16.29:903][  0]LoadErrors: Error: The Skeleton  UE4_Mannequin_Skeleton is missing bones that SkeletalMesh  SK_Mannequin needs. They will be added now. Please save the Skeleton!
[2018.10.22-20.16.29:903][  0]LoadErrors: Error: The Skeleton  UE4_Mannequin_Skeleton is missing bones that SkeletalMesh  SK_Mannequin needs. They will be added now. Please save the Skeleton!
[2018.10.22-20.16.29:903][  0]LoadErrors: Error: The Skeleton  UE4_Mannequin_Skeleton is missing bones that SkeletalMesh  SK_Mannequin needs. They will be added now. Please save the Skeleton!
[2018.10.22-20.16.29:903][  0]LoadErrors: Error: The Skeleton  UE4_Mannequin_Skeleton is missing bones that SkeletalMesh  SK_Mannequin needs. They will be added now. Please save the Skeleton!
[2018.10.22-20.16.29:903][  0]LoadErrors: Error: The Skeleton  UE4_Mannequin_Skeleton is missing bones that SkeletalMesh  SK_Mannequin needs. They will be added now. Please save the Skeleton!
[2018.10.22-20.16.29:903][  0]LoadErrors: Error: The Skeleton  UE4_Mannequin_Skeleton is missing bones that SkeletalMesh  SK_Mannequin needs. They will be added now. Please save the Skeleton!
[2018.10.22-20.16.29:903][  0]LoadErrors: Error: The Skeleton  UE4_Mannequin_Skeleton is missing bones that SkeletalMesh  SK_Mannequin needs. They will be added now. Please save the Skeleton!
[2018.10.22-20.16.29:904][  0]LoadErrors: Error: The Skeleton  UE4_Mannequin_Skeleton is missing bones that SkeletalMesh  SK_Mannequin needs. They will be added now. Please save the Skeleton!
[2018.10.22-20.16.29:904][  0]LoadErrors: Error: The Skeleton  UE4_Mannequin_Skeleton is missing bones that SkeletalMesh  SK_Mannequin needs. They will be added now. Please save the Skeleton!
[2018.10.22-20.16.29:904][  0]LoadErrors: Error: The Skeleton  UE4_Mannequin_Skeleton is missing bones that SkeletalMesh  SK_Mannequin needs. They will be added now. Please save the Skeleton!
[2018.10.22-20.16.29:904][  0]LoadErrors: Error: The Skeleton  UE4_Mannequin_Skeleton is missing bones that SkeletalMesh  SK_Mannequin needs. They will be added now. Please save the Skeleton!
[2018.10.22-20.16.29:904][  0]LoadErrors: Error: The Skeleton  UE4_Mannequin_Skeleton is missing bones that SkeletalMesh  SK_Mannequin needs. They will be added now. Please save the Skeleton!
[2018.10.22-20.16.29:904][  0]LoadErrors: Error: The Skeleton  UE4_Mannequin_Skeleton is missing bones that SkeletalMesh  SK_Mannequin needs. They will be added now. Please save the Skeleton!
[2018.10.22-20.16.29:904][  0]LoadErrors: Error: The Skeleton  UE4_Mannequin_Skeleton is missing bones that SkeletalMesh  SK_Mannequin needs. They will be added now. Please save the Skeleton!
[2018.10.22-20.16.29:904][  0]LoadErrors: Error: The Skeleton  UE4_Mannequin_Skeleton is missing bones that SkeletalMesh  SK_Mannequin needs. They will be added now. Please save the Skeleton!
[2018.10.22-20.16.29:904][  0]LoadErrors: Error: The Skeleton  UE4_Mannequin_Skeleton is missing bones that SkeletalMesh  SK_Mannequin needs. They will be added now. Please save the Skeleton!
[2018.10.22-20.16.29:904][  0]LoadErrors: Error: The Skeleton  UE4_Mannequin_Skeleton is missing bones that SkeletalMesh  SK_Mannequin needs. They will be added now. Please save the Skeleton!
[2018.10.22-20.16.29:904][  0]LoadErrors: Error: The Skeleton  UE4_Mannequin_Skeleton is missing bones that SkeletalMesh  SK_Mannequin needs. They will be added now. Please save the Skeleton!
[2018.10.22-20.16.29:904][  0]LoadErrors: Error: The Skeleton  UE4_Mannequin_Skeleton is missing bones that SkeletalMesh  SK_Mannequin needs. They will be added now. Please save the Skeleton!
[2018.10.22-20.16.29:904][  0]LoadErrors: Error: The Skeleton  UE4_Mannequin_Skeleton is missing bones that SkeletalMesh  SK_Mannequin needs. They will be added now. Please save the Skeleton!
[2018.10.22-20.16.29:904][  0]LoadErrors: Error: The Skeleton  UE4_Mannequin_Skeleton is missing bones that SkeletalMesh  SK_Mannequin needs. They will be added now. Please save the Skeleton!
[2018.10.22-20.16.29:905][  0]LoadErrors: Error: The Skeleton  UE4_Mannequin_Skeleton is missing bones that SkeletalMesh  SK_Mannequin needs. They will be added now. Please save the Skeleton!
[2018.10.22-20.16.29:905][  0]LoadErrors: Error: The Skeleton  UE4_Mannequin_Skeleton is missing bones that SkeletalMesh  SK_Mannequin needs. They will be added now. Please save the Skeleton!
[2018.10.22-20.16.29:905][  0]LoadErrors: Error: The Skeleton  UE4_Mannequin_Skeleton is missing bones that SkeletalMesh  SK_Mannequin needs. They will be added now. Please save the Skeleton!
[2018.10.22-20.16.29:905][  0]LoadErrors: Error: The Skeleton  UE4_Mannequin_Skeleton is missing bones that SkeletalMesh  SK_Mannequin needs. They will be added now. Please save the Skeleton!
[2018.10.22-20.16.29:905][  0]LoadErrors: Error: The Skeleton  UE4_Mannequin_Skeleton is missing bones that SkeletalMesh  SK_Mannequin needs. They will be added now. Please save the Skeleton!
[2018.10.22-20.16.29:905][  0]LoadErrors: Error: The Skeleton  UE4_Mannequin_Skeleton is missing bones that SkeletalMesh  SK_Mannequin needs. They will be added now. Please save the Skeleton!
[2018.10.22-20.16.29:905][  0]LoadErrors: Error: The Skeleton  UE4_Mannequin_Skeleton is missing bones that SkeletalMesh  SK_Mannequin needs. They will be added now. Please save the Skeleton!
[2018.10.22-20.16.29:905][  0]LoadErrors: Error: The Skeleton  UE4_Mannequin_Skeleton is missing bones that SkeletalMesh  SK_Mannequin needs. They will be added now. Please save the Skeleton!
[2018.10.22-20.16.29:905][  0]LoadErrors: Error: The Skeleton  UE4_Mannequin_Skeleton is missing bones that SkeletalMesh  SK_Mannequin needs. They will be added now. Please save the Skeleton!
[2018.10.22-20.16.29:905][  0]LoadErrors: Error: The Skeleton  UE4_Mannequin_Skeleton is missing bones that SkeletalMesh  SK_Mannequin needs. They will be added now. Please save the Skeleton!
[2018.10.22-20.16.29:905][  0]LoadErrors: Error: The Skeleton  UE4_Mannequin_Skeleton is missing bones that SkeletalMesh  SK_Mannequin needs. They will be added now. Please save the Skeleton!
[2018.10.22-20.16.29:905][  0]LoadErrors: Error: The Skeleton  UE4_Mannequin_Skeleton is missing bones that SkeletalMesh  SK_Mannequin needs. They will be added now. Please save the Skeleton!
[2018.10.22-20.16.29:905][  0]LoadErrors: Error: The Skeleton  UE4_Mannequin_Skeleton is missing bones that SkeletalMesh  SK_Mannequin needs. They will be added now. Please save the Skeleton!
[2018.10.22-20.16.29:905][  0]LoadErrors: Error: The Skeleton  UE4_Mannequin_Skeleton is missing bones that SkeletalMesh  SK_Mannequin needs. They will be added now. Please save the Skeleton!
[2018.10.22-20.16.29:906][  0]LoadErrors: Error: The Skeleton  UE4_Mannequin_Skeleton is missing bones that SkeletalMesh  SK_Mannequin needs. They will be added now. Please save the Skeleton!
[2018.10.22-20.16.29:906][  0]LoadErrors: Error: The Skeleton  UE4_Mannequin_Skeleton is missing bones that SkeletalMesh  SK_Mannequin needs. They will be added now. Please save the Skeleton!
[2018.10.22-20.16.29:906][  0]LoadErrors: Error: The Skeleton  UE4_Mannequin_Skeleton is missing bones that SkeletalMesh  SK_Mannequin needs. They will be added now. Please save the Skeleton!
[2018.10.22-20.16.29:906][  0]LoadErrors: Error: The Skeleton  UE4_Mannequin_Skeleton is missing bones that SkeletalMesh  SK_Mannequin needs. They will be added now. Please save the Skeleton!
[2018.10.22-20.16.29:906][  0]LoadErrors: Error: The Skeleton  UE4_Mannequin_Skeleton is missing bones that SkeletalMesh  SK_Mannequin needs. They will be added now. Please save the Skeleton!
[2018.10.22-20.16.29:906][  0]LoadErrors: Error: The Skeleton  UE4_Mannequin_Skeleton is missing bones that SkeletalMesh  SK_Mannequin needs. They will be added now. Please save the Skeleton!
[2018.10.22-20.16.29:906][  0]LoadErrors: Error: The Skeleton  UE4_Mannequin_Skeleton is missing bones that SkeletalMesh  SK_Mannequin needs. They will be added now. Please save the Skeleton!
[2018.10.22-20.16.29:906][  0]LoadErrors: Error: The Skeleton  UE4_Mannequin_Skeleton is missing bones that SkeletalMesh  SK_Mannequin needs. They will be added now. Please save the Skeleton!
[2018.10.22-20.16.29:906][  0]LoadErrors: Error: The Skeleton  UE4_Mannequin_Skeleton is missing bones that SkeletalMesh  SK_Mannequin needs. They will be added now. Please save the Skeleton!
[2018.10.22-20.16.29:906][  0]LoadErrors: Error: The Skeleton  UE4_Mannequin_Skeleton is missing bones that SkeletalMesh  SK_Mannequin needs. They will be added now. Please save the Skeleton!
[2018.10.22-20.16.29:906][  0]LoadErrors: Error: The Skeleton  UE4_Mannequin_Skeleton is missing bones that SkeletalMesh  SK_Mannequin needs. They will be added now. Please save the Skeleton!
[2018.10.22-20.16.29:906][  0]LoadErrors: Error: The Skeleton  UE4_Mannequin_Skeleton is missing bones that SkeletalMesh  SK_Mannequin needs. They will be added now. Please save the Skeleton!
[2018.10.22-20.16.29:906][  0]LoadErrors: Error: The Skeleton  UE4_Mannequin_Skeleton is missing bones that SkeletalMesh  SK_Mannequin needs. They will be added now. Please save the Skeleton!
[2018.10.22-20.16.29:906][  0]LoadErrors: Error: The Skeleton  UE4_Mannequin_Skeleton is missing bones that SkeletalMesh  SK_Mannequin needs. They will be added now. Please save the Skeleton!
[2018.10.22-20.16.29:907][  0]LoadErrors: Error: The Skeleton  UE4_Mannequin_Skeleton is missing bones that SkeletalMesh  SK_Mannequin needs. They will be added now. Please save the Skeleton!
[2018.10.22-20.16.29:907][  0]LoadErrors: Error: The Skeleton  UE4_Mannequin_Skeleton is missing bones that SkeletalMesh  SK_Mannequin needs. They will be added now. Please save the Skeleton!
[2018.10.22-20.16.29:907][  0]LoadErrors: Error: The Skeleton  UE4_Mannequin_Skeleton is missing bones that SkeletalMesh  SK_Mannequin needs. They will be added now. Please save the Skeleton!
[2018.10.22-20.16.29:907][  0]LoadErrors: Error: The Skeleton  UE4_Mannequin_Skeleton is missing bones that SkeletalMesh  SK_Mannequin needs. They will be added now. Please save the Skeleton!
[2018.10.22-20.16.29:907][  0]LoadErrors: Error: The Skeleton  UE4_Mannequin_Skeleton is missing bones that SkeletalMesh  SK_Mannequin needs. They will be added now. Please save the Skeleton!
[2018.10.22-20.16.29:907][  0]LoadErrors: Error: The Skeleton  UE4_Mannequin_Skeleton is missing bones that SkeletalMesh  SK_Mannequin needs. They will be added now. Please save the Skeleton!
[2018.10.22-20.16.29:907][  0]LoadErrors: Error: The Skeleton  UE4_Mannequin_Skeleton is missing bones that SkeletalMesh  SK_Mannequin needs. They will be added now. Please save the Skeleton!
[2018.10.22-20.16.29:907][  0]LoadErrors: Error: The Skeleton  UE4_Mannequin_Skeleton is missing bones that SkeletalMesh  SK_Mannequin needs. They will be added now. Please save the Skeleton!
[2018.10.22-20.16.29:907][  0]LoadErrors: Error: The Skeleton  UE4_Mannequin_Skeleton is missing bones that SkeletalMesh  SK_Mannequin needs. They will be added now. Please save the Skeleton!
[2018.10.22-20.16.29:907][  0]LoadErrors: Error: The Skeleton  UE4_Mannequin_Skeleton is missing bones that SkeletalMesh  SK_Mannequin needs. They will be added now. Please save the Skeleton!
[2018.10.22-20.16.29:907][  0]LoadErrors: Error: The Skeleton  UE4_Mannequin_Skeleton is missing bones that SkeletalMesh  SK_Mannequin needs. They will be added now. Please save the Skeleton!
[2018.10.22-20.16.29:907][  0]LoadErrors: Error: The Skeleton  UE4_Mannequin_Skeleton is missing bones that SkeletalMesh  SK_Mannequin needs. They will be added now. Please save the Skeleton!
[2018.10.22-20.16.29:907][  0]LoadErrors: Error: The Skeleton  UE4_Mannequin_Skeleton is missing bones that SkeletalMesh  SK_Mannequin needs. They will be added now. Please save the Skeleton!
[2018.10.22-20.16.29:907][  0]LoadErrors: Error: The Skeleton  UE4_Mannequin_Skeleton is missing bones that SkeletalMesh  SK_Mannequin needs. They will be added now. Please save the Skeleton!
[2018.10.22-20.16.29:908][  0]LoadErrors: Error: The Skeleton  UE4_Mannequin_Skeleton is missing bones that SkeletalMesh  SK_Mannequin needs. They will be added now. Please save the Skeleton!
[2018.10.22-20.16.29:908][  0]LoadErrors: Error: The Skeleton  UE4_Mannequin_Skeleton is missing bones that SkeletalMesh  SK_Mannequin needs. They will be added now. Please save the Skeleton!
[2018.10.22-20.16.29:916][  0]LogEditorServer: Finished looking for orphan Actors (0.000 secs)
[2018.10.22-20.16.29:947][  0]Cmd: MAP CHECKDEP NOCLEARLOG
[2018.10.22-20.16.30:195][  0]MapCheck: Map check complete: 0 Error(s), 0 Warning(s), took 248.67ms to complete.
[2018.10.22-20.16.30:195][  0]LogFileHelpers: Loading map 'BaseLevel' took 7.000
[2018.10.22-20.16.30:329][  0]LogSlate: Updating window title bar state: overlay mode, drag disabled, window buttons hidden, title bar hidden
[2018.10.22-20.16.30:341][  0]LogSlate: Updating window title bar state: overlay mode, drag disabled, window buttons hidden, title bar hidden
[2018.10.22-20.16.30:354][  0]LogSlate: Updating window title bar state: overlay mode, drag disabled, window buttons hidden, title bar hidden
[2018.10.22-20.16.30:369][  0]LogSlate: Updating window title bar state: overlay mode, drag disabled, window buttons hidden, title bar hidden
[2018.10.22-20.16.30:381][  0]LogCollectionManager: Loaded 0 collections in 0.002552 seconds
[2018.10.22-20.16.30:435][  0]LogFileCache: Scanning file cache for directory 'D:/Unreal/OperationSTP/Unreal/Saved/Collections/' took 0.01s
[2018.10.22-20.16.30:435][  0]LogFileCache: Scanning file cache for directory 'D:/Unreal/OperationSTP/Unreal/Content/Developers/RanjuRaveendran/Collections/' took 0.01s
[2018.10.22-20.16.30:435][  0]LogFileCache: Scanning file cache for directory 'D:/Unreal/OperationSTP/Unreal/Content/Collections/' took 0.01s
[2018.10.22-20.16.30:436][  0]LogCollectionManager: Rebuilt the GUID cache for 0 collections in 0.000001 seconds
[2018.10.22-20.16.30:453][  0]LogContentBrowser: Native class hierarchy populated in 0.0163 seconds. Added 2572 classes and 603 folders.
[2018.10.22-20.16.30:464][  0]LogContentBrowser: Native class hierarchy updated for 'WidgetCarousel' in 0.0004 seconds. Added 0 classes and 0 folders.
[2018.10.22-20.16.30:565][  0]LogContentBrowser: Native class hierarchy updated for 'AddContentDialog' in 0.0003 seconds. Added 0 classes and 0 folders.
[2018.10.22-20.16.30:575][  0]LogContentBrowser: Native class hierarchy updated for 'SceneOutliner' in 0.0004 seconds. Added 1 classes and 2 folders.
[2018.10.22-20.16.32:014][  0]LogSlate: Only BGRA pngs, bmps or icos are supported in by External Image Picker
[2018.10.22-20.16.32:049][  0]LogSlate: Took 0.000339 seconds to synchronously load lazily loaded font '../../../Engine/Content/Slate/Fonts/Roboto-Bold.ttf' (160K)
[2018.10.22-20.16.32:058][  0]LogSlate: Took 0.000743 seconds to synchronously load lazily loaded font '../../../Engine/Content/Editor/Slate/Fonts/FontAwesome.ttf' (139K)
[2018.10.22-20.16.32:167][  0]LogTemp: Executing iPhonePackager certificates Engine -bundlename com.YourCompany.OperationSTP
[2018.10.22-20.16.32:167][  0]LogTemp: CWD: C:\Program Files\Epic Games\UE_4.20\Engine\Binaries\DotNET\IOS
[2018.10.22-20.16.32:167][  0]LogTemp: Initial Dir: C:\Program Files\Epic Games\UE_4.20
[2018.10.22-20.16.32:167][  0]LogTemp: Env CWD: C:\Program Files\Epic Games\UE_4.20\Engine\Binaries\DotNET\IOS
[2018.10.22-20.16.32:167][  0]LogTemp: BranchPath = A00696/C/Program Files/Epic Games/UE_4.20/Engine/Binaries --- GameBranchPath = A00696/C/Program Files/Epic Games/UE_4.20/Engine/Binaries
[2018.10.22-20.16.32:167][  0]LogTemp: IPP ERROR: Could not find provision directory 'C:\Users\ranju.raveendran\AppData\Local/Apple Computer/MobileDevice/Provisioning Profiles/'.
[2018.10.22-20.16.32:167][  0]LogRenderer: Reallocating scene render targets to support 1052x536 Format 10 NumSamples 1 (Frame:1).
[2018.10.22-20.16.32:394][  0]LogContentBrowser: Native class hierarchy updated for 'HierarchicalLODOutliner' in 0.0004 seconds. Added 0 classes and 0 folders.
[2018.10.22-20.16.32:394][  0]LogLoad: (Engine Initialization) Total time: 19.21 seconds
[2018.10.22-20.16.32:394][  0]LogLoad: (Engine Initialization) Total Blueprint compile time: 0.00 seconds
[2018.10.22-20.16.32:442][  0]LogContentStreaming: Texture pool size now 3000 MB
[2018.10.22-20.16.32:639][  2]LogAssetRegistry: Asset discovery search completed in 14.4301 seconds
[2018.10.22-20.16.32:642][  2]LogCollectionManager: Rebuilt the object cache for 0 collections in 0.000000 seconds (found 0 objects)
[2018.10.22-20.16.32:642][  2]LogCollectionManager: Fixed up redirectors for 0 collections in 0.000113 seconds (updated 0 objects)
[2018.10.22-20.16.34:273][ 99]LogSlate: FSceneViewport::OnFocusLost() reason 0
[2018.10.22-20.16.35:487][169]LogSlate: Took 0.000243 seconds to synchronously load lazily loaded font '../../../Engine/Content/Slate/Fonts/Roboto-Light.ttf' (167K)
[2018.10.22-20.16.49:488][998]LogSlate: Took 0.000337 seconds to synchronously load lazily loaded font '../../../Engine/Content/Slate/Fonts/Roboto-Light.ttf' (167K)
[2018.10.22-20.16.50:899][998]LogSlate: Window 'Pick Parent Class' being destroyed
[2018.10.22-20.17.02:005][660]LogAssetEditorManager: Opening Asset editor for Blueprint /Game/AnimStarterPack/UE4_Mannequin/Mesh/ShooterPlayer.ShooterPlayer
[2018.10.22-20.17.02:500][660]LogContentBrowser: Native class hierarchy updated for 'BlueprintGraph' in 0.0006 seconds. Added 116 classes and 0 folders.
[2018.10.22-20.17.04:680][717]LogRenderer: Reallocating scene render targets to support 1144x712 Format 10 NumSamples 1 (Frame:54).
[2018.10.22-20.17.04:747][721]LogSlate: Window 'ShooterPlayer*' being destroyed
[2018.10.22-20.17.07:477][884]LogSlate: Took 0.000940 seconds to synchronously load lazily loaded font '../../../Engine/Content/Slate/Fonts/Roboto-Italic.ttf' (157K)
[2018.10.22-20.17.09:975][ 30]LogSlate: Prevented a slow task dialog from being summoned while a context menu was open
[2018.10.22-20.17.30:394][243]LogSlate: FSceneViewport::OnFocusLost() reason 2
[2018.10.22-20.17.32:080][344]LogSlate: FSceneViewport::OnFocusLost() reason 2
[2018.10.22-20.17.52:838][575]LogSlate: FSceneViewport::OnFocusLost() reason 2
[2018.10.22-20.18.01:087][ 56]LogSlate: FSceneViewport::OnFocusLost() reason 2
[2018.10.22-20.18.01:116][ 56]Cmd: OBJ SAVEPACKAGE PACKAGE="/Game/AnimStarterPack/UE4_Mannequin/Mesh/ShooterPlayer" FILE="D:/Unreal/OperationSTP/Unreal/Content/AnimStarterPack/UE4_Mannequin/Mesh/ShooterPlayer.uasset" SILENT=true
[2018.10.22-20.18.01:135][ 56]LogSavePackage: Moving 'D:/Unreal/OperationSTP/Unreal/Saved/ShooterPlayer67F4478443F05AC2171FC69BED8841D4.tmp' to 'D:/Unreal/OperationSTP/Unreal/Content/AnimStarterPack/UE4_Mannequin/Mesh/ShooterPlayer.uasset'
[2018.10.22-20.18.02:956][165]LogSlate: FSceneViewport::OnFocusLost() reason 0
[2018.10.22-20.18.03:022][169]BlueprintLog: New page: Compile ShooterPlayer
[2018.10.22-20.18.15:939][904]LogAssetEditorManager: Opening Asset editor for SkeletalMesh /Game/MyChar/model.model
[2018.10.22-20.18.15:946][904]LogContentBrowser: Native class hierarchy updated for 'SkeletonEditor' in 0.0003 seconds. Added 1 classes and 2 folders.
[2018.10.22-20.18.19:679][904]LogSlate: Window 'Message' being destroyed
[2018.10.22-20.18.19:687][904]LogAnimationCompression: Building Anim DDC data for AnimSequence /Game/Mannequin/Animations/ThirdPersonIdle.ThirdPersonIdle
[2018.10.22-20.18.19:688][904]LogAnimationCompression: Building Anim DDC data for AnimSequence /Engine/Transient.ThirdPersonIdle
[2018.10.22-20.18.19:688][904]LogAnimationCompression: Compression Requested for Empty Animation ThirdPersonIdle
[2018.10.22-20.18.19:688][904]LogAnimationCompression: Compression Requested for Empty Animation ThirdPersonIdle
[2018.10.22-20.18.19:705][904]LogActorComponent: RegisterComponentWithWorld: (/Engine/Transient.World_5:PersistentLevel.AnimationEditorPreviewActor_0.DebugSkelMeshComponent_0) Already registered. Aborting.
[2018.10.22-20.18.19:709][904]LogContentBrowser: Native class hierarchy updated for 'PinnedCommandList' in 0.0003 seconds. Added 1 classes and 0 folders.
[2018.10.22-20.18.19:735][904]LogSkeletalMesh: USkeletalMeshComponent::InitArticulated : Bodies already created (/Engine/Transient.World_5:PersistentLevel.AnimationEditorPreviewActor_0.DebugSkelMeshComponent_0) - call TermArticulated first.
[2018.10.22-20.18.20:036][904]LogContentBrowser: Native class hierarchy updated for 'ClothingSystemEditorInterface' in 0.0002 seconds. Added 1 classes and 0 folders.
[2018.10.22-20.18.20:067][905]LogRenderer: Reallocating scene render targets to support 1144x888 Format 10 NumSamples 1 (Frame:1).
[2018.10.22-20.18.21:202][905]LogSlate: Window 'Message' being destroyed
[2018.10.22-20.18.26:194][190]LogAssetEditorManager: Opening Asset editor for Skeleton /Game/Mannequin/Character/Mesh/UE4_Mannequin_Skeleton.UE4_Mannequin_Skeleton
[2018.10.22-20.18.27:338][190]LogSlate: Window 'Message' being destroyed
[2018.10.22-20.18.27:344][190]LogAnimationCompression: Building Anim DDC data for AnimSequence /Game/Mannequin/Animations/ThirdPersonIdle.ThirdPersonIdle
[2018.10.22-20.18.27:345][190]LogAnimationCompression: Building Anim DDC data for AnimSequence /Engine/Transient.AnimSequence_0
[2018.10.22-20.18.27:345][190]LogAnimationCompression: Compression Requested for Empty Animation AnimSequence_0
[2018.10.22-20.18.27:345][190]LogAnimationCompression: Compression Requested for Empty Animation AnimSequence_0
[2018.10.22-20.18.27:350][190]LogActorComponent: RegisterComponentWithWorld: (/Engine/Transient.World_8:PersistentLevel.AnimationEditorPreviewActor_0.DebugSkelMeshComponent_0) Already registered. Aborting.
[2018.10.22-20.18.27:373][190]LogSkeletalMesh: USkeletalMeshComponent::InitArticulated : Bodies already created (/Engine/Transient.World_8:PersistentLevel.AnimationEditorPreviewActor_0.DebugSkelMeshComponent_0) - call TermArticulated first.
[2018.10.22-20.18.37:883][765]LogSlate: Window 'Retarget Manager' being destroyed
[2018.10.22-20.18.37:891][765]LogSlate: Window 'Retarget Manager' being destroyed
[2018.10.22-20.18.42:238][ 23]Cmd: OBJ SAVEPACKAGE PACKAGE="/Game/Mannequin/Character/Mesh/UE4_Mannequin_Skeleton" FILE="D:/Unreal/OperationSTP/Unreal/Content/Mannequin/Character/Mesh/UE4_Mannequin_Skeleton.uasset" SILENT=true
[2018.10.22-20.18.42:341][ 23]LogSavePackage: Moving 'D:/Unreal/OperationSTP/Unreal/Saved/UE4_Mannequin_Skeleton64821E814A67CF603B5F7F988BBBC547.tmp' to 'D:/Unreal/OperationSTP/Unreal/Content/Mannequin/Character/Mesh/UE4_Mannequin_Skeleton.uasset'
[2018.10.22-20.19.01:586][ 93]LogAssetEditorManager: Opening Asset editor for SkeletalMesh /Game/AnimStarterPack/UE4_Mannequin/Mesh/SK_Mannequin.SK_Mannequin
[2018.10.22-20.19.02:940][ 93]LogSlate: Window 'Message' being destroyed
[2018.10.22-20.19.02:948][ 93]LogAnimationCompression: Building Anim DDC data for AnimSequence /Game/AnimStarterPack/Crouch_Walk_Bwd_Rifle_Hip.Crouch_Walk_Bwd_Rifle_Hip
[2018.10.22-20.19.02:949][ 93]LogAnimationCompression: Compression Requested for Empty Animation Crouch_Walk_Bwd_Rifle_Hip
[2018.10.22-20.19.02:953][ 93]LogActorComponent: RegisterComponentWithWorld: (/Engine/Transient.World_9:PersistentLevel.AnimationEditorPreviewActor_0.DebugSkelMeshComponent_0) Already registered. Aborting.
[2018.10.22-20.19.02:973][ 93]LogSkeletalMesh: USkeletalMeshComponent::InitArticulated : Bodies already created (/Engine/Transient.World_9:PersistentLevel.AnimationEditorPreviewActor_0.DebugSkelMeshComponent_0) - call TermArticulated first.
[2018.10.22-20.19.04:984][177]LogAssetEditorManager: Opening Asset editor for Skeleton /Game/AnimStarterPack/UE4_Mannequin/Mesh/UE4_Mannequin_Skeleton.UE4_Mannequin_Skeleton
[2018.10.22-20.19.04:992][177]LogActorComponent: RegisterComponentWithWorld: (/Engine/Transient.World_11:PersistentLevel.AnimationEditorPreviewActor_0.DebugSkelMeshComponent_0) Already registered. Aborting.
[2018.10.22-20.19.05:012][177]LogSkeletalMesh: USkeletalMeshComponent::InitArticulated : Bodies already created (/Engine/Transient.World_11:PersistentLevel.AnimationEditorPreviewActor_0.DebugSkelMeshComponent_0) - call TermArticulated first.
[2018.10.22-20.19.18:946][985]LogSlate: Window 'Retarget Manager' being destroyed
[2018.10.22-20.19.18:954][985]LogSlate: Window 'Retarget Manager' being destroyed
[2018.10.22-20.19.20:219][ 60]LogSavePackage: Moving 'D:/Unreal/OperationSTP/Unreal/Saved/UE4_Mannequin_SkeletonB6F32E8F4A1D35227C3C91BF8747F31E.tmp' to 'D:/Unreal/OperationSTP/Unreal/Content/AnimStarterPack/UE4_Mannequin/Mesh/UE4_Mannequin_Skeleton.uasset'
[2018.10.22-20.19.28:875][328]LogSlate: Window 'Message' being destroyed
[2018.10.22-20.19.28:882][328]LoadErrors: Error: The Skeleton  UE4_Mannequin_Skeleton is missing bones that SkeletalMesh  model needs. They will be added now. Please save the Skeleton!
[2018.10.22-20.19.30:712][429]LogSlate: Window 'model' being destroyed
[2018.10.22-20.19.59:139][117]LogSlate: Window 'Retarget Manager' being destroyed
[2018.10.22-20.19.59:144][117]LogSlate: Window 'Retarget Manager' being destroyed
[2018.10.22-20.20.28:812][887]LogSlate: Window 'Retarget Manager' being destroyed
[2018.10.22-20.20.28:818][887]LogSlate: Window 'Retarget Manager' being destroyed
[2018.10.22-20.21.06:565][947]LogSlate: FSceneViewport::OnFocusLost() reason 0
[2018.10.22-20.21.10:343][168]LogSlate: Window 'New Project' being destroyed
[2018.10.22-20.21.13:315][344]LogUProjectInfo: Found projects:
[2018.10.22-20.21.17:279][546]Cmd: CLOSE_SLATE_MAINFRAME
[2018.10.22-20.21.18:354][546]LogSlate: Window 'Save Content' being destroyed
[2018.10.22-20.21.18:910][546]LogSlate: Window 'Open Project' being destroyed
[2018.10.22-20.21.18:912][546]LogSlate: Window 'OperationSTP - Unreal Editor' being destroyed
[2018.10.22-20.21.19:093][547]Cmd: QUIT_EDITOR
[2018.10.22-20.21.19:111][547]LogWindowsTextInputMethodSystem: Display: IME system now deactivated.
[2018.10.22-20.21.19:123][547]LogExit: Preparing to exit.
[2018.10.22-20.21.20:359][547]LogExit: Editor shut down
[2018.10.22-20.21.20:359][547]LogExit: Transaction tracking system shut down
[2018.10.22-20.21.21:108][547]LogExit: Object subsystem successfully closed.
[2018.10.22-20.21.21:126][547]LogShaderCompilers: Display: Shaders left to compile 0
[2018.10.22-20.21.21:130][547]LogD3D11RHI: Shutdown
[2018.10.22-20.21.21:130][547]LogD3D11RHI: CleanupD3DDevice
[2018.10.22-20.21.21:133][547]LogD3D11RHI: ~FD3D11DynamicRHI
[2018.10.22-20.21.21:184][547]LogModuleManager: Shutting down and abandoning module ClothingSystemEditorInterface (620)
[2018.10.22-20.21.21:184][547]LogModuleManager: Shutting down and abandoning module PinnedCommandList (618)
[2018.10.22-20.21.21:184][547]LogModuleManager: Shutting down and abandoning module SkeletonEditor (616)
[2018.10.22-20.21.21:184][547]LogModuleManager: Shutting down and abandoning module BlueprintGraph (614)
[2018.10.22-20.21.21:184][547]LogModuleManager: Shutting down and abandoning module HierarchicalLODOutliner (612)
[2018.10.22-20.21.21:184][547]LogModuleManager: Shutting down and abandoning module ExternalImagePicker (610)
[2018.10.22-20.21.21:184][547]LogModuleManager: Shutting down and abandoning module SceneOutliner (608)
[2018.10.22-20.21.21:184][547]LogModuleManager: Shutting down and abandoning module AddContentDialog (606)
[2018.10.22-20.21.21:185][547]LogModuleManager: Shutting down and abandoning module WidgetCarousel (605)
[2018.10.22-20.21.21:185][547]LogModuleManager: Shutting down and abandoning module EditorWidgets (602)
[2018.10.22-20.21.21:185][547]LogModuleManager: Shutting down and abandoning module CollectionManager (600)
[2018.10.22-20.21.21:185][547]LogModuleManager: Shutting down and abandoning module StatsViewer (598)
[2018.10.22-20.21.21:185][547]LogModuleManager: Shutting down and abandoning module FoliageEdit (596)
[2018.10.22-20.21.21:185][547]LogModuleManager: Shutting down and abandoning module LandscapeEditor (594)
[2018.10.22-20.21.21:185][547]LogModuleManager: Shutting down and abandoning module MeshPaintMode (592)
[2018.10.22-20.21.21:185][547]LogModuleManager: Shutting down and abandoning module SceneDepthPickerMode (590)
[2018.10.22-20.21.21:185][547]LogModuleManager: Shutting down and abandoning module ActorPickerMode (588)
[2018.10.22-20.21.21:185][547]LogModuleManager: Shutting down and abandoning module GeometryMode (586)
[2018.10.22-20.21.21:185][547]LogModuleManager: Shutting down and abandoning module TextureAlignMode (584)
[2018.10.22-20.21.21:185][547]LogModuleManager: Shutting down and abandoning module BspMode (582)
[2018.10.22-20.21.21:185][547]LogModuleManager: Shutting down and abandoning module PIEPreviewDeviceProfileSelector (580)
[2018.10.22-20.21.21:185][547]LogModuleManager: Shutting down and abandoning module SequenceRecorderSections (578)
[2018.10.22-20.21.21:185][547]LogModuleManager: Shutting down and abandoning module AutomationWorker (576)
[2018.10.22-20.21.21:185][547]LogModuleManager: Shutting down and abandoning module AudioCaptureEditor (574)
[2018.10.22-20.21.21:185][547]LogModuleManager: Shutting down and abandoning module SequenceRecorder (573)
[2018.10.22-20.21.21:185][547]LogModuleManager: Shutting down and abandoning module MatineeToLevelSequence (570)
[2018.10.22-20.21.21:185][547]LogModuleManager: Shutting down and abandoning module LevelSequenceEditor (568)
[2018.10.22-20.21.21:185][547]LogModuleManager: Shutting down and abandoning module PlacementMode (567)
[2018.10.22-20.21.21:185][547]LogModuleManager: Shutting down and abandoning module MaterialEditor (566)
[2018.10.22-20.21.21:185][547]LogModuleManager: Shutting down and abandoning module WmfMediaFactory (562)
[2018.10.22-20.21.21:185][547]LogModuleManager: Shutting down and abandoning module WmfMediaEditor (560)
[2018.10.22-20.21.21:185][547]LogModuleManager: Shutting down and abandoning module MediaPlayerEditor (558)
[2018.10.22-20.21.21:185][547]LogModuleManager: Shutting down and abandoning module OpenExrWrapper (556)
[2018.10.22-20.21.21:185][547]LogModuleManager: Shutting down and abandoning module ImgMediaFactory (554)
[2018.10.22-20.21.21:185][547]LogModuleManager: Shutting down and abandoning module ImgMediaEditor (552)
[2018.10.22-20.21.21:185][547]LogModuleManager: Shutting down and abandoning module AvfMediaFactory (550)
[2018.10.22-20.21.21:185][547]LogModuleManager: Shutting down and abandoning module AvfMediaEditor (548)
[2018.10.22-20.21.21:185][547]LogModuleManager: Shutting down and abandoning module AndroidMediaFactory (546)
[2018.10.22-20.21.21:185][547]LogModuleManager: Shutting down and abandoning module AndroidMediaEditor (544)
[2018.10.22-20.21.21:185][547]LogModuleManager: Shutting down and abandoning module MagicLeapCameraPreviewFactory (542)
[2018.10.22-20.21.21:185][547]LogModuleManager: Shutting down and abandoning module MagicLeapMediaFactory (540)
[2018.10.22-20.21.21:186][547]LogModuleManager: Shutting down and abandoning module MagicLeapMediaEditor (538)
[2018.10.22-20.21.21:186][547]LogModuleManager: Shutting down and abandoning module CharacterAI (536)
[2018.10.22-20.21.21:186][547]LogModuleManager: Shutting down and abandoning module SmartSnapping (534)
[2018.10.22-20.21.21:186][547]LogModuleManager: Shutting down and abandoning module SessionServices (532)
[2018.10.22-20.21.21:186][547]LogModuleManager: Shutting down and abandoning module ViewportSnapping (530)
[2018.10.22-20.21.21:186][547]LogModuleManager: Shutting down and abandoning module ViewportInteraction (528)
[2018.10.22-20.21.21:186][547]LogModuleManager: Shutting down and abandoning module ClothPainter (526)
[2018.10.22-20.21.21:186][547]LogModuleManager: Shutting down and abandoning module SkeletalMeshEditor (525)
[2018.10.22-20.21.21:186][547]LogModuleManager: Shutting down and abandoning module LogVisualizer (522)
[2018.10.22-20.21.21:186][547]LogModuleManager: Shutting down and abandoning module IntroTutorials (520)
[2018.10.22-20.21.21:186][547]LogModuleManager: Shutting down and abandoning module GameProjectGeneration (519)
[2018.10.22-20.21.21:186][547]LogModuleManager: Shutting down and abandoning module LuminPlatformEditor (516)
[2018.10.22-20.21.21:186][547]LogModuleManager: Shutting down and abandoning module IOSPlatformEditor (514)
[2018.10.22-20.21.21:186][547]LogModuleManager: Shutting down and abandoning module HTML5PlatformEditor (512)
[2018.10.22-20.21.21:186][547]LogModuleManager: Shutting down and abandoning module AndroidPlatformEditor (510)
[2018.10.22-20.21.21:186][547]LogModuleManager: Shutting down and abandoning module AndroidDeviceDetection (509)
[2018.10.22-20.21.22:811][547]LogModuleManager: Shutting down and abandoning module WindowsPlatformEditor (506)
[2018.10.22-20.21.22:811][547]LogModuleManager: Shutting down and abandoning module LuminRuntimeSettings (504)
[2018.10.22-20.21.22:811][547]LogModuleManager: Shutting down and abandoning module IOSRuntimeSettings (502)
[2018.10.22-20.21.22:811][547]LogModuleManager: Shutting down and abandoning module AndroidRuntimeSettings (500)
[2018.10.22-20.21.22:811][547]LogModuleManager: Shutting down and abandoning module InputBindingEditor (498)
[2018.10.22-20.21.22:811][547]LogModuleManager: Shutting down and abandoning module MergeActors (496)
[2018.10.22-20.21.22:811][547]LogModuleManager: Shutting down and abandoning module LocalizationDashboard (494)
[2018.10.22-20.21.22:811][547]LogModuleManager: Shutting down and abandoning module LocalizationService (493)
[2018.10.22-20.21.22:811][547]LogModuleManager: Shutting down and abandoning module HardwareTargeting (490)
[2018.10.22-20.21.22:811][547]LogModuleManager: Shutting down and abandoning module DeviceProfileEditor (488)
[2018.10.22-20.21.22:811][547]LogModuleManager: Shutting down and abandoning module UndoHistory (486)
[2018.10.22-20.21.22:811][547]LogModuleManager: Shutting down and abandoning module XmlParser (484)
[2018.10.22-20.21.22:812][547]LogModuleManager: Shutting down and abandoning module Blutility (482)
[2018.10.22-20.21.22:812][547]LogModuleManager: Shutting down and abandoning module ProjectSettingsViewer (480)
[2018.10.22-20.21.22:812][547]LogModuleManager: Shutting down and abandoning module ProjectTargetPlatformEditor (479)
[2018.10.22-20.21.22:812][547]LogModuleManager: Shutting down and abandoning module EditorSettingsViewer (476)
[2018.10.22-20.21.22:812][547]LogModuleManager: Shutting down and abandoning module SettingsEditor (474)
[2018.10.22-20.21.22:812][547]LogModuleManager: Shutting down and abandoning module ProjectLauncher (472)
[2018.10.22-20.21.22:812][547]LogModuleManager: Shutting down and abandoning module SessionFrontend (470)
[2018.10.22-20.21.22:812][547]LogModuleManager: Shutting down and abandoning module ProfilerClient (468)
[2018.10.22-20.21.22:812][547]LogModuleManager: Shutting down and abandoning module DeviceManager (466)
[2018.10.22-20.21.22:812][547]LogModuleManager: Shutting down and abandoning module TargetDeviceServices (465)
[2018.10.22-20.21.22:865][547]LogModuleManager: Shutting down and abandoning module AutomationController (462)
[2018.10.22-20.21.22:865][547]LogModuleManager: Shutting down and abandoning module AutomationWindow (460)
[2018.10.22-20.21.22:865][547]LogModuleManager: Shutting down and abandoning module Layers (458)
[2018.10.22-20.21.22:865][547]LogModuleManager: Shutting down and abandoning module ComponentVisualizers (456)
[2018.10.22-20.21.22:865][547]LogModuleManager: Shutting down and abandoning module DetailCustomizations (454)
[2018.10.22-20.21.22:865][547]LogModuleManager: Shutting down and abandoning module PackagesDialog (452)
[2018.10.22-20.21.22:866][547]LogModuleManager: Shutting down and abandoning module Persona (450)
[2018.10.22-20.21.22:866][547]LogModuleManager: Shutting down and abandoning module AdvancedPreviewScene (449)
[2018.10.22-20.21.22:866][547]LogModuleManager: Shutting down and abandoning module AnimGraph (447)
[2018.10.22-20.21.22:866][547]LogModuleManager: Shutting down and abandoning module Kismet (444)
[2018.10.22-20.21.22:870][547]LogModuleManager: Shutting down and abandoning module GraphEditor (442)
[2018.10.22-20.21.22:870][547]LogModuleManager: Shutting down and abandoning module ClassViewer (440)
[2018.10.22-20.21.22:872][547]LogModuleManager: Shutting down and abandoning module Toolbox (438)
[2018.10.22-20.21.22:872][547]LogModuleManager: Shutting down and abandoning module ModuleUI (436)
[2018.10.22-20.21.22:872][547]LogModuleManager: Shutting down and abandoning module MovieSceneTools (434)
[2018.10.22-20.21.22:872][547]LogModuleManager: Shutting down and abandoning module OutputLog (432)
[2018.10.22-20.21.22:872][547]LogModuleManager: Shutting down and abandoning module GammaUI (430)
[2018.10.22-20.21.22:872][547]LogModuleManager: Shutting down and abandoning module Documentation (428)
[2018.10.22-20.21.22:872][547]LogModuleManager: Shutting down and abandoning module MovieSceneTracks (426)
[2018.10.22-20.21.22:872][547]LogModuleManager: Shutting down and abandoning module MovieScene (424)
[2018.10.22-20.21.22:872][547]LogModuleManager: Shutting down and abandoning module StreamingPauseRendering (422)
[2018.10.22-20.21.22:872][547]LogModuleManager: Shutting down and abandoning module LauncherPlatform (420)
[2018.10.22-20.21.22:872][547]LogModuleManager: Shutting down and abandoning module AnalyticsET (418)
[2018.10.22-20.21.22:872][547]LogModuleManager: Shutting down and abandoning module PortalServices (416)
[2018.10.22-20.21.22:872][547]LogModuleManager: Shutting down and abandoning module PortalRpc (414)
[2018.10.22-20.21.22:872][547]LogModuleManager: Shutting down and abandoning module MessagingRpc (412)
[2018.10.22-20.21.22:872][547]LogModuleManager: Shutting down and abandoning module AIModule (410)
[2018.10.22-20.21.22:872][547]LogModuleManager: Shutting down and abandoning module GameplayDebugger (409)
[2018.10.22-20.21.22:872][547]LogModuleManager: Shutting down and abandoning module AITestSuite (407)
[2018.10.22-20.21.22:872][547]LogModuleManager: Shutting down and abandoning module NavigationSystem (405)
[2018.10.22-20.21.22:872][547]LogModuleManager: Shutting down and abandoning module DesktopPlatform (402)
[2018.10.22-20.21.22:872][547]LogModuleManager: Shutting down and abandoning module ProfilerService (400)
[2018.10.22-20.21.23:013][547]LogModuleManager: Shutting down and abandoning module TaskGraph (398)
[2018.10.22-20.21.23:013][547]LogModuleManager: Shutting down and abandoning module SteamVRController (396)
[2018.10.22-20.21.23:013][547]LogModuleManager: Shutting down and abandoning module ProceduralMeshComponentEditor (394)
[2018.10.22-20.21.23:013][547]LogModuleManager: Shutting down and abandoning module ProceduralMeshComponent (392)
[2018.10.22-20.21.23:013][547]LogModuleManager: Shutting down and abandoning module OculusInput (390)
[2018.10.22-20.21.23:013][547]LogModuleManager: Shutting down and abandoning module MobilePatchingUtils (388)
[2018.10.22-20.21.23:013][547]LogModuleManager: Shutting down and abandoning module EditableMesh (386)
[2018.10.22-20.21.23:013][547]LogModuleManager: Shutting down and abandoning module CustomMeshComponent (384)
[2018.10.22-20.21.23:013][547]LogModuleManager: Shutting down and abandoning module CableComponent (382)
[2018.10.22-20.21.23:013][547]LogModuleManager: Shutting down and abandoning module AudioCapture (380)
[2018.10.22-20.21.23:013][547]LogModuleManager: Shutting down and abandoning module ArchVisCharacter (378)
[2018.10.22-20.21.23:013][547]LogModuleManager: Shutting down and abandoning module AndroidPermission (376)
[2018.10.22-20.21.23:013][547]LogModuleManager: Shutting down and abandoning module NUTUnrealEngine4 (374)
[2018.10.22-20.21.23:013][547]LogModuleManager: Shutting down and abandoning module NetcodeUnitTest (372)
[2018.10.22-20.21.23:013][547]LogModuleManager: Shutting down and abandoning module MediaCompositingEditor (370)
[2018.10.22-20.21.23:013][547]LogModuleManager: Shutting down and abandoning module MediaCompositing (368)
[2018.10.22-20.21.23:013][547]LogModuleManager: Shutting down and abandoning module LinearTimecode (366)
[2018.10.22-20.21.23:013][547]LogModuleManager: Shutting down and abandoning module ImgMedia (364)
[2018.10.22-20.21.23:019][547]LogModuleManager: Shutting down and abandoning module HTML5Networking (362)
[2018.10.22-20.21.23:019][547]LogModuleManager: Shutting down and abandoning module GeometryCacheTracks (360)
[2018.10.22-20.21.23:019][547]LogModuleManager: Shutting down and abandoning module GeometryCacheSequencer (358)
[2018.10.22-20.21.23:019][547]LogModuleManager: Shutting down and abandoning module BackChannel (356)
[2018.10.22-20.21.23:019][547]LogModuleManager: Shutting down and abandoning module AppleVision (354)
[2018.10.22-20.21.23:019][547]LogModuleManager: Shutting down and abandoning module AppleImageUtils (352)
[2018.10.22-20.21.23:019][547]LogModuleManager: Shutting down and abandoning module AlembicImporter (350)
[2018.10.22-20.21.23:019][547]LogModuleManager: Shutting down and abandoning module AlembicLibrary (349)
[2018.10.22-20.21.23:019][547]LogModuleManager: Shutting down and abandoning module GeometryCache (348)
[2018.10.22-20.21.23:019][547]LogModuleManager: Shutting down and abandoning module GeometryCacheEd (347)
[2018.10.22-20.21.23:019][547]LogModuleManager: Shutting down and abandoning module DatasmithContentEditor (342)
[2018.10.22-20.21.23:019][547]LogModuleManager: Shutting down and abandoning module DatasmithContent (340)
[2018.10.22-20.21.23:019][547]LogModuleManager: Shutting down and abandoning module SpeedTreeImporter (338)
[2018.10.22-20.21.23:019][547]LogModuleManager: Shutting down and abandoning module PluginBrowser (336)
[2018.10.22-20.21.23:020][547]LogModuleManager: Shutting down and abandoning module MobileLauncherProfileWizard (334)
[2018.10.22-20.21.23:020][547]LogModuleManager: Shutting down and abandoning module PolygonModeling (332)
[2018.10.22-20.21.23:020][547]LogModuleManager: Shutting down and abandoning module MeshEditor (330)
[2018.10.22-20.21.23:020][547]LogModuleManager: Shutting down and abandoning module CryptoKeysOpenSSL (328)
[2018.10.22-20.21.23:020][547]LogModuleManager: Shutting down and abandoning module CryptoKeys (326)
[2018.10.22-20.21.23:020][547]LogModuleManager: Shutting down and abandoning module VisualStudioSourceCodeAccess (324)
[2018.10.22-20.21.23:020][547]LogModuleManager: Shutting down and abandoning module VisualStudioCodeSourceCodeAccess (322)
[2018.10.22-20.21.23:020][547]LogModuleManager: Shutting down and abandoning module UObjectPlugin (320)
[2018.10.22-20.21.23:020][547]LogModuleManager: Shutting down and abandoning module SubversionSourceControl (318)
[2018.10.22-20.21.23:020][547]LogModuleManager: Shutting down and abandoning module PerforceSourceControl (316)
[2018.10.22-20.21.23:020][547]LogModuleManager: Shutting down and abandoning module GitSourceControl (314)
[2018.10.22-20.21.23:020][547]LogModuleManager: Shutting down and abandoning module SourceControl (313)
[2018.10.22-20.21.23:020][547]LogModuleManager: Shutting down and abandoning module CLionSourceCodeAccess (310)
[2018.10.22-20.21.23:020][547]LogModuleManager: Shutting down and abandoning module LightPropagationVolumeEditor (308)
[2018.10.22-20.21.23:020][547]LogModuleManager: Shutting down and abandoning module PaperTiledImporter (306)
[2018.10.22-20.21.23:020][547]LogModuleManager: Shutting down and abandoning module PaperSpriteSheetImporter (304)
[2018.10.22-20.21.23:020][547]LogModuleManager: Shutting down and abandoning module Paper2DEditor (302)
[2018.10.22-20.21.23:020][547]LogModuleManager: Shutting down and abandoning module MeshPaint (301)
[2018.10.22-20.21.23:020][547]LogModuleManager: Shutting down and abandoning module RuntimePhysXCooking (298)
[2018.10.22-20.21.23:020][547]LogModuleManager: Shutting down and abandoning module PhysXVehiclesEditor (296)
[2018.10.22-20.21.23:020][547]LogModuleManager: Shutting down and abandoning module PhysXVehicles (294)
[2018.10.22-20.21.23:020][547]LogModuleManager: Shutting down and abandoning module OculusEditor (292)
[2018.10.22-20.21.23:020][547]LogModuleManager: Shutting down and abandoning module LocationServicesBPLibrary (290)
[2018.10.22-20.21.23:020][547]LogModuleManager: Shutting down and abandoning module ImmediatePhysicsEditor (288)
[2018.10.22-20.21.23:020][547]LogModuleManager: Shutting down and abandoning module ImmediatePhysics (286)
[2018.10.22-20.21.23:020][547]LogModuleManager: Shutting down and abandoning module ActorSequence (284)
[2018.10.22-20.21.23:020][547]LogModuleManager: Shutting down and abandoning module UdpMessaging (282)
[2018.10.22-20.21.23:120][547]LogModuleManager: Shutting down and abandoning module TcpMessaging (280)
[2018.10.22-20.21.23:221][547]LogModuleManager: Shutting down and abandoning module MagicLeapAudio (278)
[2018.10.22-20.21.23:221][547]LogModuleManager: Shutting down and abandoning module GameplayTagsEditor (276)
[2018.10.22-20.21.23:221][547]LogModuleManager: Shutting down and abandoning module FacialAnimationEditor (274)
[2018.10.22-20.21.23:221][547]LogModuleManager: Shutting down and abandoning module FacialAnimation (272)
[2018.10.22-20.21.23:221][547]LogModuleManager: Shutting down and abandoning module DataValidation (270)
[2018.10.22-20.21.23:221][547]LogModuleManager: Shutting down and abandoning module AssetManagerEditor (268)
[2018.10.22-20.21.23:221][547]LogModuleManager: Shutting down and abandoning module LevelEditor (267)
[2018.10.22-20.21.23:221][547]LogModuleManager: Shutting down and abandoning module PixelInspectorModule (266)
[2018.10.22-20.21.23:222][547]LogModuleManager: Shutting down and abandoning module CommonMenuExtensions (264)
[2018.10.22-20.21.23:222][547]LogModuleManager: Shutting down and abandoning module MainFrame (262)
[2018.10.22-20.21.23:222][547]LogModuleManager: Shutting down and abandoning module HotReload (261)
[2018.10.22-20.21.23:222][547]LogModuleManager: Shutting down and abandoning module ContentBrowser (257)
[2018.10.22-20.21.23:223][547]LogModuleManager: Shutting down and abandoning module TreeMap (255)
[2018.10.22-20.21.23:223][547]LogModuleManager: Shutting down and abandoning module LightPropagationVolumeRuntime (252)
[2018.10.22-20.21.23:223][547]LogModuleManager: Shutting down and abandoning module AISupportModule (250)
[2018.10.22-20.21.23:223][547]LogModuleManager: Shutting down and abandoning module Paper2D (248)
[2018.10.22-20.21.23:223][547]LogModuleManager: Shutting down and abandoning module WindowsMoviePlayer (246)
[2018.10.22-20.21.23:223][547]LogModuleManager: Shutting down and abandoning module WmfMedia (244)
[2018.10.22-20.21.23:232][547]LogModuleManager: Shutting down and abandoning module Media (243)
[2018.10.22-20.21.23:238][547]LogModuleManager: Shutting down and abandoning module PacketHandler (240)
[2018.10.22-20.21.23:238][547]LogModuleManager: Shutting down and abandoning module ClothingSystemEditor (238)
[2018.10.22-20.21.23:238][547]LogModuleManager: Shutting down and abandoning module ClothingSystemRuntime (236)
[2018.10.22-20.21.23:238][547]LogModuleManager: Shutting down and abandoning module MediaAssets (234)
[2018.10.22-20.21.23:238][547]LogModuleManager: Shutting down and abandoning module Overlay (232)
[2018.10.22-20.21.23:238][547]LogModuleManager: Shutting down and abandoning module OverlayEditor (231)
[2018.10.22-20.21.23:238][547]LogModuleManager: Shutting down and abandoning module VREditor (228)
[2018.10.22-20.21.23:238][547]LogModuleManager: Shutting down and abandoning module StringTableEditor (226)
[2018.10.22-20.21.23:238][547]LogModuleManager: Shutting down and abandoning module GameplayTasksEditor (224)
[2018.10.22-20.21.23:238][547]LogModuleManager: Shutting down and abandoning module BehaviorTreeEditor (222)
[2018.10.22-20.21.23:238][547]LogModuleManager: Shutting down and abandoning module FunctionalTesting (220)
[2018.10.22-20.21.23:238][547]LogModuleManager: Shutting down and abandoning module CollisionAnalyzer (218)
[2018.10.22-20.21.23:238][547]LogModuleManager: Shutting down and abandoning module WorkspaceMenuStructure (217)
[2018.10.22-20.21.23:238][547]LogModuleManager: Shutting down and abandoning module UMG (214)
[2018.10.22-20.21.23:238][547]LogModuleManager: Shutting down and abandoning module UMGEditor (213)
[2018.10.22-20.21.23:238][547]LogModuleManager: Shutting down and abandoning module Sequencer (212)
[2018.10.22-20.21.23:238][547]LogModuleManager: Shutting down and abandoning module MessageLog (209)
[2018.10.22-20.21.23:238][547]LogModuleManager: Shutting down and abandoning module SlateReflector (204)
[2018.10.22-20.21.23:238][547]LogModuleManager: Shutting down and abandoning module Slate (202)
[2018.10.22-20.21.23:239][547]LogModuleManager: Shutting down and abandoning module EditorStyle (200)
[2018.10.22-20.21.23:241][547]LogModuleManager: Shutting down and abandoning module MRMesh (198)
[2018.10.22-20.21.23:241][547]LogModuleManager: Shutting down and abandoning module SourceCodeAccess (196)
[2018.10.22-20.21.23:241][547]LogModuleManager: Shutting down and abandoning module HeadMountedDisplay (194)
[2018.10.22-20.21.23:242][547]LogModuleManager: Shutting down and abandoning module XAudio2 (192)
[2018.10.22-20.21.23:242][547]LogModuleManager: Shutting down and abandoning module Networking (190)
[2018.10.22-20.21.23:242][547]LogModuleManager: Shutting down and abandoning module Core (188)
[2018.10.22-20.21.23:242][547]LogModuleManager: Shutting down and abandoning module LevelSequence (186)
[2018.10.22-20.21.23:242][547]LogModuleManager: Shutting down and abandoning module KismetCompiler (184)
[2018.10.22-20.21.23:242][547]LogModuleManager: Shutting down and abandoning module MeshUtilities (182)
[2018.10.22-20.21.23:242][547]LogModuleManager: Shutting down and abandoning module MeshMergeUtilities (181)
[2018.10.22-20.21.23:242][547]LogModuleManager: Shutting down and abandoning module MeshReductionInterface (180)
[2018.10.22-20.21.23:242][547]LogModuleManager: Shutting down and abandoning module SimplygonSwarm (179)
[2018.10.22-20.21.23:242][547]LogModuleManager: Shutting down and abandoning module ProxyLODMeshReduction (177)
[2018.10.22-20.21.23:242][547]LogModuleManager: Shutting down and abandoning module SimplygonMeshReduction (175)
[2018.10.22-20.21.23:242][547]LogModuleManager: Shutting down and abandoning module QuadricMeshReduction (173)
[2018.10.22-20.21.23:242][547]LogModuleManager: Shutting down and abandoning module MaterialBaking (169)
[2018.10.22-20.21.23:242][547]LogModuleManager: Shutting down and abandoning module DirectoryWatcher (165)
[2018.10.22-20.21.23:242][547]LogModuleManager: Shutting down and abandoning module DerivedDataCache (162)
[2018.10.22-20.21.23:334][547]LogDerivedDataCache: Shutdown
[2018.10.22-20.21.23:334][547]LogModuleManager: Shutting down and abandoning module XGEController (160)
[2018.10.22-20.21.23:334][547]LogModuleManager: Shutting down and abandoning module TargetPlatform (158)
[2018.10.22-20.21.23:334][547]LogModuleManager: Shutting down and abandoning module VulkanShaderFormat (157)
[2018.10.22-20.21.23:334][547]LogModuleManager: Shutting down and abandoning module ShaderFormatVectorVM (155)
[2018.10.22-20.21.23:334][547]LogModuleManager: Shutting down and abandoning module ShaderFormatOpenGL (153)
[2018.10.22-20.21.23:334][547]LogModuleManager: Shutting down and abandoning module ShaderFormatD3D (151)
[2018.10.22-20.21.23:334][547]LogModuleManager: Shutting down and abandoning module MetalShaderFormat (149)
[2018.10.22-20.21.23:334][547]LogModuleManager: Shutting down and abandoning module TextureFormatUncompressed (147)
[2018.10.22-20.21.23:334][547]LogModuleManager: Shutting down and abandoning module TextureFormatPVR (145)
[2018.10.22-20.21.23:334][547]LogModuleManager: Shutting down and abandoning module TextureFormatDXT (143)
[2018.10.22-20.21.23:334][547]LogModuleManager: Shutting down and abandoning module TextureFormatIntelISPCTexComp (141)
[2018.10.22-20.21.23:335][547]LogModuleManager: Shutting down and abandoning module TextureFormatASTC (139)
[2018.10.22-20.21.23:335][547]LogModuleManager: Shutting down and abandoning module ImageWrapper (138)
[2018.10.22-20.21.23:335][547]LogModuleManager: Shutting down and abandoning module TextureFormatAndroid (135)
[2018.10.22-20.21.23:335][547]LogModuleManager: Shutting down and abandoning module AudioFormatOpus (133)
[2018.10.22-20.21.23:335][547]LogModuleManager: Shutting down and abandoning module AudioFormatOgg (131)
[2018.10.22-20.21.23:335][547]LogModuleManager: Shutting down and abandoning module AudioFormatADPCM (129)
[2018.10.22-20.21.23:335][547]LogModuleManager: Shutting down and abandoning module LuminTargetPlatform (127)
[2018.10.22-20.21.23:335][547]LogModuleManager: Shutting down and abandoning module LinuxTargetPlatform (125)
[2018.10.22-20.21.23:335][547]LogModuleManager: Shutting down and abandoning module LinuxServerTargetPlatform (123)
[2018.10.22-20.21.23:335][547]LogModuleManager: Shutting down and abandoning module LinuxNoEditorTargetPlatform (121)
[2018.10.22-20.21.23:335][547]LogModuleManager: Shutting down and abandoning module LinuxClientTargetPlatform (119)
[2018.10.22-20.21.23:335][547]LogModuleManager: Shutting down and abandoning module TVOSTargetPlatform (117)
[2018.10.22-20.21.23:335][547]LogModuleManager: Shutting down and abandoning module Messaging (115)
[2018.10.22-20.21.23:335][547]LogModuleManager: Shutting down and abandoning module IOSTargetPlatform (113)
[2018.10.22-20.21.23:336][547]LogModuleManager: Shutting down and abandoning module HTML5TargetPlatform (111)
[2018.10.22-20.21.23:336][547]LogModuleManager: Shutting down and abandoning module AndroidTargetPlatform (109)
[2018.10.22-20.21.23:343][547]LogModuleManager: Shutting down and abandoning module WindowsTargetPlatform (107)
[2018.10.22-20.21.23:343][547]LogModuleManager: Shutting down and abandoning module WindowsServerTargetPlatform (105)
[2018.10.22-20.21.23:343][547]LogModuleManager: Shutting down and abandoning module WindowsNoEditorTargetPlatform (103)
[2018.10.22-20.21.23:343][547]LogModuleManager: Shutting down and abandoning module WindowsClientTargetPlatform (101)
[2018.10.22-20.21.23:343][547]LogModuleManager: Shutting down and abandoning module MacTargetPlatform (99)
[2018.10.22-20.21.23:343][547]LogModuleManager: Shutting down and abandoning module MacServerTargetPlatform (97)
[2018.10.22-20.21.23:343][547]LogModuleManager: Shutting down and abandoning module MacNoEditorTargetPlatform (95)
[2018.10.22-20.21.23:343][547]LogModuleManager: Shutting down and abandoning module MacClientTargetPlatform (93)
[2018.10.22-20.21.23:343][547]LogModuleManager: Shutting down and abandoning module AllDesktopTargetPlatform (91)
[2018.10.22-20.21.23:343][547]LogModuleManager: Shutting down and abandoning module InputCore (88)
[2018.10.22-20.21.23:343][547]LogModuleManager: Shutting down and abandoning module Settings (86)
[2018.10.22-20.21.23:343][547]LogModuleManager: Shutting down and abandoning module PhysXCooking (84)
[2018.10.22-20.21.23:343][547]LogModuleManager: Shutting down and abandoning module SteamVR (82)
[2018.10.22-20.21.23:343][547]LogModuleManager: Shutting down and abandoning module OculusHMD (80)
[2018.10.22-20.21.23:343][547]LogModuleManager: Shutting down and abandoning module ExampleDeviceProfileSelector (78)
[2018.10.22-20.21.23:343][547]LogModuleManager: Shutting down and abandoning module LauncherChunkInstaller (76)
[2018.10.22-20.21.23:343][547]LogModuleManager: Shutting down and abandoning module OnlineBlueprintSupport (74)
[2018.10.22-20.21.23:343][547]LogModuleManager: Shutting down and abandoning module OnlineSubsystem (70)
[2018.10.22-20.21.23:344][547]LogModuleManager: Shutting down and abandoning module XMPP (65)
[2018.10.22-20.21.23:344][547]LogModuleManager: Shutting down and abandoning module WebSockets (64)
[2018.10.22-20.21.23:361][547]LogModuleManager: Shutting down and abandoning module HTTP (61)
[2018.10.22-20.21.23:361][547]LogHttp: Display: Http module shutting down, but needs to wait on 1 outstanding Http requests:
[2018.10.22-20.21.23:361][547]LogHttp: Display: 	verb=[POST] url=[https://datarouter.ol.epicgames.com/datarouter/api/v1/public/data?SessionID=%7BB847A013-425F-6B7E-0213-CB88DF22CFE3%7D&AppID=UEEditor.Rocket.Release&AppVersion=4.20.1-4233996%2B%2B%2BUE4%2BRelease-4.20&UserID=982d83224dea9eda8e9739a8090c26ed%7C08792cf5e0cd451eb35aca10518a0cb2%7C1d36900e-61a0-4595-abb7-b51c197616b2&AppEnvironment=datacollector-binary&UploadType=eteventstream] status=Processing
[2018.10.22-20.21.23:365][547]LogModuleManager: Shutting down and abandoning module SSL (60)
[2018.10.22-20.21.23:367][547]LogModuleManager: Shutting down and abandoning module MagicLeapEmulator (56)
[2018.10.22-20.21.23:367][547]LogModuleManager: Shutting down and abandoning module MagicLeapPrivileges (54)
[2018.10.22-20.21.23:367][547]LogModuleManager: Shutting down and abandoning module MagicLeapIdentity (52)
[2018.10.22-20.21.23:367][547]LogModuleManager: Shutting down and abandoning module MagicLeapHelperVulkan (50)
[2018.10.22-20.21.23:367][547]LogModuleManager: Shutting down and abandoning module MagicLeapHelperOpenGL (48)
[2018.10.22-20.21.23:367][547]LogModuleManager: Shutting down and abandoning module MagicLeapSecureStorage (46)
[2018.10.22-20.21.23:367][547]LogModuleManager: Shutting down and abandoning module MagicLeapGestures (44)
[2018.10.22-20.21.23:367][547]LogModuleManager: Shutting down and abandoning module MagicLeapEyeTracker (42)
[2018.10.22-20.21.23:367][547]LogModuleManager: Shutting down and abandoning module MagicLeapController (40)
[2018.10.22-20.21.23:367][547]LogSlate: Slate User Destroyed.  User Index 0, Is Virtual User: 0
[2018.10.22-20.21.23:367][547]LogModuleManager: Shutting down and abandoning module MagicLeap (38)
[2018.10.22-20.21.23:367][547]LogModuleManager: Shutting down and abandoning module AnimationModifiers (36)
[2018.10.22-20.21.23:367][547]LogModuleManager: Shutting down and abandoning module PropertyEditor (35)
[2018.10.22-20.21.23:367][547]LogModuleManager: Shutting down and abandoning module AudioEditor (32)
[2018.10.22-20.21.23:367][547]LogModuleManager: Shutting down and abandoning module TextureCompressor (30)
[2018.10.22-20.21.23:368][547]LogModuleManager: Shutting down and abandoning module ShaderCore (28)
[2018.10.22-20.21.23:368][547]LogModuleManager: Shutting down and abandoning module Landscape (26)
[2018.10.22-20.21.23:368][547]LogModuleManager: Shutting down and abandoning module SlateRHIRenderer (24)
[2018.10.22-20.21.23:368][547]LogModuleManager: Shutting down and abandoning module OpenGLDrv (22)
[2018.10.22-20.21.23:368][547]LogModuleManager: Shutting down and abandoning module D3D11RHI (20)
[2018.10.22-20.21.23:368][547]LogModuleManager: Shutting down and abandoning module AnimGraphRuntime (18)
[2018.10.22-20.21.23:368][547]LogModuleManager: Shutting down and abandoning module Renderer (16)
[2018.10.22-20.21.23:368][547]LogModuleManager: Shutting down and abandoning module Engine (14)
[2018.10.22-20.21.23:368][547]LogModuleManager: Shutting down and abandoning module CoreUObject (12)
[2018.10.22-20.21.23:368][547]LogModuleManager: Shutting down and abandoning module NetworkFile (10)
[2018.10.22-20.21.23:368][547]LogModuleManager: Shutting down and abandoning module CookedIterativeFile (8)
[2018.10.22-20.21.23:368][547]LogModuleManager: Shutting down and abandoning module StreamingFile (6)
[2018.10.22-20.21.23:368][547]LogModuleManager: Shutting down and abandoning module SandboxFile (4)
[2018.10.22-20.21.23:368][547]LogModuleManager: Shutting down and abandoning module PakFile (2)
[2018.10.22-20.21.23:378][547]LogExit: Exiting.
[2018.10.22-20.21.23:391][547]Log file closed, 10/23/18 09:21:23
