"D:/Unreal/OperationSTP/UnrealStealth/Content/Slealth/AIComponents/EnemyBB.uasset" 0
"D:/Unreal/OperationSTP/UnrealStealth/Content/Slealth/AIComponents/Enemy_FindPlayerService.uasset" 1
"D:/Unreal/OperationSTP/UnrealStealth/Content/Slealth/AIComponents/EmenyBT.uasset" 2
"D:/Unreal/OperationSTP/UnrealStealth/Content/Slealth/Enemy/EnemyRig_Skeleton.uasset" 3
"D:/Unreal/OperationSTP/UnrealStealth/Content/Slealth/Animations/trial.uasset" 4
"D:/Unreal/OperationSTP/UnrealStealth/Content/Slealth/PlayerShooter/ShooterPlayerRig_Skeleton.uasset" 5
"D:/Unreal/OperationSTP/UnrealStealth/Content/Slealth/Animations/PlayerAnimation/Crouch_Walk_Fwd_Hip.uasset" 6
"D:/Unreal/OperationSTP/UnrealStealth/Content/Slealth/Animations/PlayerAnimation/Idle_Rifle_HIp.uasset" 7
"D:/Unreal/OperationSTP/UnrealStealth/Content/Slealth/Animations/PlayerAnimation/Jog_Bwd_Rifle.uasset" 8
"D:/Unreal/OperationSTP/UnrealStealth/Content/Slealth/Animations/PlayerAnimation/Jog_Fwd_Rifle.uasset" 9
"D:/Unreal/OperationSTP/UnrealStealth/Content/Slealth/Animations/PlayerAnimation/Stand_To_Prone.uasset" 10
"D:/Unreal/OperationSTP/UnrealStealth/Content/Slealth/AssaultRifle/Crosshair_Rifle_Scope.uasset" 11
"D:/Unreal/OperationSTP/UnrealStealth/Content/Slealth/Bullet/BulletTexture.uasset" 12
"D:/Unreal/OperationSTP/UnrealStealth/Content/Slealth/Bullet/Bullet_Shd.uasset" 13
"../../../Engine/Content/Functions/Engine_MaterialFunctions01/Opacity/CameraDepthFade.uasset" 14
"../../../Engine/Content/EngineMaterials/T_Default_Material_Grid_M.uasset" 15
"../../../Engine/Content/EngineMaterials/T_Default_Material_Grid_N.uasset" 16
"../../../Engine/Content/EngineMaterials/DefaultMaterial.uasset" 17
"../../../Engine/Content/BasicShapes/Sphere.uasset" 18
"D:/Unreal/OperationSTP/UnrealStealth/Content/Slealth/Blueprints/test_bullet.uasset" 19
"D:/Unreal/OperationSTP/UnrealStealth/Content/Slealth/Enemy/EnemyRig_Anim.uasset" 20
"D:/Unreal/OperationSTP/UnrealStealth/Content/StarterContent/Audio/Collapse01.uasset" 21
"D:/Unreal/OperationSTP/UnrealStealth/Content/StarterContent/Audio/Collapse02.uasset" 22
"D:/Unreal/OperationSTP/UnrealStealth/Content/StarterContent/Audio/Collapse_Cue.uasset" 23
"D:/Unreal/OperationSTP/UnrealStealth/Content/StarterContent/Audio/Explosion02.uasset" 24
"D:/Unreal/OperationSTP/UnrealStealth/Content/StarterContent/Audio/Fire01.uasset" 25
"D:/Unreal/OperationSTP/UnrealStealth/Content/StarterContent/Audio/Fire_Sparks01.uasset" 26
"D:/Unreal/OperationSTP/UnrealStealth/Content/StarterContent/Audio/Light01.uasset" 27
"D:/Unreal/OperationSTP/UnrealStealth/Content/StarterContent/Audio/Light01_Cue.uasset" 28
"D:/Unreal/OperationSTP/UnrealStealth/Content/StarterContent/Audio/Light02.uasset" 29
"D:/Unreal/OperationSTP/UnrealStealth/Content/StarterContent/Audio/Light02_Cue.uasset" 30
"D:/Unreal/OperationSTP/UnrealStealth/Content/StarterContent/Audio/Smoke01.uasset" 31
"D:/Unreal/OperationSTP/UnrealStealth/Content/StarterContent/Audio/Starter_Background_Cue.uasset" 32
"D:/Unreal/OperationSTP/UnrealStealth/Content/StarterContent/Audio/Starter_Birds01.uasset" 33
"D:/Unreal/OperationSTP/UnrealStealth/Content/StarterContent/Audio/Starter_Music01.uasset" 34
"D:/Unreal/OperationSTP/UnrealStealth/Content/StarterContent/Audio/Starter_Music_Cue.uasset" 35
"D:/Unreal/OperationSTP/UnrealStealth/Content/StarterContent/Audio/Starter_Wind05.uasset" 36
"D:/Unreal/OperationSTP/UnrealStealth/Content/StarterContent/Audio/Starter_Wind06.uasset" 37
"D:/Unreal/OperationSTP/UnrealStealth/Content/StarterContent/Audio/Steam01.uasset" 38
"D:/Unreal/OperationSTP/UnrealStealth/Content/StarterContent/Textures/T_Lamp_M.uasset" 39
"D:/Unreal/OperationSTP/UnrealStealth/Content/StarterContent/Textures/T_Lamp_N.uasset" 40
"D:/Unreal/OperationSTP/UnrealStealth/Content/StarterContent/Props/Materials/M_Lamp.uasset" 41
"D:/Unreal/OperationSTP/UnrealStealth/Content/StarterContent/Props/SM_Lamp_Ceiling.uasset" 42
"D:/Unreal/OperationSTP/UnrealStealth/Content/StarterContent/Blueprints/Blueprint_CeilingLight.uasset" 43
"D:/Unreal/OperationSTP/UnrealStealth/Content/StarterContent/Audio/Explosion_Cue.uasset" 44
"D:/Unreal/OperationSTP/UnrealStealth/Content/StarterContent/Textures/T_Burst_M.uasset" 45
"D:/Unreal/OperationSTP/UnrealStealth/Content/StarterContent/Particles/Materials/M_Burst.uasset" 46
"D:/Unreal/OperationSTP/UnrealStealth/Content/StarterContent/Textures/T_Explosion_SubUV.uasset" 47
"D:/Unreal/OperationSTP/UnrealStealth/Content/StarterContent/Particles/Materials/M_explosion_subUV.uasset" 48
"D:/Unreal/OperationSTP/UnrealStealth/Content/StarterContent/Particles/Materials/m_flare_01.uasset" 49
"../../../Engine/Content/Functions/Engine_MaterialFunctions01/Gradient/RadialGradient.uasset" 50
"D:/Unreal/OperationSTP/UnrealStealth/Content/StarterContent/Particles/Materials/M_radial_ramp.uasset" 51
"D:/Unreal/OperationSTP/UnrealStealth/Content/StarterContent/Textures/T_Smoke_SubUV.uasset" 52
"D:/Unreal/OperationSTP/UnrealStealth/Content/StarterContent/Textures/T_Smoke_Tiled_D.uasset" 53
"D:/Unreal/OperationSTP/UnrealStealth/Content/StarterContent/Particles/Materials/M_smoke_subUV.uasset" 54
"D:/Unreal/OperationSTP/UnrealStealth/Content/StarterContent/Particles/P_Explosion.uasset" 55
"D:/Unreal/OperationSTP/UnrealStealth/Content/StarterContent/Blueprints/Blueprint_Effect_Explosion.uasset" 56
"D:/Unreal/OperationSTP/UnrealStealth/Content/StarterContent/Audio/Fire01_Cue.uasset" 57
"D:/Unreal/OperationSTP/UnrealStealth/Content/StarterContent/Textures/T_Fire_SubUV.uasset" 58
"D:/Unreal/OperationSTP/UnrealStealth/Content/StarterContent/Textures/T_Fire_Tiled_D.uasset" 59
"D:/Unreal/OperationSTP/UnrealStealth/Content/StarterContent/Particles/Materials/M_Fire_SubUV.uasset" 60
"D:/Unreal/OperationSTP/UnrealStealth/Content/StarterContent/Textures/T_Water_N.uasset" 61
"D:/Unreal/OperationSTP/UnrealStealth/Content/StarterContent/Particles/Materials/M_Heat_Distortion.uasset" 62
"D:/Unreal/OperationSTP/UnrealStealth/Content/StarterContent/Particles/Materials/M_Radial_Gradient.uasset" 63
"D:/Unreal/OperationSTP/UnrealStealth/Content/StarterContent/Particles/P_Fire.uasset" 64
"D:/Unreal/OperationSTP/UnrealStealth/Content/StarterContent/Blueprints/Blueprint_Effect_Fire.uasset" 65
"D:/Unreal/OperationSTP/UnrealStealth/Content/StarterContent/Audio/Smoke01_Cue.uasset" 66
"D:/Unreal/OperationSTP/UnrealStealth/Content/StarterContent/Particles/P_Smoke.uasset" 67
"D:/Unreal/OperationSTP/UnrealStealth/Content/StarterContent/Blueprints/Blueprint_Effect_Smoke.uasset" 68
"D:/Unreal/OperationSTP/UnrealStealth/Content/StarterContent/Audio/Fire_Sparks01_Cue.uasset" 69
"D:/Unreal/OperationSTP/UnrealStealth/Content/StarterContent/Textures/T_Spark_Core.uasset" 70
"D:/Unreal/OperationSTP/UnrealStealth/Content/StarterContent/Particles/Materials/M_Spark.uasset" 71
"D:/Unreal/OperationSTP/UnrealStealth/Content/StarterContent/Particles/P_Sparks.uasset" 72
"D:/Unreal/OperationSTP/UnrealStealth/Content/StarterContent/Blueprints/Blueprint_Effect_Sparks.uasset" 73
"D:/Unreal/OperationSTP/UnrealStealth/Content/StarterContent/Audio/Steam01_Cue.uasset" 74
"D:/Unreal/OperationSTP/UnrealStealth/Content/StarterContent/Particles/P_Steam_Lit.uasset" 75
"D:/Unreal/OperationSTP/UnrealStealth/Content/StarterContent/Blueprints/Blueprint_Effect_Steam.uasset" 76
"D:/Unreal/OperationSTP/UnrealStealth/Content/StarterContent/Props/SM_Lamp_Wall.uasset" 77
"D:/Unreal/OperationSTP/UnrealStealth/Content/StarterContent/Blueprints/Blueprint_WallSconce.uasset" 78
"D:/Unreal/OperationSTP/UnrealStealth/Content/StarterContent/Blueprints/Assets/FogBrightnessLUT.uasset" 79
"D:/Unreal/OperationSTP/UnrealStealth/Content/StarterContent/Blueprints/Assets/SunlightColorLUT.uasset" 80
"D:/Unreal/OperationSTP/UnrealStealth/Content/StarterContent/Blueprints/Assets/M_LightStage_Arrows.uasset" 81
"../../../Engine/Content/MapTemplates/Sky/DaylightAmbientCubemap.uasset" 82
"D:/Unreal/OperationSTP/UnrealStealth/Content/StarterContent/Blueprints/Assets/M_LightStage_Skybox_Master.uasset" 83
"D:/Unreal/OperationSTP/UnrealStealth/Content/StarterContent/Blueprints/Assets/M_LightStage_Skybox_Black.uasset" 84
"D:/Unreal/OperationSTP/UnrealStealth/Content/StarterContent/Blueprints/Assets/M_LightStage_Skybox_HDRI.uasset" 85
"../../../Engine/Content/EditorMaterials/Thumbnails/SkySphereMaterial.uasset" 86
"D:/Unreal/OperationSTP/UnrealStealth/Content/StarterContent/Blueprints/Assets/Skybox.uasset" 87
"../../../Engine/Content/EngineMaterials/WorldGridMaterial.uasset" 88
"D:/Unreal/OperationSTP/UnrealStealth/Content/StarterContent/Blueprints/Assets/SM_Arrows.uasset" 89
"D:/Unreal/OperationSTP/UnrealStealth/Content/StarterContent/HDRI/HDRI_Epic_Courtyard_Daylight.uasset" 90
"D:/Unreal/OperationSTP/UnrealStealth/Content/StarterContent/Blueprints/BP_LightStudio.uasset" 91
"D:/Unreal/OperationSTP/UnrealStealth/Content/StarterContent/Materials/M_AssetPlatform.uasset" 92
"D:/Unreal/OperationSTP/UnrealStealth/Content/StarterContent/Textures/T_Brick_Clay_Beveled_D.uasset" 93
"D:/Unreal/OperationSTP/UnrealStealth/Content/StarterContent/Textures/T_Brick_Clay_Beveled_M.uasset" 94
"D:/Unreal/OperationSTP/UnrealStealth/Content/StarterContent/Textures/T_Brick_Clay_Beveled_N.uasset" 95
"D:/Unreal/OperationSTP/UnrealStealth/Content/StarterContent/Textures/T_MacroVariation.uasset" 96
"D:/Unreal/OperationSTP/UnrealStealth/Content/StarterContent/Materials/M_Brick_Clay_Beveled.uasset" 97
"D:/Unreal/OperationSTP/UnrealStealth/Content/StarterContent/Textures/T_Brick_Clay_New_D.uasset" 98
"D:/Unreal/OperationSTP/UnrealStealth/Content/StarterContent/Textures/T_Brick_Clay_New_M.uasset" 99
"D:/Unreal/OperationSTP/UnrealStealth/Content/StarterContent/Textures/T_Brick_Clay_New_N.uasset" 100
"D:/Unreal/OperationSTP/UnrealStealth/Content/StarterContent/Textures/T_Detail_Rocky_N.uasset" 101
"D:/Unreal/OperationSTP/UnrealStealth/Content/StarterContent/Materials/M_Brick_Clay_New.uasset" 102
"D:/Unreal/OperationSTP/UnrealStealth/Content/StarterContent/Textures/T_Brick_Clay_Old_D.uasset" 103
"D:/Unreal/OperationSTP/UnrealStealth/Content/StarterContent/Textures/T_Brick_Clay_Old_N.uasset" 104
"D:/Unreal/OperationSTP/UnrealStealth/Content/StarterContent/Textures/T_Perlin_Noise_M.uasset" 105
"D:/Unreal/OperationSTP/UnrealStealth/Content/StarterContent/Materials/M_Brick_Clay_Old.uasset" 106
"D:/Unreal/OperationSTP/UnrealStealth/Content/StarterContent/Textures/T_Brick_Cut_Stone_D.uasset" 107
"D:/Unreal/OperationSTP/UnrealStealth/Content/StarterContent/Textures/T_Brick_Cut_Stone_N.uasset" 108
"D:/Unreal/OperationSTP/UnrealStealth/Content/StarterContent/Materials/M_Brick_Cut_Stone.uasset" 109
"D:/Unreal/OperationSTP/UnrealStealth/Content/StarterContent/Textures/T_Brick_Hewn_Stone_D.uasset" 110
"D:/Unreal/OperationSTP/UnrealStealth/Content/StarterContent/Textures/T_Brick_Hewn_Stone_M.uasset" 111
"D:/Unreal/OperationSTP/UnrealStealth/Content/StarterContent/Textures/T_Brick_Hewn_Stone_N.uasset" 112
"D:/Unreal/OperationSTP/UnrealStealth/Content/StarterContent/Materials/M_Brick_Hewn_Stone.uasset" 113
"D:/Unreal/OperationSTP/UnrealStealth/Content/StarterContent/Textures/T_Ceramic_Tile_M.uasset" 114
"D:/Unreal/OperationSTP/UnrealStealth/Content/StarterContent/Textures/T_Ceramic_Tile_N.uasset" 115
"D:/Unreal/OperationSTP/UnrealStealth/Content/StarterContent/Textures/T_Rock_Marble_Polished_D.uasset" 116
"D:/Unreal/OperationSTP/UnrealStealth/Content/StarterContent/Materials/M_Ceramic_Tile_Checker.uasset" 117
"D:/Unreal/OperationSTP/UnrealStealth/Content/StarterContent/Textures/T_CobbleStone_Pebble_D.uasset" 118
"D:/Unreal/OperationSTP/UnrealStealth/Content/StarterContent/Textures/T_CobbleStone_Pebble_M.uasset" 119
"D:/Unreal/OperationSTP/UnrealStealth/Content/StarterContent/Textures/T_CobbleStone_Pebble_N.uasset" 120
"D:/Unreal/OperationSTP/UnrealStealth/Content/StarterContent/Materials/M_CobbleStone_Pebble.uasset" 121
"D:/Unreal/OperationSTP/UnrealStealth/Content/StarterContent/Textures/T_CobbleStone_Rough_D.uasset" 122
"D:/Unreal/OperationSTP/UnrealStealth/Content/StarterContent/Textures/T_CobbleStone_Rough_N.uasset" 123
"D:/Unreal/OperationSTP/UnrealStealth/Content/StarterContent/Textures/T_Gradinet_01.uasset" 124
"D:/Unreal/OperationSTP/UnrealStealth/Content/StarterContent/Textures/T_Rock_Smooth_Granite_D.uasset" 125
"D:/Unreal/OperationSTP/UnrealStealth/Content/StarterContent/Materials/M_CobbleStone_Rough.uasset" 126
"D:/Unreal/OperationSTP/UnrealStealth/Content/StarterContent/Textures/T_CobbleStone_Smooth_D.uasset" 127
"D:/Unreal/OperationSTP/UnrealStealth/Content/StarterContent/Textures/T_CobbleStone_Smooth_M.uasset" 128
"D:/Unreal/OperationSTP/UnrealStealth/Content/StarterContent/Textures/T_CobbleStone_Smooth_N.uasset" 129
"D:/Unreal/OperationSTP/UnrealStealth/Content/StarterContent/Materials/M_CobbleStone_Smooth.uasset" 130
"../../../Engine/Content/EditorMeshes/ColorCalibrator/T_ColorGrid.uasset" 131
"D:/Unreal/OperationSTP/UnrealStealth/Content/StarterContent/Materials/M_ColorGrid_LowSpec.uasset" 132
"D:/Unreal/OperationSTP/UnrealStealth/Content/StarterContent/Textures/T_Concrete_Grime_D.uasset" 133
"D:/Unreal/OperationSTP/UnrealStealth/Content/StarterContent/Textures/T_Metal_Rust_N.uasset" 134
"D:/Unreal/OperationSTP/UnrealStealth/Content/StarterContent/Materials/M_Concrete_Grime.uasset" 135
"D:/Unreal/OperationSTP/UnrealStealth/Content/StarterContent/Textures/T_Concrete_Panels_D.uasset" 136
"D:/Unreal/OperationSTP/UnrealStealth/Content/StarterContent/Textures/T_Concrete_Panels_N.uasset" 137
"D:/Unreal/OperationSTP/UnrealStealth/Content/StarterContent/Materials/M_Concrete_Panels.uasset" 138
"D:/Unreal/OperationSTP/UnrealStealth/Content/StarterContent/Textures/T_Concrete_Poured_D.uasset" 139
"D:/Unreal/OperationSTP/UnrealStealth/Content/StarterContent/Textures/T_Concrete_Poured_N.uasset" 140
"D:/Unreal/OperationSTP/UnrealStealth/Content/StarterContent/Materials/M_Concrete_Poured.uasset" 141
"D:/Unreal/OperationSTP/UnrealStealth/Content/StarterContent/Textures/T_Concrete_Tiles_D.uasset" 142
"D:/Unreal/OperationSTP/UnrealStealth/Content/StarterContent/Textures/T_Concrete_Tiles_M.uasset" 143
"D:/Unreal/OperationSTP/UnrealStealth/Content/StarterContent/Textures/T_Concrete_Tiles_N.uasset" 144
"D:/Unreal/OperationSTP/UnrealStealth/Content/StarterContent/Textures/T_Concrete_Tiles_Variation_M.uasset" 145
"D:/Unreal/OperationSTP/UnrealStealth/Content/StarterContent/Materials/M_Concrete_Tiles.uasset" 146
"D:/Unreal/OperationSTP/UnrealStealth/Content/StarterContent/Textures/T_Ground_Grass_D.uasset" 147
"D:/Unreal/OperationSTP/UnrealStealth/Content/StarterContent/Textures/T_Ground_Grass_N.uasset" 148
"D:/Unreal/OperationSTP/UnrealStealth/Content/StarterContent/Materials/M_Ground_Grass.uasset" 149
"D:/Unreal/OperationSTP/UnrealStealth/Content/StarterContent/Textures/T_Ground_Gravel_D.uasset" 150
"D:/Unreal/OperationSTP/UnrealStealth/Content/StarterContent/Textures/T_Ground_Gravel_N.uasset" 151
"D:/Unreal/OperationSTP/UnrealStealth/Content/StarterContent/Materials/M_Ground_Gravel.uasset" 152
"D:/Unreal/OperationSTP/UnrealStealth/Content/StarterContent/Textures/T_ground_Moss_D.uasset" 153
"D:/Unreal/OperationSTP/UnrealStealth/Content/StarterContent/Textures/T_Ground_Moss_N.uasset" 154
"D:/Unreal/OperationSTP/UnrealStealth/Content/StarterContent/Materials/M_Ground_Moss.uasset" 155
"D:/Unreal/OperationSTP/UnrealStealth/Content/StarterContent/Materials/M_Metal_Brushed_Nickel.uasset" 156
"D:/Unreal/OperationSTP/UnrealStealth/Content/StarterContent/Textures/T_Metal_Aluminum_D.uasset" 157
"D:/Unreal/OperationSTP/UnrealStealth/Content/StarterContent/Textures/T_Metal_Gold_N.uasset" 158
"D:/Unreal/OperationSTP/UnrealStealth/Content/StarterContent/Materials/M_Metal_Burnished_Steel.uasset" 159
"D:/Unreal/OperationSTP/UnrealStealth/Content/StarterContent/Materials/M_Metal_Chrome.uasset" 160
"D:/Unreal/OperationSTP/UnrealStealth/Content/StarterContent/Textures/T_Metal_Copper_D.uasset" 161
"D:/Unreal/OperationSTP/UnrealStealth/Content/StarterContent/Materials/M_Metal_Copper.uasset" 162
"D:/Unreal/OperationSTP/UnrealStealth/Content/StarterContent/Textures/T_Metal_Gold_D.uasset" 163
"D:/Unreal/OperationSTP/UnrealStealth/Content/StarterContent/Materials/M_Metal_Gold.uasset" 164
"../../../Engine/Content/Functions/Engine_MaterialFunctions02/Utility/BlendAngleCorrectedNormals.uasset" 165
"D:/Unreal/OperationSTP/UnrealStealth/Content/StarterContent/Textures/T_Metal_Rust_D.uasset" 166
"D:/Unreal/OperationSTP/UnrealStealth/Content/StarterContent/Materials/M_Metal_Rust.uasset" 167
"D:/Unreal/OperationSTP/UnrealStealth/Content/StarterContent/Textures/T_Metal_Steel_D.uasset" 168
"D:/Unreal/OperationSTP/UnrealStealth/Content/StarterContent/Textures/T_Metal_Steel_N.uasset" 169
"D:/Unreal/OperationSTP/UnrealStealth/Content/StarterContent/Materials/M_Metal_Steel.uasset" 170
"D:/Unreal/OperationSTP/UnrealStealth/Content/StarterContent/Textures/T_Rock_Basalt_D.uasset" 171
"D:/Unreal/OperationSTP/UnrealStealth/Content/StarterContent/Textures/T_Rock_Basalt_N.uasset" 172
"D:/Unreal/OperationSTP/UnrealStealth/Content/StarterContent/Materials/M_Rock_Basalt.uasset" 173
"D:/Unreal/OperationSTP/UnrealStealth/Content/StarterContent/Materials/M_Rock_Marble_Polished.uasset" 174
"D:/Unreal/OperationSTP/UnrealStealth/Content/StarterContent/Textures/T_Rock_Sandstone_D.uasset" 175
"D:/Unreal/OperationSTP/UnrealStealth/Content/StarterContent/Textures/T_Rock_Sandstone_N.uasset" 176
"D:/Unreal/OperationSTP/UnrealStealth/Content/StarterContent/Materials/M_Rock_Sandstone.uasset" 177
"D:/Unreal/OperationSTP/UnrealStealth/Content/StarterContent/Textures/T_Rock_Slate_D.uasset" 178
"D:/Unreal/OperationSTP/UnrealStealth/Content/StarterContent/Textures/T_Rock_Slate_N.uasset" 179
"D:/Unreal/OperationSTP/UnrealStealth/Content/StarterContent/Materials/M_Rock_Slate.uasset" 180
"D:/Unreal/OperationSTP/UnrealStealth/Content/StarterContent/Textures/T_Checker_Noise_M.uasset" 181
"D:/Unreal/OperationSTP/UnrealStealth/Content/StarterContent/Textures/T_Single_Tile_N.uasset" 182
"D:/Unreal/OperationSTP/UnrealStealth/Content/StarterContent/Textures/T_Tech_Dot_M.uasset" 183
"D:/Unreal/OperationSTP/UnrealStealth/Content/StarterContent/Textures/T_Tech_Dot_N.uasset" 184
"D:/Unreal/OperationSTP/UnrealStealth/Content/StarterContent/Materials/M_Tech_Checker_Dot.uasset" 185
"D:/Unreal/OperationSTP/UnrealStealth/Content/StarterContent/Textures/T_Tech_Hex_Tile_M.uasset" 186
"D:/Unreal/OperationSTP/UnrealStealth/Content/StarterContent/Textures/T_Tech_Hex_Tile_N.uasset" 187
"D:/Unreal/OperationSTP/UnrealStealth/Content/StarterContent/Materials/M_Tech_Hex_Tile.uasset" 188
"D:/Unreal/OperationSTP/UnrealStealth/Content/StarterContent/Materials/M_Tech_Hex_Tile_Pulse.uasset" 189
"D:/Unreal/OperationSTP/UnrealStealth/Content/StarterContent/Textures/T_Tech_Panel_M.uasset" 190
"D:/Unreal/OperationSTP/UnrealStealth/Content/StarterContent/Textures/T_Tech_Panel_N.uasset" 191
"D:/Unreal/OperationSTP/UnrealStealth/Content/StarterContent/Materials/M_Tech_Panel.uasset" 192
"D:/Unreal/OperationSTP/UnrealStealth/Content/StarterContent/Materials/M_Water_Lake.uasset" 193
"D:/Unreal/OperationSTP/UnrealStealth/Content/StarterContent/Textures/T_Water_M.uasset" 194
"D:/Unreal/OperationSTP/UnrealStealth/Content/StarterContent/Materials/M_Water_Ocean.uasset" 195
"D:/Unreal/OperationSTP/UnrealStealth/Content/StarterContent/Textures/T_Wood_Floor_Walnut_D.uasset" 196
"D:/Unreal/OperationSTP/UnrealStealth/Content/StarterContent/Textures/T_Wood_Floor_Walnut_M.uasset" 197
"D:/Unreal/OperationSTP/UnrealStealth/Content/StarterContent/Textures/T_Wood_Floor_Walnut_N.uasset" 198
"D:/Unreal/OperationSTP/UnrealStealth/Content/StarterContent/Materials/M_Wood_Floor_Walnut_Polished.uasset" 199
"../../../Engine/Content/Functions/Engine_MaterialFunctions01/Opacity/AlphaOffset.uasset" 200
"D:/Unreal/OperationSTP/UnrealStealth/Content/StarterContent/Materials/M_Wood_Floor_Walnut_Worn.uasset" 201
"D:/Unreal/OperationSTP/UnrealStealth/Content/StarterContent/Textures/T_Wood_Oak_D.uasset" 202
"D:/Unreal/OperationSTP/UnrealStealth/Content/StarterContent/Textures/T_Wood_Oak_N.uasset" 203
"D:/Unreal/OperationSTP/UnrealStealth/Content/StarterContent/Materials/M_Wood_Oak.uasset" 204
"D:/Unreal/OperationSTP/UnrealStealth/Content/StarterContent/Textures/T_Wood_Pine_D.uasset" 205
"D:/Unreal/OperationSTP/UnrealStealth/Content/StarterContent/Textures/T_Wood_Pine_N.uasset" 206
"D:/Unreal/OperationSTP/UnrealStealth/Content/StarterContent/Materials/M_Wood_Pine.uasset" 207
"D:/Unreal/OperationSTP/UnrealStealth/Content/StarterContent/Textures/T_Wood_Walnut_D.uasset" 208
"D:/Unreal/OperationSTP/UnrealStealth/Content/StarterContent/Textures/T_Wood_Walnut_N.uasset" 209
"D:/Unreal/OperationSTP/UnrealStealth/Content/StarterContent/Materials/M_Wood_Walnut.uasset" 210
"D:/Unreal/OperationSTP/UnrealStealth/Content/StarterContent/Textures/T_Dust_Particle_D.uasset" 211
"D:/Unreal/OperationSTP/UnrealStealth/Content/StarterContent/Particles/Materials/M_Dust_Particle.uasset" 212
"D:/Unreal/OperationSTP/UnrealStealth/Content/StarterContent/Particles/P_Ambient_Dust.uasset" 213
"D:/Unreal/OperationSTP/UnrealStealth/Content/StarterContent/Props/MaterialSphere.uasset" 214
"D:/Unreal/OperationSTP/UnrealStealth/Content/StarterContent/Textures/T_Bush_D.uasset" 215
"D:/Unreal/OperationSTP/UnrealStealth/Content/StarterContent/Textures/T_Bush_N.uasset" 216
"D:/Unreal/OperationSTP/UnrealStealth/Content/StarterContent/Props/Materials/M_Bush.uasset" 217
"D:/Unreal/OperationSTP/UnrealStealth/Content/StarterContent/Props/SM_Bush.uasset" 218
"D:/Unreal/OperationSTP/UnrealStealth/Content/StarterContent/Textures/T_Chair_M.uasset" 219
"D:/Unreal/OperationSTP/UnrealStealth/Content/StarterContent/Textures/T_Chair_N.uasset" 220
"D:/Unreal/OperationSTP/UnrealStealth/Content/StarterContent/Props/Materials/M_Chair.uasset" 221
"D:/Unreal/OperationSTP/UnrealStealth/Content/StarterContent/Props/SM_Chair.uasset" 222
"D:/Unreal/OperationSTP/UnrealStealth/Content/StarterContent/Textures/T_Frame_M.uasset" 223
"D:/Unreal/OperationSTP/UnrealStealth/Content/StarterContent/Textures/T_Frame_N.uasset" 224
"D:/Unreal/OperationSTP/UnrealStealth/Content/StarterContent/Props/Materials/M_Frame.uasset" 225
"D:/Unreal/OperationSTP/UnrealStealth/Content/StarterContent/Props/SM_CornerFrame.uasset" 226
"D:/Unreal/OperationSTP/UnrealStealth/Content/StarterContent/Props/SM_Couch.uasset" 227
"D:/Unreal/OperationSTP/UnrealStealth/Content/StarterContent/Materials/M_Glass.uasset" 228
"D:/Unreal/OperationSTP/UnrealStealth/Content/StarterContent/Textures/T_Door_M.uasset" 229
"D:/Unreal/OperationSTP/UnrealStealth/Content/StarterContent/Textures/T_Door_N.uasset" 230
"D:/Unreal/OperationSTP/UnrealStealth/Content/StarterContent/Props/Materials/M_Door.uasset" 231
"D:/Unreal/OperationSTP/UnrealStealth/Content/StarterContent/Props/SM_Door.uasset" 232
"D:/Unreal/OperationSTP/UnrealStealth/Content/StarterContent/Props/SM_DoorFrame.uasset" 233
"D:/Unreal/OperationSTP/UnrealStealth/Content/StarterContent/Props/SM_GlassWindow.uasset" 234
"D:/Unreal/OperationSTP/UnrealStealth/Content/StarterContent/Props/Materials/M_MaterialSphere.uasset" 235
"D:/Unreal/OperationSTP/UnrealStealth/Content/StarterContent/Props/Materials/M_MaterialSphere_Plain.uasset" 236
"D:/Unreal/OperationSTP/UnrealStealth/Content/StarterContent/Props/SM_MatPreviewMesh_02.uasset" 237
"D:/Unreal/OperationSTP/UnrealStealth/Content/StarterContent/Props/SM_PillarFrame.uasset" 238
"D:/Unreal/OperationSTP/UnrealStealth/Content/StarterContent/Props/SM_PillarFrame300.uasset" 239
"D:/Unreal/OperationSTP/UnrealStealth/Content/StarterContent/Textures/T_RockMesh_M.uasset" 240
"D:/Unreal/OperationSTP/UnrealStealth/Content/StarterContent/Textures/T_RockMesh_N.uasset" 241
"D:/Unreal/OperationSTP/UnrealStealth/Content/StarterContent/Props/Materials/M_Rock.uasset" 242
"D:/Unreal/OperationSTP/UnrealStealth/Content/StarterContent/Props/SM_Rock.uasset" 243
"D:/Unreal/OperationSTP/UnrealStealth/Content/StarterContent/Textures/T_Shelf_M.uasset" 244
"D:/Unreal/OperationSTP/UnrealStealth/Content/StarterContent/Textures/T_Shelf_N.uasset" 245
"D:/Unreal/OperationSTP/UnrealStealth/Content/StarterContent/Props/Materials/M_Shelf.uasset" 246
"D:/Unreal/OperationSTP/UnrealStealth/Content/StarterContent/Props/SM_Shelf.uasset" 247
"D:/Unreal/OperationSTP/UnrealStealth/Content/StarterContent/Materials/M_Basic_Floor.uasset" 248
"D:/Unreal/OperationSTP/UnrealStealth/Content/StarterContent/Materials/M_Basic_Wall.uasset" 249
"D:/Unreal/OperationSTP/UnrealStealth/Content/StarterContent/Props/SM_Stairs.uasset" 250
"D:/Unreal/OperationSTP/UnrealStealth/Content/StarterContent/Textures/T_Statue_M.uasset" 251
"D:/Unreal/OperationSTP/UnrealStealth/Content/StarterContent/Textures/T_Statue_N.uasset" 252
"D:/Unreal/OperationSTP/UnrealStealth/Content/StarterContent/Props/Materials/M_Statue.uasset" 253
"D:/Unreal/OperationSTP/UnrealStealth/Content/StarterContent/Props/Materials/M_StatueGlass.uasset" 254
"D:/Unreal/OperationSTP/UnrealStealth/Content/StarterContent/Props/SM_Statue.uasset" 255
"D:/Unreal/OperationSTP/UnrealStealth/Content/StarterContent/Textures/T_TableRound_M.uasset" 256
"D:/Unreal/OperationSTP/UnrealStealth/Content/StarterContent/Textures/T_TableRound_N.uasset" 257
"D:/Unreal/OperationSTP/UnrealStealth/Content/StarterContent/Props/Materials/M_TableRound.uasset" 258
"D:/Unreal/OperationSTP/UnrealStealth/Content/StarterContent/Props/SM_TableRound.uasset" 259
"D:/Unreal/OperationSTP/UnrealStealth/Content/StarterContent/Props/SM_WindowFrame.uasset" 260
"D:/Unreal/OperationSTP/UnrealStealth/Content/StarterContent/Shapes/Shape_Cone.uasset" 261
"D:/Unreal/OperationSTP/UnrealStealth/Content/StarterContent/Shapes/Shape_Cube.uasset" 262
"D:/Unreal/OperationSTP/UnrealStealth/Content/StarterContent/Shapes/Shape_Cylinder.uasset" 263
"D:/Unreal/OperationSTP/UnrealStealth/Content/StarterContent/Shapes/Shape_NarrowCapsule.uasset" 264
"D:/Unreal/OperationSTP/UnrealStealth/Content/StarterContent/Shapes/Shape_Pipe.uasset" 265
"D:/Unreal/OperationSTP/UnrealStealth/Content/StarterContent/Shapes/Shape_Pipe_180.uasset" 266
"D:/Unreal/OperationSTP/UnrealStealth/Content/StarterContent/Shapes/Shape_Pipe_90.uasset" 267
"D:/Unreal/OperationSTP/UnrealStealth/Content/StarterContent/Shapes/Shape_Plane.uasset" 268
"D:/Unreal/OperationSTP/UnrealStealth/Content/StarterContent/Shapes/Shape_QuadPyramid.uasset" 269
"D:/Unreal/OperationSTP/UnrealStealth/Content/StarterContent/Shapes/Shape_Sphere.uasset" 270
"D:/Unreal/OperationSTP/UnrealStealth/Content/StarterContent/Shapes/Shape_Torus.uasset" 271
"D:/Unreal/OperationSTP/UnrealStealth/Content/StarterContent/Shapes/Shape_Trim.uasset" 272
"D:/Unreal/OperationSTP/UnrealStealth/Content/StarterContent/Shapes/Shape_Trim_90_In.uasset" 273
"D:/Unreal/OperationSTP/UnrealStealth/Content/StarterContent/Shapes/Shape_Trim_90_Out.uasset" 274
"D:/Unreal/OperationSTP/UnrealStealth/Content/StarterContent/Shapes/Shape_TriPyramid.uasset" 275
"D:/Unreal/OperationSTP/UnrealStealth/Content/StarterContent/Shapes/Shape_Tube.uasset" 276
"D:/Unreal/OperationSTP/UnrealStealth/Content/StarterContent/Shapes/Shape_Wedge_A.uasset" 277
"D:/Unreal/OperationSTP/UnrealStealth/Content/StarterContent/Shapes/Shape_Wedge_B.uasset" 278
"D:/Unreal/OperationSTP/UnrealStealth/Content/StarterContent/Shapes/Shape_WideCapsule.uasset" 279
"../../../Engine/Content/ArtTools/RenderToTexture/Meshes/S_1_Unit_Plane.uasset" 280
"../../../Engine/Content/BasicShapes/Cone.uasset" 281
"../../../Engine/Content/BasicShapes/Cylinder.uasset" 282
"../../../Engine/Content/BasicShapes/Plane.uasset" 283
"../../../Engine/Content/EditorLandscapeResources/DataLayer.uasset" 284
"../../../Engine/Content/EditorMaterials/GizmoMaterial.uasset" 285
"../../../Engine/Content/EditorMaterials/MAT_Groups_Toggle.uasset" 286
"../../../Engine/Content/EditorMaterials/MAT_Groups_Visibility.uasset" 287
"../../../Engine/Content/EditorMaterials/PreviewShadowIndicator.uasset" 288
"../../../Engine/Content/EditorMaterials/PreviewShadowIndicatorMaterial.uasset" 289
"../../../Engine/Content/EditorMaterials/MatineeGroups/MAT_ColorTrack.uasset" 290
"../../../Engine/Content/EditorMaterials/MatineeGroups/MAT_Groups_Anim.uasset" 291
"../../../Engine/Content/EditorMaterials/MatineeGroups/MAT_Groups_AudioMaster.uasset" 292
"../../../Engine/Content/EditorMaterials/MatineeGroups/MAT_Groups_Director.uasset" 293
"../../../Engine/Content/EditorMaterials/MatineeGroups/MAT_Groups_Event.uasset" 294
"../../../Engine/Content/EditorMaterials/MatineeGroups/MAT_Groups_Fade.uasset" 295
"../../../Engine/Content/EditorMaterials/MatineeGroups/MAT_Groups_Float.uasset" 296
"../../../Engine/Content/EditorMaterials/MatineeGroups/MAT_Groups_Move.uasset" 297
"../../../Engine/Content/EditorMaterials/MatineeGroups/MAT_Groups_Slomo.uasset" 298
"../../../Engine/Content/EditorMaterials/MatineeGroups/MAT_Groups_Sound.uasset" 299
"../../../Engine/Content/EditorMaterials/MatineeGroups/MAT_Groups_Vector.uasset" 300
"../../../Engine/Content/EditorMaterials/ParticleSystems/PSysThumbnail_NoImage.uasset" 301
"../../../Engine/Content/EditorMaterials/ParticleSystems/PSysThumbnail_OOD.uasset" 302
"../../../Engine/Content/EditorMaterials/Camera/CineMat.uasset" 303
"../../../Engine/Content/EditorMaterials/Camera/MI_CineMat_Rig.uasset" 304
"../../../Engine/Content/EditorMeshes/Camera/SM_CraneRig_Arm.uasset" 305
"../../../Engine/Content/EditorMeshes/Camera/SM_CraneRig_Base.uasset" 306
"../../../Engine/Content/EditorMeshes/Camera/SM_CraneRig_Body.uasset" 307
"../../../Engine/Content/EditorMeshes/Camera/SM_CraneRig_Mount.uasset" 308
"../../../Engine/Content/EditorMeshes/Camera/SM_RailRig_Mount.uasset" 309
"../../../Engine/Content/EditorMeshes/Camera/SM_RailRig_Track.uasset" 310
"../../../Engine/Content/EditorResources/BSPVertex.uasset" 311
"../../../Engine/Content/EditorResources/EmptyActor.uasset" 312
"../../../Engine/Content/EditorResources/S_Actor.uasset" 313
"../../../Engine/Content/EditorResources/S_Trigger.uasset" 314
"../../../Engine/Content/EditorResources/LightIcons/S_LightError.uasset" 315
"../../../Engine/Content/EditorResources/SequenceRecorder/Countdown.uasset" 316
"../../../Engine/Content/EditorResources/SequenceRecorder/RecordingIndicator.uasset" 317
"../../../Engine/Content/EditorSounds/Notifications/CompileFailed.uasset" 318
"../../../Engine/Content/EditorSounds/Notifications/CompileFailed_Cue.uasset" 319
"../../../Engine/Content/EditorSounds/Notifications/CompileSuccess.uasset" 320
"../../../Engine/Content/EditorSounds/Notifications/CompileStart_Cue.uasset" 321
"../../../Engine/Content/EditorSounds/Notifications/CompileSuccess_Cue.uasset" 322
"../../../Engine/Content/EngineDamageTypes/DmgTypeBP_Environmental.uasset" 323
"../../../Engine/Content/EngineDebugMaterials/HeatmapGradient.uasset" 324
"../../../Engine/Content/EngineDebugMaterials/BoneWeightMaterial.uasset" 325
"../../../Engine/Content/EngineDebugMaterials/ClothMaterial.uasset" 326
"../../../Engine/Content/EngineDebugMaterials/ClothMaterial_WF.uasset" 327
"../../../Engine/Content/EngineDebugMaterials/DebugEditorMaterial.uasset" 328
"../../../Engine/Content/EngineDebugMaterials/DebugMeshMaterial.uasset" 329
"../../../Engine/Content/EngineDebugMaterials/GeomMaterial.uasset" 330
"../../../Engine/Content/EngineDebugMaterials/M_SimpleTranslucent.uasset" 331
"../../../Engine/Content/EngineFonts/Faces/RobotoBold.uasset" 332
"../../../Engine/Content/EngineFonts/Faces/RobotoBoldItalic.uasset" 333
"../../../Engine/Content/EngineFonts/Faces/RobotoItalic.uasset" 334
"../../../Engine/Content/EngineFonts/Faces/RobotoLight.uasset" 335
"../../../Engine/Content/EngineFonts/Faces/RobotoRegular.uasset" 336
"../../../Engine/Content/EngineFonts/Roboto.uasset" 337
"../../../Engine/Content/EngineFonts/Faces/RobotoTiny.uasset" 338
"../../../Engine/Content/EngineFonts/RobotoTiny.uasset" 339
"../../../Engine/Content/EngineMaterials/BaseFlattenDiffuseMap.uasset" 340
"../../../Engine/Content/EngineMaterials/BaseFlattenEmissiveMap.uasset" 341
"../../../Engine/Content/EngineMaterials/BaseFlattenGrayscaleMap.uasset" 342
"../../../Engine/Content/EngineMaterials/BaseFlattenNormalMap.uasset" 343
"../../../Engine/Content/EngineMaterials/BaseFlattenMaterial.uasset" 344
"../../../Engine/Content/EngineMaterials/DefaultBloomKernel.uasset" 345
"../../../Engine/Content/EngineMaterials/DefaultBokeh.uasset" 346
"../../../Engine/Content/EngineMaterials/DefaultDiffuse.uasset" 347
"../../../Engine/Content/EngineMaterials/DefaultDeferredDecalMaterial.uasset" 348
"../../../Engine/Content/EngineMaterials/DefaultLightFunctionMaterial.uasset" 349
"../../../Engine/Content/EngineMaterials/DefaultPhysicalMaterial.uasset" 350
"../../../Engine/Content/Functions/Engine_MaterialFunctions02/Utility/BreakOutFloat2Components.uasset" 351
"../../../Engine/Content/EngineMaterials/DefaultPostProcessMaterial.uasset" 352
"../../../Engine/Content/EngineFonts/RobotoDistanceField.uasset" 353
"../../../Engine/Content/EngineMaterials/DefaultTextMaterialOpaque.uasset" 354
"../../../Engine/Content/EngineMaterials/DefaultWhiteGrid.uasset" 355
"../../../Engine/Content/EngineMaterials/EditorBrushMaterial.uasset" 356
"../../../Engine/Content/EngineMaterials/Good64x64TilingNoiseHighFreq.uasset" 357
"../../../Engine/Content/EngineMaterials/MiniFont.uasset" 358
"../../../Engine/Content/EngineMaterials/InvalidLightmapSettings.uasset" 359
"../../../Engine/Content/EngineMaterials/M_InvalidLightmapSettings.uasset" 360
"../../../Engine/Content/Functions/Engine_MaterialFunctions02/WorldPositionOffset/CameraOffset.uasset" 361
"../../../Engine/Content/EngineMaterials/PhAT_JointLimitMaterial.uasset" 362
"../../../Engine/Content/EngineMaterials/PreintegratedSkinBRDF.uasset" 363
"../../../Engine/Content/EngineMaterials/RemoveSurfaceMaterial.uasset" 364
"../../../Engine/Content/EngineMaterials/WeightMapPlaceholderTexture.uasset" 365
"../../../Engine/Content/EngineResources/WhiteSquareTexture.uasset" 366
"../../../Engine/Content/EngineMaterials/Widget3DPassThrough.uasset" 367
"../../../Engine/Content/EngineMaterials/Widget3DPassThrough_Masked.uasset" 368
"../../../Engine/Content/EngineMaterials/Widget3DPassThrough_Opaque.uasset" 369
"../../../Engine/Content/EngineMaterials/Widget3DPassThrough_Masked_OneSided.uasset" 370
"../../../Engine/Content/EngineMaterials/Widget3DPassThrough_Opaque_OneSided.uasset" 371
"../../../Engine/Content/EngineMaterials/Widget3DPassThrough_Translucent.uasset" 372
"../../../Engine/Content/EngineMaterials/Widget3DPassThrough_Translucent_OneSided.uasset" 373
"../../../Engine/Content/EngineMeshes/Cylinder.uasset" 374
"../../../Engine/Content/EngineMeshes/Sphere.uasset" 375
"../../../Engine/Content/EngineResources/Black.uasset" 376
"../../../Engine/Content/EngineResources/DefaultTexture.uasset" 377
"../../../Engine/Content/EngineResources/DefaultTextureCube.uasset" 378
"../../../Engine/Content/EngineResources/DefaultVolumeTexture2D.uasset" 379
"../../../Engine/Content/EngineResources/DefaultVolumeTexture.uasset" 380
"../../../Engine/Content/EngineResources/GradientTexture0.uasset" 381
"../../../Engine/Content/EngineSounds/Master.uasset" 382
"../../../Engine/Content/Functions/Engine_MaterialFunctions01/Shading/ConvertFromDiffSpec.uasset" 383
"../../../Engine/Content/Functions/Engine_MaterialFunctions01/Shading/PowerToRoughness.uasset" 384
"../../../Engine/Content/Maps/Templates/Thumbnails/Default.uasset" 385
"../../../Engine/Content/Maps/Templates/Thumbnails/VR-Basic.uasset" 386
"../../../Engine/Content/MobileResources/T_MobileControls_texture.uasset" 387
"../../../Engine/Content/MobileResources/T_MobileMenu2.uasset" 388
"../../../Engine/Content/MobileResources/HUD/AnalogHat.uasset" 389
"../../../Engine/Content/MobileResources/HUD/VirtualJoystick_Background.uasset" 390
"../../../Engine/Content/MobileResources/HUD/VirtualJoystick_Thumb.uasset" 391
"../../../Engine/Content/MobileResources/HUD/DefaultVirtualJoysticks.uasset" 392
"../../../Engine/Content/MobileResources/HUD/LeftVirtualJoystickOnly.uasset" 393
"../../../Engine/Content/MobileResources/HUD/MobileHUDButton1_off.uasset" 394
"../../../Engine/Content/MobileResources/HUD/MobileHUDButton1_on.uasset" 395
"../../../Engine/Content/MobileResources/HUD/MobileHUDButton2_off.uasset" 396
"../../../Engine/Content/MobileResources/HUD/MobileHUDButton2_on.uasset" 397
"../../../Engine/Content/MobileResources/HUD/MobileHUDButton3.uasset" 398
"../../../Engine/Content/MobileResources/HUD/MobileHUDButtonFire.uasset" 399
"../../../Engine/Content/MobileResources/HUD/MobileHUDDirectionPad.uasset" 400
"../../../Engine/Content/MobileResources/HUD/MobileHUDDirectionPad2.uasset" 401
"../../../Engine/Content/MobileResources/HUD/MobileHUDDirectionPad3.uasset" 402
"../../../Engine/Content/MobileResources/HUD/MobileHUDDirectionStick.uasset" 403
"../../../Engine/Content/MobileResources/HUD/T_Castle_ThumbstickInner.uasset" 404
"../../../Engine/Content/MobileResources/HUD/T_Castle_ThumbstickOutter.uasset" 405
"../../../Engine/Content/Tutorial/ContentIntroCurve.uasset" 406
"../../../Engine/Content/Tutorial/Basics/TutorialAssets/icon_tab_Levels_40x.uasset" 407
"../../../Engine/Content/Tutorial/BlueprintTutorials/TutorialAssets/Blueprint_64x.uasset" 408
"../../../Engine/Content/Tutorial/Landscape/TutorialAssets/Landscape.uasset" 409
"../../../Engine/Content/Tutorial/Mobile/TutorialAssets/android_Icon.uasset" 410
"../../../Engine/Content/Tutorial/SubEditors/TutorialAssets/TutorialMaterial.uasset" 411
"../../../Engine/Content/VREditor/LaserPointer/VR_LaserPower_01.uasset" 412
"../../../Engine/Content/VREditor/TransformGizmo/TransformGizmoMaterial.uasset" 413
"../../../Engine/Content/VREditor/TransformGizmo/TranslucentTransformGizmoMaterial.uasset" 414
"../../../Engine/Content/VREditor/TransformGizmo/BoundingBoxCorner.uasset" 415
"../../../Engine/Content/VREditor/TransformGizmo/BoundingBoxEdge.uasset" 416
"../../../Engine/Content/VREditor/TransformGizmo/PlaneTranslationHandle.uasset" 417
"../../../Engine/Content/VREditor/TransformGizmo/Main.uasset" 418
"../../../Engine/Content/VREditor/TransformGizmo/Xray.uasset" 419
"../../../Engine/Content/VREditor/TransformGizmo/SM_Sequencer_Key.uasset" 420
"../../../Engine/Content/VREditor/TransformGizmo/SM_Sequencer_Node.uasset" 421
"../../Plugins/2D/Paper2D/Content/PlaceholderTextures/DummySpriteTexture.uasset" 422
"../../Plugins/2D/Paper2D/Content/DummySprite.uasset" 423
"../../Plugins/2D/Paper2D/Content/DefaultPaperTerrainMaterial.uasset" 424
"../../Plugins/2D/Paper2D/Content/DefaultSpriteMaterial.uasset" 425
"../../Plugins/2D/Paper2D/Content/MaskedUnlitSpriteMaterial.uasset" 426
"../../Plugins/2D/Paper2D/Content/OpaqueUnlitSpriteMaterial.uasset" 427
"../../Plugins/Runtime/Oculus/OculusVR/Content/Materials/PokeAHoleMaterial.uasset" 428
"../../Plugins/Runtime/Oculus/OculusVR/Content/Textures/GearVRController_AO.uasset" 429
"../../Plugins/Runtime/Oculus/OculusVR/Content/Textures/GearVRController_Color.uasset" 430
"../../Plugins/Runtime/Oculus/OculusVR/Content/Textures/GearVRController_Normal.uasset" 431
"../../Plugins/Runtime/Oculus/OculusVR/Content/Materials/GearVRControllerMaterial.uasset" 432
"../../Plugins/Runtime/Oculus/OculusVR/Content/Meshes/GearVrController.uasset" 433
"../../Plugins/Runtime/Oculus/OculusVR/Content/Textures/touchController_albedo.uasset" 434
"../../Plugins/Runtime/Oculus/OculusVR/Content/Textures/touchController_controlmap.uasset" 435
"../../Plugins/Runtime/Oculus/OculusVR/Content/Materials/touchController_mat.uasset" 436
"../../Plugins/Runtime/Oculus/OculusVR/Content/Meshes/LeftTouchController.uasset" 437
"../../Plugins/Runtime/Oculus/OculusVR/Content/Meshes/RiftHMD.uasset" 438
"../../Plugins/Runtime/Oculus/OculusVR/Content/Meshes/RightTouchController.uasset" 439
"../../../Engine/Content/EditorBlueprintResources/StandardMacros.uasset" 440
"../../../Engine/Content/EngineSky/C_Sky_Cloud_Color.uasset" 441
"../../../Engine/Content/EngineSky/C_Sky_Horizon_Color.uasset" 442
"../../../Engine/Content/EngineSky/C_Sky_Zenith_Color.uasset" 443
"../../../Engine/Content/EngineSky/T_Sky_Blue.uasset" 444
"../../../Engine/Content/EngineSky/T_Sky_Clouds_M.uasset" 445
"../../../Engine/Content/EngineSky/T_Sky_Stars.uasset" 446
"../../../Engine/Content/EngineSky/M_Sky_Panning_Clouds2.uasset" 447
"../../../Engine/Content/EngineSky/SM_SkySphere.uasset" 448
"../../../Engine/Content/EngineSky/BP_Sky_Sphere.uasset" 449
"D:/Unreal/OperationSTP/UnrealStealth/Content/Maps/TestMap_BuiltData.uasset" 450
"../../../Engine/Content/MapTemplates/SM_Template_Map_Floor.uasset" 451
"D:/Unreal/OperationSTP/UnrealStealth/Content/Maps/TestMap.umap" 452
"D:/Unreal/OperationSTP/UnrealStealth/Content/Slealth/Animations/EnemyAnimation/Fire_Rifle_Hip.uasset" 453
"D:/Unreal/OperationSTP/UnrealStealth/Content/Slealth/Animations/EnemyAnimation/Idle_Rifle_Hip.uasset" 454
"D:/Unreal/OperationSTP/UnrealStealth/Content/Slealth/Animations/EnemyAnimation/Jog_Rifle_Hip.uasset" 455
"D:/Unreal/OperationSTP/UnrealStealth/Content/Slealth/Animations/EnemyAnimation/Walk_Fwd_Rifle_Hip.uasset" 456
"D:/Unreal/OperationSTP/UnrealStealth/Content/Slealth/Animations/EnemyAnimation/Idle_Jog.uasset" 457
"D:/Unreal/OperationSTP/UnrealStealth/Content/Slealth/Blueprints/Enemy_AnimBP.uasset" 458
"D:/Unreal/OperationSTP/UnrealStealth/Content/Slealth/Animations/EnemyAnimation/Death_Hip.uasset" 459
"D:/Unreal/OperationSTP/UnrealStealth/Content/Slealth/Animations/EnemyAnimation/DeathEnemyMontage.uasset" 460
"D:/Unreal/OperationSTP/UnrealStealth/Content/Slealth/Animations/EnemyAnimation/Hit_Rifle_Hip.uasset" 461
"D:/Unreal/OperationSTP/UnrealStealth/Content/Slealth/Animations/EnemyAnimation/HitEnemyMontage.uasset" 462
"D:/Unreal/OperationSTP/UnrealStealth/Content/Slealth/AIComponents/AIState.uasset" 463
"D:/Unreal/OperationSTP/UnrealStealth/Content/Slealth/AIComponents/BB_Enemy.uasset" 464
"D:/Unreal/OperationSTP/UnrealStealth/Content/Slealth/Animations/PlayerAnimation/Fire_Crouch_Ironsights.uasset" 465
"D:/Unreal/OperationSTP/UnrealStealth/Content/Slealth/Animations/PlayerAnimation/Fire_Rifle_Ironsights.uasset" 466
"D:/Unreal/OperationSTP/UnrealStealth/Content/Slealth/Animations/PlayerAnimation/Idle_Rifle_Ironsight.uasset" 467
"D:/Unreal/OperationSTP/UnrealStealth/Content/Slealth/Animations/PlayerAnimation/Jump_From_Run_Rifle.uasset" 468
"D:/Unreal/OperationSTP/UnrealStealth/Content/Slealth/Animations/PlayerAnimation/Crouch_Idle_Ironsight.uasset" 469
"D:/Unreal/OperationSTP/UnrealStealth/Content/Slealth/Animations/PlayerAnimation/Crouch_Walk_Bwd_IronSight.uasset" 470
"D:/Unreal/OperationSTP/UnrealStealth/Content/Slealth/Animations/PlayerAnimation/Crouch_Walk_Fwd_IronSight.uasset" 471
"D:/Unreal/OperationSTP/UnrealStealth/Content/Slealth/Animations/PlayerAnimation/Crouch_Walk_Lt_IronSight.uasset" 472
"D:/Unreal/OperationSTP/UnrealStealth/Content/Slealth/Animations/PlayerAnimation/Crouch_Walk_Rt_IronSight.uasset" 473
"D:/Unreal/OperationSTP/UnrealStealth/Content/Slealth/Animations/PlayerAnimation/Idle_Crouch_BS.uasset" 474
"D:/Unreal/OperationSTP/UnrealStealth/Content/Slealth/Animations/PlayerAnimation/Walk_Bwd_Rifle_Ironsights.uasset" 475
"D:/Unreal/OperationSTP/UnrealStealth/Content/Slealth/Animations/PlayerAnimation/Walk_Fwd_Rifle_Ironsights.uasset" 476
"D:/Unreal/OperationSTP/UnrealStealth/Content/Slealth/Animations/PlayerAnimation/Walk_Lt_Rifle_Ironsights.uasset" 477
"D:/Unreal/OperationSTP/UnrealStealth/Content/Slealth/Animations/PlayerAnimation/Walk_Rt_Rifle_Ironsights.uasset" 478
"D:/Unreal/OperationSTP/UnrealStealth/Content/Slealth/Animations/PlayerAnimation/Idle_Walk_BS.uasset" 479
"D:/Unreal/OperationSTP/UnrealStealth/Content/Slealth/Blueprints/Player_AnimBP.uasset" 480
"D:/Unreal/OperationSTP/UnrealStealth/Content/Slealth/Animations/PlayerAnimation/Death_Ironsight.uasset" 481
"D:/Unreal/OperationSTP/UnrealStealth/Content/Slealth/Animations/PlayerAnimation/Death_Ironsight_Montage.uasset" 482
"D:/Unreal/OperationSTP/UnrealStealth/Content/Slealth/Animations/PlayerAnimation/Hit_Rifle_Ironsight.uasset" 483
"D:/Unreal/OperationSTP/UnrealStealth/Content/Slealth/Animations/PlayerAnimation/Hit_Ironsight_Montage.uasset" 484
"D:/Unreal/OperationSTP/UnrealStealth/Content/Slealth/Bullet/Bullet.uasset" 485
"D:/Unreal/OperationSTP/UnrealStealth/Content/Slealth/MaterialTextures/Bloodsplash.uasset" 486
"D:/Unreal/OperationSTP/UnrealStealth/Content/Slealth/MaterialTextures/BloodsplashOpacity.uasset" 487
"D:/Unreal/OperationSTP/UnrealStealth/Content/Slealth/MaterialTextures/BloodMaterial.uasset" 488
"D:/Unreal/OperationSTP/UnrealStealth/Content/Slealth/Particles/BloodParticle.uasset" 489
"D:/Unreal/OperationSTP/UnrealStealth/Content/Slealth/Particles/BulletHit2Particle.uasset" 490
"D:/Unreal/OperationSTP/UnrealStealth/Content/Slealth/Particles/BulletHitParticles.uasset" 491
"D:/Unreal/OperationSTP/UnrealStealth/Content/Slealth/Blueprints/Bullet.uasset" 492
"D:/Unreal/OperationSTP/UnrealStealth/Content/Slealth/AssaultRifle/RifleTexture.uasset" 493
"D:/Unreal/OperationSTP/UnrealStealth/Content/Slealth/AssaultRifle/RifleShd.uasset" 494
"D:/Unreal/OperationSTP/UnrealStealth/Content/Slealth/AssaultRifle/AssaultRifle.uasset" 495
"D:/Unreal/OperationSTP/UnrealStealth/Content/Slealth/AssaultRifle/scope_PNG_02.uasset" 496
"D:/Unreal/OperationSTP/UnrealStealth/Content/Slealth/Blueprints/Crosshair_Wdg.uasset" 497
"D:/Unreal/OperationSTP/UnrealStealth/Content/Slealth/Particles/GunFireParticles.uasset" 498
"D:/Unreal/OperationSTP/UnrealStealth/Content/Slealth/PlayerShooter/PlayerTexture.uasset" 499
"D:/Unreal/OperationSTP/UnrealStealth/Content/Slealth/PlayerShooter/ShooterShd.uasset" 500
"D:/Unreal/OperationSTP/UnrealStealth/Content/Slealth/PlayerShooter/ShooterPlayerRig_PhysicsAsset.uasset" 501
"D:/Unreal/OperationSTP/UnrealStealth/Content/Slealth/PlayerShooter/ShooterPlayerRig.uasset" 502
"D:/Unreal/OperationSTP/UnrealStealth/Content/StarterContent/Audio/Explosion01.uasset" 503
"D:/Unreal/OperationSTP/UnrealStealth/Content/Slealth/Blueprints/PlayerCharBP.uasset" 504
"D:/Unreal/OperationSTP/UnrealStealth/Content/Slealth/AIComponents/BTSVisionCheck.uasset" 505
"D:/Unreal/OperationSTP/UnrealStealth/Content/Slealth/AIComponents/BTT_Attack.uasset" 506
"D:/Unreal/OperationSTP/UnrealStealth/Content/Slealth/AIComponents/BTT_DestroyMemory.uasset" 507
"D:/Unreal/OperationSTP/UnrealStealth/Content/Slealth/AIComponents/BTTask_SetWalkSpeed.uasset" 508
"D:/Unreal/OperationSTP/UnrealStealth/Content/Slealth/AIComponents/BTTaskWanderToPoint.uasset" 509
"D:/Unreal/OperationSTP/UnrealStealth/Content/Slealth/AIComponents/BehaviorTree_Enemy.uasset" 510
"D:/Unreal/OperationSTP/UnrealStealth/Content/Slealth/AIComponents/AIController_Enemy.uasset" 511
"D:/Unreal/OperationSTP/UnrealStealth/Content/Slealth/Enemy/Villan.uasset" 512
"D:/Unreal/OperationSTP/UnrealStealth/Content/Slealth/Enemy/EnemyShd.uasset" 513
"D:/Unreal/OperationSTP/UnrealStealth/Content/Slealth/Enemy/EnemyRig_PhysicsAsset.uasset" 514
"D:/Unreal/OperationSTP/UnrealStealth/Content/Slealth/Enemy/EnemyRig.uasset" 515
"D:/Unreal/OperationSTP/UnrealStealth/Content/Slealth/Blueprints/EnemyCharBP.uasset" 516
"D:/Unreal/OperationSTP/UnrealStealth/Content/Slealth/Blueprints/Gun_Crosshair_HUD.uasset" 517
"D:/Unreal/OperationSTP/UnrealStealth/Content/Slealth/Blueprints/ShooterGM.uasset" 518
"../../../Engine/Content/BasicShapes/Cube.uasset" 519
"D:/Unreal/OperationSTP/UnrealStealth/Content/Maps/Training.umap" 520
"D:/Unreal/OperationSTP/UnrealStealth/Content/TestMap.umap" 521
"../../../Engine/Content/Maps/Entry_BuiltData.uasset" 522
"../../../Engine/Content/Maps/Entry.umap" 523
